2021-01-12 14:44:09,240 [main] INFO com.tc.server.TCServerMain - Terracotta 5.6.5, as of 2019-09-04 at 12:21:32 PDT (Revision 16f7e6193f56415c0d3795afaed3c2b959a534cc from UNKNOWN)
2021-01-12 14:44:09,264 [main] INFO com.tc.server.TCServerMain - PID is 24651
2021-01-12 14:44:09,268 [main] INFO com.tc.properties.TCPropertiesImpl - Loading default properties from tc.properties
2021-01-12 14:44:09,270 [main] INFO com.tc.properties.TCPropertiesImpl - The property "l2.dump.on.exception.timeout" was read before initialization completed. "l2.dump.on.exception.timeout" = 30
2021-01-12 14:44:09,274 [main] INFO com.tc.classloader.ServiceLocator - Entity/Service apis will be loaded from /Volumes/Devs/dev/limber-ehcache/server/plugins/api
2021-01-12 14:44:09,274 [main] INFO com.tc.classloader.ServiceLocator - Entity/Service implementations will be loaded from /Volumes/Devs/dev/limber-ehcache/server/plugins/lib
2021-01-12 14:44:09,342 [main] INFO com.tc.config.DefaultConfigurationProvider - Attempting to load configuration from the file at '/Volumes/Devs/dev/limber-ehcache/server/conf/tc-config.xml'...
2021-01-12 14:44:09,568 [main] INFO com.tc.config.DefaultConfigurationProvider - Successfully loaded configuration from the file at '/Volumes/Devs/dev/limber-ehcache/server/conf/tc-config.xml'
2021-01-12 14:44:09,584 [main] INFO com.tc.config.DefaultConfigurationProvider - The configuration specified by the configuration file at '/Volumes/Devs/dev/limber-ehcache/server/conf/tc-config.xml': 

<?xml version="1.0" encoding="UTF-8" standalone="yes"?>
<tc-config xmlns="http://www.terracotta.org/config">
    <plugins>
        <config>
            <ohr:offheap-resources xmlns:ohr="http://www.terracotta.org/config/offheap-resource">
                <ohr:resource name="primary-server-resource" unit="MB">128</ohr:resource>
                <ohr:resource name="secondary-server-resource" unit="MB">96</ohr:resource>
            </ohr:offheap-resources>
        </config>
    </plugins>
    <tc-properties>
        <property name="logging.maxLogFileSize" value="50"/>
    </tc-properties>
    <servers>
        <server host="192.168.1.11" name="192.168.1.11:9410" bind="0.0.0.0">
            <logs>/Volumes/Devs/dev/limber-ehcache/server/conf/logs/MBP-de-Elinam-9410</logs>
            <tsa-port bind="0.0.0.0">9410</tsa-port>
            <tsa-group-port bind="0.0.0.0">9430</tsa-group-port>
        </server>
        <client-reconnect-window>120</client-reconnect-window>
    </servers>
</tc-config>

2021-01-12 14:44:09,585 [main] INFO com.tc.properties.TCPropertiesImpl - The property "logging.maxLogFileSize" was overridden to 50 from 512 by the tc-config file
2021-01-12 14:44:09,587 [main] INFO com.tc.l2.logging.TCLogbackLogging - Log file: /Volumes/Devs/dev/limber-ehcache/server/conf/logs/MBP-de-Elinam-9410/terracotta.server.log
2021-01-12 14:44:09,594 [main] INFO com.tc.l2.logging.TCLogbackLogging - All Java System Properties for this Terracotta instance:
========================================================================
JVM arguments: [-XX:MaxDirectMemorySize=1048576g, -Xms256m, -Xmx2049m, -XX:+HeapDumpOnOutOfMemoryError, -Dtc.install-root=/Volumes/Devs/dev/limber-ehcache/server, -DapplyEvolutions.analytics=false, -DapplyDownEvolutions.analytics=false, -DapplyEvolutions.events=false, -DapplyDownEvolutions.events=false]
applyDownEvolutions.analytics : false
applyDownEvolutions.events    : false
applyEvolutions.analytics     : false
applyEvolutions.events        : false
awt.toolkit                   : sun.lwawt.macosx.LWCToolkit
file.encoding                 : UTF-8
file.encoding.pkg             : sun.io
file.separator                : /
ftp.nonProxyHosts             : local|*.local|169.254/16|*.169.254/16
gopherProxySet                : false
http.nonProxyHosts            : local|*.local|169.254/16|*.169.254/16
java.awt.graphicsenv          : sun.awt.CGraphicsEnvironment
java.awt.printerjob           : sun.lwawt.macosx.CPrinterJob
java.class.path               : /Volumes/Devs/dev/limber-ehcache/server/lib/tc.jar::/Volumes/Devs/dev/limber-ehcache/server/plugins/lib/client-message-tracker-5.7.3.jar:/Volumes/Devs/dev/limber-ehcache/server/plugins/lib/ehcache-api-3.8.1.jar:/Volumes/Devs/dev/limber-ehcache/server/plugins/lib/ehcache-common-3.8.1.jar:/Volumes/Devs/dev/limber-ehcache/server/plugins/lib/ehcache-server-3.8.1.jar:/Volumes/Devs/dev/limber-ehcache/server/plugins/lib/lease-common-5.7.3.jar:/Volumes/Devs/dev/limber-ehcache/server/plugins/lib/lease-entity-api-5.7.3.jar:/Volumes/Devs/dev/limber-ehcache/server/plugins/lib/lease-entity-common-5.7.3.jar:/Volumes/Devs/dev/limber-ehcache/server/plugins/lib/lease-entity-server-5.7.3.jar:/Volumes/Devs/dev/limber-ehcache/server/plugins/lib/mnm-common-5.7.3.jar:/Volumes/Devs/dev/limber-ehcache/server/plugins/lib/monitoring-service-api-5.7.3.jar:/Volumes/Devs/dev/limber-ehcache/server/plugins/lib/monitoring-support-1.6.1.jar:/Volumes/Devs/dev/limber-ehcache/server/plugins/lib/offheap-resource-5.7.3.jar:/Volumes/Devs/dev/limber-ehcache/server/plugins/lib/offheap-store-2.4.3.jar:/Volumes/Devs/dev/limber-ehcache/server/plugins/lib/runnel-5.7.3.jar:/Volumes/Devs/dev/limber-ehcache/server/plugins/lib/slf4j-api-1.7.25.jar:/Volumes/Devs/dev/limber-ehcache/server/plugins/lib/standard-cluster-services-1.6.1.jar:/Volumes/Devs/dev/limber-ehcache/server/plugins/lib/statistics-2.1.jar:/Volumes/Devs/dev/limber-ehcache/server/lib/slf4j-api-1.7.25.jar:/Volumes/Devs/dev/limber-ehcache/server/lib
java.class.version            : 52.0
java.endorsed.dirs            : /Library/Java/JavaVirtualMachines/jdk1.8.0_202.jdk/Contents/Home/jre/lib/endorsed
java.ext.dirs                 : /Users/elinam/Library/Java/Extensions:/Library/Java/JavaVirtualMachines/jdk1.8.0_202.jdk/Contents/Home/jre/lib/ext:/Library/Java/Extensions:/Network/Library/Java/Extensions:/System/Library/Java/Extensions:/usr/lib/java
java.home                     : /Library/Java/JavaVirtualMachines/jdk1.8.0_202.jdk/Contents/Home/jre
java.io.tmpdir                : /var/folders/7k/8wr934wd0mn0pcryfw9lkmgr0000gn/T/
java.library.path             : /Users/elinam/Library/Java/Extensions:/Library/Java/Extensions:/Network/Library/Java/Extensions:/System/Library/Java/Extensions:/usr/lib/java:.
java.runtime.name             : Java(TM) SE Runtime Environment
java.runtime.version          : 1.8.0_202-b08
java.specification.name       : Java Platform API Specification
java.specification.vendor     : Oracle Corporation
java.specification.version    : 1.8
java.vendor                   : Oracle Corporation
java.vendor.url               : http://java.oracle.com/
java.vendor.url.bug           : http://bugreport.sun.com/bugreport/
java.version                  : 1.8.0_202
java.vm.info                  : mixed mode
java.vm.name                  : Java HotSpot(TM) 64-Bit Server VM
java.vm.specification.name    : Java Virtual Machine Specification
java.vm.specification.vendor  : Oracle Corporation
java.vm.specification.version : 1.8
java.vm.vendor                : Oracle Corporation
java.vm.version               : 25.202-b08
line.separator                : 

os.arch                       : x86_64
os.name                       : Mac OS X
os.version                    : 10.16
path.separator                : :
socksNonProxyHosts            : local|*.local|169.254/16|*.169.254/16
sun.arch.data.model           : 64
sun.boot.class.path           : /Library/Java/JavaVirtualMachines/jdk1.8.0_202.jdk/Contents/Home/jre/lib/resources.jar:/Library/Java/JavaVirtualMachines/jdk1.8.0_202.jdk/Contents/Home/jre/lib/rt.jar:/Library/Java/JavaVirtualMachines/jdk1.8.0_202.jdk/Contents/Home/jre/lib/sunrsasign.jar:/Library/Java/JavaVirtualMachines/jdk1.8.0_202.jdk/Contents/Home/jre/lib/jsse.jar:/Library/Java/JavaVirtualMachines/jdk1.8.0_202.jdk/Contents/Home/jre/lib/jce.jar:/Library/Java/JavaVirtualMachines/jdk1.8.0_202.jdk/Contents/Home/jre/lib/charsets.jar:/Library/Java/JavaVirtualMachines/jdk1.8.0_202.jdk/Contents/Home/jre/lib/jfr.jar:/Library/Java/JavaVirtualMachines/jdk1.8.0_202.jdk/Contents/Home/jre/classes
sun.boot.library.path         : /Library/Java/JavaVirtualMachines/jdk1.8.0_202.jdk/Contents/Home/jre/lib
sun.cpu.endian                : little
sun.cpu.isalist               : 
sun.io.unicode.encoding       : UnicodeBig
sun.java.command              : com.tc.server.TCServerMain -f server/conf/tc-config.xml
sun.java.launcher             : SUN_STANDARD
sun.jnu.encoding              : UTF-8
sun.management.compiler       : HotSpot 64-Bit Tiered Compilers
sun.os.patch.level            : unknown
tc.install-root               : /Volumes/Devs/dev/limber-ehcache/server
user.country                  : FR
user.dir                      : /Volumes/Devs/dev/limber-ehcache
user.home                     : /Users/elinam
user.language                 : fr
user.name                     : elinam
user.timezone                 : Europe/Paris
========================================================================
2021-01-12 14:44:09,599 [main] INFO org.terracotta.console - Available Max Runtime Memory: 1822MB
2021-01-12 14:44:09,654 [main] INFO com.tc.objectserver.impl.DistributedObjectServer - Creating server nodeID: NodeID[192.168.1.11:9410]
2021-01-12 14:44:09,670 [main] INFO org.terracotta.lease.service.LeaseServiceProvider - Initializing LeaseServiceProvider
2021-01-12 14:44:09,671 [main] INFO org.terracotta.lease.service.LeaseServiceProvider - No lease configuration provided. Instead configuration was: null
2021-01-12 14:44:09,671 [main] INFO org.terracotta.lease.service.LeaseServiceProvider - Using lease length of 150000ms
2021-01-12 14:44:09,673 [main] INFO org.terracotta.lease.service.LeaseServiceProvider - LeaseServiceProvider initialized
2021-01-12 14:44:09,673 [main] INFO com.tc.services.TerracottaServiceProviderRegistryImpl - Initializing org.terracotta.lease.service.LeaseServiceProvider@69fb6037
2021-01-12 14:44:09,674 [main] INFO com.tc.services.TerracottaServiceProviderRegistryImpl - Initializing org.terracotta.client.message.tracker.OOOMessageHandlerProvider@671a5887
2021-01-12 14:44:09,675 [main] INFO com.tc.services.TerracottaServiceProviderRegistryImpl - Initializing org.ehcache.clustered.server.state.EhcacheStateServiceProvider@c03cf28
2021-01-12 14:44:09,676 [main] INFO com.tc.services.TerracottaServiceProviderRegistryImpl - Registering implementation-provided service com.tc.services.PlatformServiceProvider@4f67eb2a
2021-01-12 14:44:09,676 [main] INFO com.tc.services.TerracottaServiceProviderRegistryImpl - Registering implementation-provided service com.tc.services.EntityMessengerProvider@76f2bbc1
2021-01-12 14:44:09,677 [main] INFO com.tc.services.TerracottaServiceProviderRegistryImpl - Initializing com.tc.objectserver.persistence.NullPlatformStorageServiceProvider@2e1d27ba
2021-01-12 14:44:09,678 [main] INFO com.tc.services.TerracottaServiceProviderRegistryImpl - Registering implementation-provided service com.tc.services.LocalMonitoringProducer@5939a379
2021-01-12 14:44:09,691 [main] INFO com.tc.net.core.TCWorkerCommManager - Creating 4 worker comm threads for L2_L1
2021-01-12 14:44:09,738 [main] INFO com.tc.services.TerracottaServiceProviderRegistryImpl - Registering implementation-provided service com.tc.services.CommunicatorService@7c137fd5
2021-01-12 14:44:09,760 [main] INFO com.tc.objectserver.impl.DistributedObjectServer - This L2 Node ID = NodeID[192.168.1.11:9410]
2021-01-12 14:44:09,761 [main] INFO com.tc.l2.state.StateManagerImpl - Starting election initial state:State[ START-STATE ]
2021-01-12 14:44:09,764 [WorkerThread(l2_election_handler_stage, 0)] INFO com.tc.l2.state.ElectionManagerImpl - Election Started : Enrollment [ NodeID[192.168.1.11:9410], isNew = true, weights = 0,0,0,0,0,41,-6465518076572696295,0 ]
2021-01-12 14:44:09,764 [WorkerThread(l2_election_handler_stage, 0)] INFO com.tc.l2.state.ElectionManagerImpl - Election took 0 sec. ending in State[ Election-In-Progress ]
2021-01-12 14:44:09,764 [WorkerThread(l2_election_handler_stage, 0)] INFO com.tc.l2.state.ElectionManagerImpl - Election Complete : [Enrollment [ NodeID[192.168.1.11:9410], isNew = true, weights = 0,0,0,0,0,41,-6465518076572696295,0 ]] : State[ Election-Complete ]
2021-01-12 14:44:09,765 [WorkerThread(l2_election_handler_stage, 0)] INFO com.tc.l2.state.ElectionManagerImpl - Declared as Winner: Winner is : Enrollment [ NodeID[192.168.1.11:9410], isNew = true, weights = 0,0,0,0,0,41,-6465518076572696295,0 ]
2021-01-12 14:44:09,781 [main] INFO com.tc.server.TCServer - Server started as 192.168.1.11:9410
2021-01-12 14:44:09,817 [WorkerThread(request_processor_stage, 3, 3)] INFO com.tc.objectserver.entity.ManagedEntityImpl - Client:ClientID[-1]:ClientInstanceID(0) Invoking lifecycle CREATE_ENTITY on EntityID{className='org.terracotta.lease.LeaseAcquirer', entityName='SystemLeaseAcquirer'}:FetchID=[1]
2021-01-12 14:44:09,819 [WorkerThread(request_processor_stage, 3, 3)] INFO org.terracotta.lease.service.LeaseServiceProvider - Creating LeaseService
2021-01-12 14:44:09,822 [WorkerThread(request_processor_stage, 3, 3)] INFO com.tc.objectserver.impl.DistributedObjectServer - completed lifecycle CREATE_ENTITY on EntityID{className='org.terracotta.lease.LeaseAcquirer', entityName='SystemLeaseAcquirer'}:FetchID=[1]
2021-01-12 14:44:09,824 [WorkerThread(l2_state_change_stage, 0)] INFO com.tc.l2.ha.StripeIDStateManagerImpl - Persisting StripeID - StripeID[d4438ebc94ef410ca6987afc198f7e22]
2021-01-12 14:44:09,826 [WorkerThread(l2_state_change_stage, 0)] INFO org.terracotta.console - Terracotta Server instance has started up as ACTIVE node on 0.0.0.0:9410 successfully, and is now ready for work.
2021-01-12 14:44:09,826 [WorkerThread(l2_state_change_stage, 0)] INFO org.terracotta.console - Moved to State[ ACTIVE-COORDINATOR ]
2021-01-12 14:44:25,545 [WorkerThread(client_handshake_stage, 0)] INFO com.tc.objectserver.handshakemanager.ServerClientHandshakeManager - Handling client handshake for ClientID[10]
2021-01-12 14:44:25,545 [WorkerThread(client_handshake_stage, 0)] INFO com.tc.objectserver.handshakemanager.ServerClientHandshakeManager - confirming client handshake for STARTED 10 ClientID[10]
2021-01-12 14:44:25,545 [WorkerThread(client_handshake_stage, 0)] INFO com.tc.objectserver.handshakemanager.ServerClientHandshakeManager - Sending handshake acknowledgement to ClientID[10]
2021-01-12 14:44:25,581 [WorkerThread(request_processor_stage, 3, 3)] INFO com.tc.objectserver.entity.ManagedEntityImpl - Client:ClientID[10]:ClientInstanceID(1) Invoking lifecycle FETCH_ENTITY on EntityID{className='org.terracotta.lease.LeaseAcquirer', entityName='SystemLeaseAcquirer'}:FetchID=[1]
2021-01-12 14:44:25,582 [WorkerThread(request_processor_stage, 3, 3)] INFO com.tc.objectserver.impl.DistributedObjectServer - completed lifecycle FETCH_ENTITY on EntityID{className='org.terracotta.lease.LeaseAcquirer', entityName='SystemLeaseAcquirer'}:FetchID=[1]
2021-01-12 14:44:25,628 [WorkerThread(request_processor_stage, 3, 3)] INFO com.tc.objectserver.entity.ManagedEntityImpl - Client:ClientID[10]:ClientInstanceID(0) Invoking lifecycle CREATE_ENTITY on EntityID{className='org.ehcache.clustered.client.internal.lock.VoltronReadWriteLockClient', entityName='VoltronReadWriteLock-ClusterTierManagerClientEntityFactory-AccessLock-limber'}:FetchID=[2]
2021-01-12 14:44:25,654 [WorkerThread(request_processor_stage, 3, 3)] INFO com.tc.objectserver.impl.DistributedObjectServer - completed lifecycle CREATE_ENTITY on EntityID{className='org.ehcache.clustered.client.internal.lock.VoltronReadWriteLockClient', entityName='VoltronReadWriteLock-ClusterTierManagerClientEntityFactory-AccessLock-limber'}:FetchID=[2]
2021-01-12 14:44:25,656 [WorkerThread(request_processor_stage, 3, 3)] INFO com.tc.objectserver.entity.ManagedEntityImpl - Client:ClientID[10]:ClientInstanceID(2) Invoking lifecycle FETCH_ENTITY on EntityID{className='org.ehcache.clustered.client.internal.lock.VoltronReadWriteLockClient', entityName='VoltronReadWriteLock-ClusterTierManagerClientEntityFactory-AccessLock-limber'}:FetchID=[2]
2021-01-12 14:44:25,656 [WorkerThread(request_processor_stage, 3, 3)] INFO com.tc.objectserver.impl.DistributedObjectServer - completed lifecycle FETCH_ENTITY on EntityID{className='org.ehcache.clustered.client.internal.lock.VoltronReadWriteLockClient', entityName='VoltronReadWriteLock-ClusterTierManagerClientEntityFactory-AccessLock-limber'}:FetchID=[2]
2021-01-12 14:44:25,680 [WorkerThread(request_processor_stage, 3, 3)] INFO com.tc.objectserver.entity.ManagedEntityImpl - Client:ClientID[10]:ClientInstanceID(0) Invoking lifecycle CREATE_ENTITY on EntityID{className='org.ehcache.clustered.client.internal.ClusterTierManagerClientEntity', entityName='limber'}:FetchID=[3]
2021-01-12 14:44:25,693 [WorkerThread(request_processor_stage, 3, 3)] INFO org.ehcache.clustered.server.EhcacheStateServiceImpl - Configuring server-side cluster tier manager
2021-01-12 14:44:25,694 [WorkerThread(request_processor_stage, 3, 3)] INFO com.tc.objectserver.impl.DistributedObjectServer - completed lifecycle CREATE_ENTITY on EntityID{className='org.ehcache.clustered.client.internal.ClusterTierManagerClientEntity', entityName='limber'}:FetchID=[3]
2021-01-12 14:44:25,698 [WorkerThread(request_processor_stage, 3, 3)] INFO com.tc.objectserver.entity.ManagedEntityImpl - Client:ClientID[10]:ClientInstanceID(2) Invoking lifecycle RELEASE_ENTITY on EntityID{className='org.ehcache.clustered.client.internal.lock.VoltronReadWriteLockClient', entityName='VoltronReadWriteLock-ClusterTierManagerClientEntityFactory-AccessLock-limber'}:FetchID=[2]
2021-01-12 14:44:25,698 [WorkerThread(request_processor_stage, 3, 3)] INFO com.tc.objectserver.impl.DistributedObjectServer - completed lifecycle RELEASE_ENTITY on EntityID{className='org.ehcache.clustered.client.internal.lock.VoltronReadWriteLockClient', entityName='VoltronReadWriteLock-ClusterTierManagerClientEntityFactory-AccessLock-limber'}:FetchID=[2]
2021-01-12 14:44:25,699 [WorkerThread(request_processor_stage, 3, 3)] INFO com.tc.objectserver.entity.ManagedEntityImpl - Client:ClientID[10]:ClientInstanceID(0) Invoking lifecycle DESTROY_ENTITY on EntityID{className='org.ehcache.clustered.client.internal.lock.VoltronReadWriteLockClient', entityName='VoltronReadWriteLock-ClusterTierManagerClientEntityFactory-AccessLock-limber'}:FetchID=[2]
2021-01-12 14:44:25,700 [WorkerThread(request_processor_stage, 3, 3)] INFO com.tc.objectserver.impl.DistributedObjectServer - completed lifecycle DESTROY_ENTITY on EntityID{className='org.ehcache.clustered.client.internal.lock.VoltronReadWriteLockClient', entityName='VoltronReadWriteLock-ClusterTierManagerClientEntityFactory-AccessLock-limber'}:FetchID=[2]
2021-01-12 14:44:25,701 [WorkerThread(request_processor_stage, 3, 3)] INFO com.tc.objectserver.entity.ManagedEntityImpl - Client:ClientID[10]:ClientInstanceID(0) Invoking lifecycle CREATE_ENTITY on EntityID{className='org.ehcache.clustered.client.internal.lock.VoltronReadWriteLockClient', entityName='VoltronReadWriteLock-ClusterTierManagerClientEntityFactory-AccessLock-limber'}:FetchID=[4]
2021-01-12 14:44:25,702 [WorkerThread(request_processor_stage, 3, 3)] INFO com.tc.objectserver.impl.DistributedObjectServer - completed lifecycle CREATE_ENTITY on EntityID{className='org.ehcache.clustered.client.internal.lock.VoltronReadWriteLockClient', entityName='VoltronReadWriteLock-ClusterTierManagerClientEntityFactory-AccessLock-limber'}:FetchID=[4]
2021-01-12 14:44:25,702 [WorkerThread(request_processor_stage, 3, 3)] INFO com.tc.objectserver.entity.ManagedEntityImpl - Client:ClientID[10]:ClientInstanceID(3) Invoking lifecycle FETCH_ENTITY on EntityID{className='org.ehcache.clustered.client.internal.lock.VoltronReadWriteLockClient', entityName='VoltronReadWriteLock-ClusterTierManagerClientEntityFactory-AccessLock-limber'}:FetchID=[4]
2021-01-12 14:44:25,703 [WorkerThread(request_processor_stage, 3, 3)] INFO com.tc.objectserver.impl.DistributedObjectServer - completed lifecycle FETCH_ENTITY on EntityID{className='org.ehcache.clustered.client.internal.lock.VoltronReadWriteLockClient', entityName='VoltronReadWriteLock-ClusterTierManagerClientEntityFactory-AccessLock-limber'}:FetchID=[4]
2021-01-12 14:44:25,718 [WorkerThread(request_processor_stage, 3, 3)] INFO com.tc.objectserver.entity.ManagedEntityImpl - Client:ClientID[10]:ClientInstanceID(4) Invoking lifecycle FETCH_ENTITY on EntityID{className='org.ehcache.clustered.client.internal.ClusterTierManagerClientEntity', entityName='limber'}:FetchID=[3]
2021-01-12 14:44:25,719 [WorkerThread(request_processor_stage, 3, 3)] INFO org.ehcache.clustered.server.ClusterTierManagerActiveEntity - Connecting ClientDescriptorImpl{nodeID=ClientID[10], entityDescriptor=ClientInstanceID(4)}
2021-01-12 14:44:25,719 [WorkerThread(request_processor_stage, 3, 3)] INFO com.tc.objectserver.impl.DistributedObjectServer - completed lifecycle FETCH_ENTITY on EntityID{className='org.ehcache.clustered.client.internal.ClusterTierManagerClientEntity', entityName='limber'}:FetchID=[3]
2021-01-12 14:44:30,200 [WorkerThread(client_handshake_stage, 0)] INFO com.tc.objectserver.handshakemanager.ServerClientHandshakeManager - Handling client handshake for ClientID[11]
2021-01-12 14:44:30,201 [WorkerThread(client_handshake_stage, 0)] INFO com.tc.objectserver.handshakemanager.ServerClientHandshakeManager - confirming client handshake for STARTED 11 ClientID[11]
2021-01-12 14:44:30,203 [WorkerThread(client_handshake_stage, 0)] INFO com.tc.objectserver.handshakemanager.ServerClientHandshakeManager - Sending handshake acknowledgement to ClientID[11]
2021-01-12 14:44:30,211 [WorkerThread(request_processor_stage, 3, 3)] INFO com.tc.objectserver.entity.ManagedEntityImpl - Client:ClientID[11]:ClientInstanceID(1) Invoking lifecycle FETCH_ENTITY on EntityID{className='org.terracotta.lease.LeaseAcquirer', entityName='SystemLeaseAcquirer'}:FetchID=[1]
2021-01-12 14:44:30,213 [WorkerThread(request_processor_stage, 3, 3)] INFO com.tc.objectserver.impl.DistributedObjectServer - completed lifecycle FETCH_ENTITY on EntityID{className='org.terracotta.lease.LeaseAcquirer', entityName='SystemLeaseAcquirer'}:FetchID=[1]
2021-01-12 14:44:30,229 [WorkerThread(request_processor_stage, 3, 3)] INFO com.tc.objectserver.entity.ManagedEntityImpl - Client:ClientID[11]:ClientInstanceID(0) Invoking lifecycle CREATE_ENTITY on EntityID{className='org.ehcache.clustered.client.internal.lock.VoltronReadWriteLockClient', entityName='VoltronReadWriteLock-ClusterTierManagerClientEntityFactory-AccessLock-limber'}:FetchID=[4]
2021-01-12 14:44:30,231 [WorkerThread(request_processor_stage, 3, 3)] INFO com.tc.objectserver.impl.DistributedObjectServer - completed lifecycle CREATE_ENTITY on EntityID{className='org.ehcache.clustered.client.internal.lock.VoltronReadWriteLockClient', entityName='VoltronReadWriteLock-ClusterTierManagerClientEntityFactory-AccessLock-limber'}:FetchID=[4]
2021-01-12 14:44:30,313 [WorkerThread(request_processor_stage, 3, 3)] INFO com.tc.objectserver.entity.ManagedEntityImpl - Client:ClientID[11]:ClientInstanceID(2) Invoking lifecycle FETCH_ENTITY on EntityID{className='org.ehcache.clustered.client.internal.lock.VoltronReadWriteLockClient', entityName='VoltronReadWriteLock-ClusterTierManagerClientEntityFactory-AccessLock-limber'}:FetchID=[4]
2021-01-12 14:44:30,317 [WorkerThread(request_processor_stage, 3, 3)] INFO com.tc.objectserver.impl.DistributedObjectServer - completed lifecycle FETCH_ENTITY on EntityID{className='org.ehcache.clustered.client.internal.lock.VoltronReadWriteLockClient', entityName='VoltronReadWriteLock-ClusterTierManagerClientEntityFactory-AccessLock-limber'}:FetchID=[4]
2021-01-12 14:44:30,333 [WorkerThread(request_processor_stage, 3, 3)] INFO com.tc.objectserver.entity.ManagedEntityImpl - Client:ClientID[11]:ClientInstanceID(2) Invoking lifecycle RELEASE_ENTITY on EntityID{className='org.ehcache.clustered.client.internal.lock.VoltronReadWriteLockClient', entityName='VoltronReadWriteLock-ClusterTierManagerClientEntityFactory-AccessLock-limber'}:FetchID=[4]
2021-01-12 14:44:30,334 [WorkerThread(request_processor_stage, 3, 3)] INFO com.tc.objectserver.impl.DistributedObjectServer - completed lifecycle RELEASE_ENTITY on EntityID{className='org.ehcache.clustered.client.internal.lock.VoltronReadWriteLockClient', entityName='VoltronReadWriteLock-ClusterTierManagerClientEntityFactory-AccessLock-limber'}:FetchID=[4]
2021-01-12 14:44:30,335 [WorkerThread(request_processor_stage, 3, 3)] INFO com.tc.objectserver.entity.ManagedEntityImpl - Client:ClientID[11]:ClientInstanceID(0) Invoking lifecycle DESTROY_ENTITY on EntityID{className='org.ehcache.clustered.client.internal.lock.VoltronReadWriteLockClient', entityName='VoltronReadWriteLock-ClusterTierManagerClientEntityFactory-AccessLock-limber'}:FetchID=[4]
2021-01-12 14:44:30,335 [WorkerThread(request_processor_stage, 3, 3)] INFO com.tc.objectserver.impl.DistributedObjectServer - completed lifecycle DESTROY_ENTITY on EntityID{className='org.ehcache.clustered.client.internal.lock.VoltronReadWriteLockClient', entityName='VoltronReadWriteLock-ClusterTierManagerClientEntityFactory-AccessLock-limber'}:FetchID=[4]
2021-01-12 14:44:30,340 [WorkerThread(request_processor_stage, 3, 3)] INFO com.tc.objectserver.entity.ManagedEntityImpl - Client:ClientID[11]:ClientInstanceID(0) Invoking lifecycle CREATE_ENTITY on EntityID{className='org.ehcache.clustered.client.internal.lock.VoltronReadWriteLockClient', entityName='VoltronReadWriteLock-ClusterTierManagerClientEntityFactory-AccessLock-limber'}:FetchID=[4]
2021-01-12 14:44:30,340 [WorkerThread(request_processor_stage, 3, 3)] INFO com.tc.objectserver.impl.DistributedObjectServer - completed lifecycle CREATE_ENTITY on EntityID{className='org.ehcache.clustered.client.internal.lock.VoltronReadWriteLockClient', entityName='VoltronReadWriteLock-ClusterTierManagerClientEntityFactory-AccessLock-limber'}:FetchID=[4]
2021-01-12 14:44:30,344 [WorkerThread(request_processor_stage, 3, 3)] INFO com.tc.objectserver.entity.ManagedEntityImpl - Client:ClientID[11]:ClientInstanceID(3) Invoking lifecycle FETCH_ENTITY on EntityID{className='org.ehcache.clustered.client.internal.lock.VoltronReadWriteLockClient', entityName='VoltronReadWriteLock-ClusterTierManagerClientEntityFactory-AccessLock-limber'}:FetchID=[4]
2021-01-12 14:44:30,344 [WorkerThread(request_processor_stage, 3, 3)] INFO com.tc.objectserver.impl.DistributedObjectServer - completed lifecycle FETCH_ENTITY on EntityID{className='org.ehcache.clustered.client.internal.lock.VoltronReadWriteLockClient', entityName='VoltronReadWriteLock-ClusterTierManagerClientEntityFactory-AccessLock-limber'}:FetchID=[4]
2021-01-12 14:44:30,347 [WorkerThread(request_processor_stage, 3, 3)] INFO com.tc.objectserver.entity.ManagedEntityImpl - Client:ClientID[11]:ClientInstanceID(4) Invoking lifecycle FETCH_ENTITY on EntityID{className='org.ehcache.clustered.client.internal.ClusterTierManagerClientEntity', entityName='limber'}:FetchID=[3]
2021-01-12 14:44:30,347 [WorkerThread(request_processor_stage, 3, 3)] INFO org.ehcache.clustered.server.ClusterTierManagerActiveEntity - Connecting ClientDescriptorImpl{nodeID=ClientID[11], entityDescriptor=ClientInstanceID(4)}
2021-01-12 14:44:30,348 [WorkerThread(request_processor_stage, 3, 3)] INFO com.tc.objectserver.impl.DistributedObjectServer - completed lifecycle FETCH_ENTITY on EntityID{className='org.ehcache.clustered.client.internal.ClusterTierManagerClientEntity', entityName='limber'}:FetchID=[3]
2021-01-12 14:44:46,807 [L2_L1:TCWorkerComm # 0_R] INFO com.tc.net.core.TCConnection - error reading from channel java.nio.channels.SocketChannel[connected local=/192.168.1.11:9410 remote=/192.168.1.11:60174]: Connection reset by peer
2021-01-12 14:44:46,809 [L2_L1:TCWorkerComm # 1_R] INFO com.tc.objectserver.handler.ClientChannelLifeCycleHandler - : Received transport disconnect.  Shutting down client ClientID[11]
2021-01-12 14:44:46,809 [L2_L1:TCWorkerComm # 0_R] INFO com.tc.net.core.TCConnectionManager - error event on connection com.tc.net.core.TCConnectionImpl@1215960987: connected: true, closed: false local=192.168.1.11:9410 remote=192.168.1.11:60174 connect=[Tue Jan 12 14:44:25 CET 2021] idle=377ms [3525 read, 1678 write] buffer=com.tc.net.core.ClearTextBufferManager@5110dad0: Connection reset by peer
2021-01-12 14:44:46,811 [L2_L1:TCWorkerComm # 0_R] INFO com.tc.objectserver.handler.ClientChannelLifeCycleHandler - : Received transport disconnect.  Shutting down client ClientID[10]
2021-01-12 14:44:46,814 [WorkerThread(request_processor_stage, 3, 3)] INFO com.tc.objectserver.entity.ManagedEntityImpl - Client:ClientID[11]:ClientInstanceID(0) Invoking lifecycle DISCONNECT_CLIENT on EntityID{className='org.ehcache.clustered.client.internal.lock.VoltronReadWriteLockClient', entityName='VoltronReadWriteLock-ClusterTierManagerClientEntityFactory-AccessLock-limber'}:FetchID=[4]
2021-01-12 14:44:46,815 [WorkerThread(request_processor_stage, 3, 3)] INFO com.tc.objectserver.entity.ManagedEntityImpl - Client:ClientID[11]:ClientInstanceID(0) Invoking lifecycle DISCONNECT_CLIENT on EntityID{className='org.terracotta.lease.LeaseAcquirer', entityName='SystemLeaseAcquirer'}:FetchID=[1]
2021-01-12 14:44:46,816 [WorkerThread(request_processor_stage, 3, 3)] INFO com.tc.objectserver.entity.ManagedEntityImpl - Client:ClientID[11]:ClientInstanceID(0) Invoking lifecycle DISCONNECT_CLIENT on EntityID{className='org.ehcache.clustered.client.internal.ClusterTierManagerClientEntity', entityName='limber'}:FetchID=[3]
2021-01-12 14:44:46,816 [WorkerThread(request_processor_stage, 3, 3)] INFO com.tc.objectserver.entity.ManagedEntityImpl - Client:ClientID[10]:ClientInstanceID(0) Invoking lifecycle DISCONNECT_CLIENT on EntityID{className='org.ehcache.clustered.client.internal.lock.VoltronReadWriteLockClient', entityName='VoltronReadWriteLock-ClusterTierManagerClientEntityFactory-AccessLock-limber'}:FetchID=[4]
2021-01-12 14:44:46,816 [WorkerThread(request_processor_stage, 3, 3)] INFO com.tc.objectserver.entity.ManagedEntityImpl - Client:ClientID[10]:ClientInstanceID(0) Invoking lifecycle DISCONNECT_CLIENT on EntityID{className='org.terracotta.lease.LeaseAcquirer', entityName='SystemLeaseAcquirer'}:FetchID=[1]
2021-01-12 14:44:46,816 [WorkerThread(request_processor_stage, 3, 3)] INFO com.tc.objectserver.entity.ManagedEntityImpl - Client:ClientID[10]:ClientInstanceID(0) Invoking lifecycle DISCONNECT_CLIENT on EntityID{className='org.ehcache.clustered.client.internal.ClusterTierManagerClientEntity', entityName='limber'}:FetchID=[3]
2021-01-12 14:44:46,816 [WorkerThread(request_processor_stage, 3, 3)] INFO com.tc.objectserver.entity.ManagedEntityImpl - Client:ClientID[11]:ClientInstanceID(3) Invoking lifecycle RELEASE_ENTITY on EntityID{className='org.ehcache.clustered.client.internal.lock.VoltronReadWriteLockClient', entityName='VoltronReadWriteLock-ClusterTierManagerClientEntityFactory-AccessLock-limber'}:FetchID=[4]
2021-01-12 14:44:46,816 [WorkerThread(request_processor_stage, 3, 3)] INFO com.tc.objectserver.impl.DistributedObjectServer - completed lifecycle RELEASE_ENTITY on EntityID{className='org.ehcache.clustered.client.internal.lock.VoltronReadWriteLockClient', entityName='VoltronReadWriteLock-ClusterTierManagerClientEntityFactory-AccessLock-limber'}:FetchID=[4]
2021-01-12 14:44:46,817 [WorkerThread(request_processor_stage, 3, 3)] INFO com.tc.objectserver.entity.ManagedEntityImpl - Client:ClientID[11]:ClientInstanceID(1) Invoking lifecycle RELEASE_ENTITY on EntityID{className='org.terracotta.lease.LeaseAcquirer', entityName='SystemLeaseAcquirer'}:FetchID=[1]
2021-01-12 14:44:46,817 [WorkerThread(request_processor_stage, 3, 3)] INFO com.tc.objectserver.impl.DistributedObjectServer - completed lifecycle RELEASE_ENTITY on EntityID{className='org.terracotta.lease.LeaseAcquirer', entityName='SystemLeaseAcquirer'}:FetchID=[1]
2021-01-12 14:44:46,817 [WorkerThread(request_processor_stage, 3, 3)] INFO com.tc.objectserver.entity.ManagedEntityImpl - Client:ClientID[11]:ClientInstanceID(4) Invoking lifecycle RELEASE_ENTITY on EntityID{className='org.ehcache.clustered.client.internal.ClusterTierManagerClientEntity', entityName='limber'}:FetchID=[3]
2021-01-12 14:44:46,817 [WorkerThread(request_processor_stage, 3, 3)] INFO org.ehcache.clustered.server.ClusterTierManagerActiveEntity - Disconnecting ClientDescriptorImpl{nodeID=ClientID[11], entityDescriptor=ClientInstanceID(4)}
2021-01-12 14:44:46,817 [WorkerThread(request_processor_stage, 3, 3)] INFO com.tc.objectserver.impl.DistributedObjectServer - completed lifecycle RELEASE_ENTITY on EntityID{className='org.ehcache.clustered.client.internal.ClusterTierManagerClientEntity', entityName='limber'}:FetchID=[3]
2021-01-12 14:44:46,817 [WorkerThread(request_processor_stage, 3, 3)] INFO com.tc.objectserver.entity.ManagedEntityImpl - Client:ClientID[10]:ClientInstanceID(3) Invoking lifecycle RELEASE_ENTITY on EntityID{className='org.ehcache.clustered.client.internal.lock.VoltronReadWriteLockClient', entityName='VoltronReadWriteLock-ClusterTierManagerClientEntityFactory-AccessLock-limber'}:FetchID=[4]
2021-01-12 14:44:46,817 [WorkerThread(request_processor_stage, 3, 3)] INFO com.tc.objectserver.impl.DistributedObjectServer - completed lifecycle RELEASE_ENTITY on EntityID{className='org.ehcache.clustered.client.internal.lock.VoltronReadWriteLockClient', entityName='VoltronReadWriteLock-ClusterTierManagerClientEntityFactory-AccessLock-limber'}:FetchID=[4]
2021-01-12 14:44:46,817 [WorkerThread(request_processor_stage, 3, 3)] INFO com.tc.objectserver.entity.ManagedEntityImpl - Client:ClientID[10]:ClientInstanceID(1) Invoking lifecycle RELEASE_ENTITY on EntityID{className='org.terracotta.lease.LeaseAcquirer', entityName='SystemLeaseAcquirer'}:FetchID=[1]
2021-01-12 14:44:46,817 [WorkerThread(request_processor_stage, 3, 3)] INFO com.tc.objectserver.impl.DistributedObjectServer - completed lifecycle RELEASE_ENTITY on EntityID{className='org.terracotta.lease.LeaseAcquirer', entityName='SystemLeaseAcquirer'}:FetchID=[1]
2021-01-12 14:44:46,817 [WorkerThread(request_processor_stage, 3, 3)] INFO com.tc.objectserver.entity.ManagedEntityImpl - Client:ClientID[10]:ClientInstanceID(4) Invoking lifecycle RELEASE_ENTITY on EntityID{className='org.ehcache.clustered.client.internal.ClusterTierManagerClientEntity', entityName='limber'}:FetchID=[3]
2021-01-12 14:44:46,817 [WorkerThread(request_processor_stage, 3, 3)] INFO org.ehcache.clustered.server.ClusterTierManagerActiveEntity - Disconnecting ClientDescriptorImpl{nodeID=ClientID[10], entityDescriptor=ClientInstanceID(4)}
2021-01-12 14:44:46,817 [WorkerThread(request_processor_stage, 3, 3)] INFO com.tc.objectserver.impl.DistributedObjectServer - completed lifecycle RELEASE_ENTITY on EntityID{className='org.ehcache.clustered.client.internal.ClusterTierManagerClientEntity', entityName='limber'}:FetchID=[3]
2021-01-12 14:45:12,608 [WorkerThread(client_handshake_stage, 0)] INFO com.tc.objectserver.handshakemanager.ServerClientHandshakeManager - Handling client handshake for ClientID[12]
2021-01-12 14:45:12,609 [WorkerThread(client_handshake_stage, 0)] INFO com.tc.objectserver.handshakemanager.ServerClientHandshakeManager - confirming client handshake for STARTED 12 ClientID[12]
2021-01-12 14:45:12,609 [WorkerThread(client_handshake_stage, 0)] INFO com.tc.objectserver.handshakemanager.ServerClientHandshakeManager - Sending handshake acknowledgement to ClientID[12]
2021-01-12 14:45:12,635 [WorkerThread(request_processor_stage, 3, 3)] INFO com.tc.objectserver.entity.ManagedEntityImpl - Client:ClientID[12]:ClientInstanceID(1) Invoking lifecycle FETCH_ENTITY on EntityID{className='org.terracotta.lease.LeaseAcquirer', entityName='SystemLeaseAcquirer'}:FetchID=[1]
2021-01-12 14:45:12,636 [WorkerThread(request_processor_stage, 3, 3)] INFO com.tc.objectserver.impl.DistributedObjectServer - completed lifecycle FETCH_ENTITY on EntityID{className='org.terracotta.lease.LeaseAcquirer', entityName='SystemLeaseAcquirer'}:FetchID=[1]
2021-01-12 14:45:12,659 [WorkerThread(request_processor_stage, 3, 3)] INFO com.tc.objectserver.entity.ManagedEntityImpl - Client:ClientID[12]:ClientInstanceID(0) Invoking lifecycle CREATE_ENTITY on EntityID{className='org.ehcache.clustered.client.internal.lock.VoltronReadWriteLockClient', entityName='VoltronReadWriteLock-ClusterTierManagerClientEntityFactory-AccessLock-limber'}:FetchID=[4]
2021-01-12 14:45:12,659 [WorkerThread(request_processor_stage, 3, 3)] INFO com.tc.objectserver.impl.DistributedObjectServer - completed lifecycle CREATE_ENTITY on EntityID{className='org.ehcache.clustered.client.internal.lock.VoltronReadWriteLockClient', entityName='VoltronReadWriteLock-ClusterTierManagerClientEntityFactory-AccessLock-limber'}:FetchID=[4]
2021-01-12 14:45:12,672 [WorkerThread(request_processor_stage, 3, 3)] INFO com.tc.objectserver.entity.ManagedEntityImpl - Client:ClientID[12]:ClientInstanceID(2) Invoking lifecycle FETCH_ENTITY on EntityID{className='org.ehcache.clustered.client.internal.lock.VoltronReadWriteLockClient', entityName='VoltronReadWriteLock-ClusterTierManagerClientEntityFactory-AccessLock-limber'}:FetchID=[4]
2021-01-12 14:45:12,672 [WorkerThread(request_processor_stage, 3, 3)] INFO com.tc.objectserver.impl.DistributedObjectServer - completed lifecycle FETCH_ENTITY on EntityID{className='org.ehcache.clustered.client.internal.lock.VoltronReadWriteLockClient', entityName='VoltronReadWriteLock-ClusterTierManagerClientEntityFactory-AccessLock-limber'}:FetchID=[4]
2021-01-12 14:45:12,678 [WorkerThread(request_processor_stage, 3, 3)] INFO com.tc.objectserver.entity.ManagedEntityImpl - Client:ClientID[12]:ClientInstanceID(0) Invoking lifecycle CREATE_ENTITY on EntityID{className='org.ehcache.clustered.client.internal.ClusterTierManagerClientEntity', entityName='limber'}:FetchID=[3]
2021-01-12 14:45:12,678 [WorkerThread(request_processor_stage, 3, 3)] INFO com.tc.objectserver.impl.DistributedObjectServer - completed lifecycle CREATE_ENTITY on EntityID{className='org.ehcache.clustered.client.internal.ClusterTierManagerClientEntity', entityName='limber'}:FetchID=[3]
2021-01-12 14:45:12,683 [WorkerThread(request_processor_stage, 3, 3)] INFO com.tc.objectserver.entity.ManagedEntityImpl - Client:ClientID[12]:ClientInstanceID(2) Invoking lifecycle RELEASE_ENTITY on EntityID{className='org.ehcache.clustered.client.internal.lock.VoltronReadWriteLockClient', entityName='VoltronReadWriteLock-ClusterTierManagerClientEntityFactory-AccessLock-limber'}:FetchID=[4]
2021-01-12 14:45:12,684 [WorkerThread(request_processor_stage, 3, 3)] INFO com.tc.objectserver.impl.DistributedObjectServer - completed lifecycle RELEASE_ENTITY on EntityID{className='org.ehcache.clustered.client.internal.lock.VoltronReadWriteLockClient', entityName='VoltronReadWriteLock-ClusterTierManagerClientEntityFactory-AccessLock-limber'}:FetchID=[4]
2021-01-12 14:45:12,685 [WorkerThread(request_processor_stage, 3, 3)] INFO com.tc.objectserver.entity.ManagedEntityImpl - Client:ClientID[12]:ClientInstanceID(0) Invoking lifecycle DESTROY_ENTITY on EntityID{className='org.ehcache.clustered.client.internal.lock.VoltronReadWriteLockClient', entityName='VoltronReadWriteLock-ClusterTierManagerClientEntityFactory-AccessLock-limber'}:FetchID=[4]
2021-01-12 14:45:12,685 [WorkerThread(request_processor_stage, 3, 3)] INFO com.tc.objectserver.impl.DistributedObjectServer - completed lifecycle DESTROY_ENTITY on EntityID{className='org.ehcache.clustered.client.internal.lock.VoltronReadWriteLockClient', entityName='VoltronReadWriteLock-ClusterTierManagerClientEntityFactory-AccessLock-limber'}:FetchID=[4]
2021-01-12 14:45:12,686 [WorkerThread(request_processor_stage, 3, 3)] INFO com.tc.objectserver.entity.ManagedEntityImpl - Client:ClientID[12]:ClientInstanceID(0) Invoking lifecycle CREATE_ENTITY on EntityID{className='org.ehcache.clustered.client.internal.lock.VoltronReadWriteLockClient', entityName='VoltronReadWriteLock-ClusterTierManagerClientEntityFactory-AccessLock-limber'}:FetchID=[9]
2021-01-12 14:45:12,686 [WorkerThread(request_processor_stage, 3, 3)] INFO com.tc.objectserver.impl.DistributedObjectServer - completed lifecycle CREATE_ENTITY on EntityID{className='org.ehcache.clustered.client.internal.lock.VoltronReadWriteLockClient', entityName='VoltronReadWriteLock-ClusterTierManagerClientEntityFactory-AccessLock-limber'}:FetchID=[9]
2021-01-12 14:45:12,687 [WorkerThread(request_processor_stage, 3, 3)] INFO com.tc.objectserver.entity.ManagedEntityImpl - Client:ClientID[12]:ClientInstanceID(3) Invoking lifecycle FETCH_ENTITY on EntityID{className='org.ehcache.clustered.client.internal.lock.VoltronReadWriteLockClient', entityName='VoltronReadWriteLock-ClusterTierManagerClientEntityFactory-AccessLock-limber'}:FetchID=[9]
2021-01-12 14:45:12,687 [WorkerThread(request_processor_stage, 3, 3)] INFO com.tc.objectserver.impl.DistributedObjectServer - completed lifecycle FETCH_ENTITY on EntityID{className='org.ehcache.clustered.client.internal.lock.VoltronReadWriteLockClient', entityName='VoltronReadWriteLock-ClusterTierManagerClientEntityFactory-AccessLock-limber'}:FetchID=[9]
2021-01-12 14:45:12,702 [WorkerThread(request_processor_stage, 3, 3)] INFO com.tc.objectserver.entity.ManagedEntityImpl - Client:ClientID[12]:ClientInstanceID(4) Invoking lifecycle FETCH_ENTITY on EntityID{className='org.ehcache.clustered.client.internal.ClusterTierManagerClientEntity', entityName='limber'}:FetchID=[3]
2021-01-12 14:45:12,702 [WorkerThread(request_processor_stage, 3, 3)] INFO org.ehcache.clustered.server.ClusterTierManagerActiveEntity - Connecting ClientDescriptorImpl{nodeID=ClientID[12], entityDescriptor=ClientInstanceID(4)}
2021-01-12 14:45:12,702 [WorkerThread(request_processor_stage, 3, 3)] INFO com.tc.objectserver.impl.DistributedObjectServer - completed lifecycle FETCH_ENTITY on EntityID{className='org.ehcache.clustered.client.internal.ClusterTierManagerClientEntity', entityName='limber'}:FetchID=[3]
2021-01-12 14:46:47,562 [L2_L1:TCWorkerComm # 0_R] INFO com.tc.objectserver.handler.ClientChannelLifeCycleHandler - : Received transport disconnect.  Shutting down client ClientID[12]
2021-01-12 14:46:47,563 [WorkerThread(request_processor_stage, 3, 3)] INFO com.tc.objectserver.entity.ManagedEntityImpl - Client:ClientID[12]:ClientInstanceID(0) Invoking lifecycle DISCONNECT_CLIENT on EntityID{className='org.ehcache.clustered.client.internal.ClusterTierManagerClientEntity', entityName='limber'}:FetchID=[3]
2021-01-12 14:46:47,564 [WorkerThread(request_processor_stage, 3, 3)] INFO com.tc.objectserver.entity.ManagedEntityImpl - Client:ClientID[12]:ClientInstanceID(0) Invoking lifecycle DISCONNECT_CLIENT on EntityID{className='org.terracotta.lease.LeaseAcquirer', entityName='SystemLeaseAcquirer'}:FetchID=[1]
2021-01-12 14:46:47,564 [WorkerThread(request_processor_stage, 3, 3)] INFO com.tc.objectserver.entity.ManagedEntityImpl - Client:ClientID[12]:ClientInstanceID(0) Invoking lifecycle DISCONNECT_CLIENT on EntityID{className='org.ehcache.clustered.client.internal.lock.VoltronReadWriteLockClient', entityName='VoltronReadWriteLock-ClusterTierManagerClientEntityFactory-AccessLock-limber'}:FetchID=[9]
2021-01-12 14:46:47,564 [WorkerThread(request_processor_stage, 3, 3)] INFO com.tc.objectserver.entity.ManagedEntityImpl - Client:ClientID[12]:ClientInstanceID(4) Invoking lifecycle RELEASE_ENTITY on EntityID{className='org.ehcache.clustered.client.internal.ClusterTierManagerClientEntity', entityName='limber'}:FetchID=[3]
2021-01-12 14:46:47,565 [WorkerThread(request_processor_stage, 3, 3)] INFO org.ehcache.clustered.server.ClusterTierManagerActiveEntity - Disconnecting ClientDescriptorImpl{nodeID=ClientID[12], entityDescriptor=ClientInstanceID(4)}
2021-01-12 14:46:47,565 [WorkerThread(request_processor_stage, 3, 3)] INFO com.tc.objectserver.impl.DistributedObjectServer - completed lifecycle RELEASE_ENTITY on EntityID{className='org.ehcache.clustered.client.internal.ClusterTierManagerClientEntity', entityName='limber'}:FetchID=[3]
2021-01-12 14:46:47,565 [WorkerThread(request_processor_stage, 3, 3)] INFO com.tc.objectserver.entity.ManagedEntityImpl - Client:ClientID[12]:ClientInstanceID(1) Invoking lifecycle RELEASE_ENTITY on EntityID{className='org.terracotta.lease.LeaseAcquirer', entityName='SystemLeaseAcquirer'}:FetchID=[1]
2021-01-12 14:46:47,565 [WorkerThread(request_processor_stage, 3, 3)] INFO com.tc.objectserver.impl.DistributedObjectServer - completed lifecycle RELEASE_ENTITY on EntityID{className='org.terracotta.lease.LeaseAcquirer', entityName='SystemLeaseAcquirer'}:FetchID=[1]
2021-01-12 14:46:47,565 [WorkerThread(request_processor_stage, 3, 3)] INFO com.tc.objectserver.entity.ManagedEntityImpl - Client:ClientID[12]:ClientInstanceID(3) Invoking lifecycle RELEASE_ENTITY on EntityID{className='org.ehcache.clustered.client.internal.lock.VoltronReadWriteLockClient', entityName='VoltronReadWriteLock-ClusterTierManagerClientEntityFactory-AccessLock-limber'}:FetchID=[9]
2021-01-12 14:46:47,565 [WorkerThread(request_processor_stage, 3, 3)] INFO com.tc.objectserver.impl.DistributedObjectServer - completed lifecycle RELEASE_ENTITY on EntityID{className='org.ehcache.clustered.client.internal.lock.VoltronReadWriteLockClient', entityName='VoltronReadWriteLock-ClusterTierManagerClientEntityFactory-AccessLock-limber'}:FetchID=[9]
2021-01-12 14:47:09,443 [WorkerThread(client_handshake_stage, 0)] INFO com.tc.objectserver.handshakemanager.ServerClientHandshakeManager - Handling client handshake for ClientID[13]
2021-01-12 14:47:09,444 [WorkerThread(client_handshake_stage, 0)] INFO com.tc.objectserver.handshakemanager.ServerClientHandshakeManager - confirming client handshake for STARTED 13 ClientID[13]
2021-01-12 14:47:09,444 [WorkerThread(client_handshake_stage, 0)] INFO com.tc.objectserver.handshakemanager.ServerClientHandshakeManager - Sending handshake acknowledgement to ClientID[13]
2021-01-12 14:47:09,470 [WorkerThread(request_processor_stage, 3, 3)] INFO com.tc.objectserver.entity.ManagedEntityImpl - Client:ClientID[13]:ClientInstanceID(1) Invoking lifecycle FETCH_ENTITY on EntityID{className='org.terracotta.lease.LeaseAcquirer', entityName='SystemLeaseAcquirer'}:FetchID=[1]
2021-01-12 14:47:09,470 [WorkerThread(request_processor_stage, 3, 3)] INFO com.tc.objectserver.impl.DistributedObjectServer - completed lifecycle FETCH_ENTITY on EntityID{className='org.terracotta.lease.LeaseAcquirer', entityName='SystemLeaseAcquirer'}:FetchID=[1]
2021-01-12 14:47:09,494 [WorkerThread(request_processor_stage, 3, 3)] INFO com.tc.objectserver.entity.ManagedEntityImpl - Client:ClientID[13]:ClientInstanceID(0) Invoking lifecycle CREATE_ENTITY on EntityID{className='org.ehcache.clustered.client.internal.lock.VoltronReadWriteLockClient', entityName='VoltronReadWriteLock-ClusterTierManagerClientEntityFactory-AccessLock-limber'}:FetchID=[9]
2021-01-12 14:47:09,494 [WorkerThread(request_processor_stage, 3, 3)] INFO com.tc.objectserver.impl.DistributedObjectServer - completed lifecycle CREATE_ENTITY on EntityID{className='org.ehcache.clustered.client.internal.lock.VoltronReadWriteLockClient', entityName='VoltronReadWriteLock-ClusterTierManagerClientEntityFactory-AccessLock-limber'}:FetchID=[9]
2021-01-12 14:47:09,509 [WorkerThread(request_processor_stage, 3, 3)] INFO com.tc.objectserver.entity.ManagedEntityImpl - Client:ClientID[13]:ClientInstanceID(2) Invoking lifecycle FETCH_ENTITY on EntityID{className='org.ehcache.clustered.client.internal.lock.VoltronReadWriteLockClient', entityName='VoltronReadWriteLock-ClusterTierManagerClientEntityFactory-AccessLock-limber'}:FetchID=[9]
2021-01-12 14:47:09,510 [WorkerThread(request_processor_stage, 3, 3)] INFO com.tc.objectserver.impl.DistributedObjectServer - completed lifecycle FETCH_ENTITY on EntityID{className='org.ehcache.clustered.client.internal.lock.VoltronReadWriteLockClient', entityName='VoltronReadWriteLock-ClusterTierManagerClientEntityFactory-AccessLock-limber'}:FetchID=[9]
2021-01-12 14:47:09,516 [WorkerThread(request_processor_stage, 3, 3)] INFO com.tc.objectserver.entity.ManagedEntityImpl - Client:ClientID[13]:ClientInstanceID(0) Invoking lifecycle CREATE_ENTITY on EntityID{className='org.ehcache.clustered.client.internal.ClusterTierManagerClientEntity', entityName='limber'}:FetchID=[3]
2021-01-12 14:47:09,516 [WorkerThread(request_processor_stage, 3, 3)] INFO com.tc.objectserver.impl.DistributedObjectServer - completed lifecycle CREATE_ENTITY on EntityID{className='org.ehcache.clustered.client.internal.ClusterTierManagerClientEntity', entityName='limber'}:FetchID=[3]
2021-01-12 14:47:09,520 [WorkerThread(request_processor_stage, 3, 3)] INFO com.tc.objectserver.entity.ManagedEntityImpl - Client:ClientID[13]:ClientInstanceID(2) Invoking lifecycle RELEASE_ENTITY on EntityID{className='org.ehcache.clustered.client.internal.lock.VoltronReadWriteLockClient', entityName='VoltronReadWriteLock-ClusterTierManagerClientEntityFactory-AccessLock-limber'}:FetchID=[9]
2021-01-12 14:47:09,521 [WorkerThread(request_processor_stage, 3, 3)] INFO com.tc.objectserver.impl.DistributedObjectServer - completed lifecycle RELEASE_ENTITY on EntityID{className='org.ehcache.clustered.client.internal.lock.VoltronReadWriteLockClient', entityName='VoltronReadWriteLock-ClusterTierManagerClientEntityFactory-AccessLock-limber'}:FetchID=[9]
2021-01-12 14:47:09,522 [WorkerThread(request_processor_stage, 3, 3)] INFO com.tc.objectserver.entity.ManagedEntityImpl - Client:ClientID[13]:ClientInstanceID(0) Invoking lifecycle DESTROY_ENTITY on EntityID{className='org.ehcache.clustered.client.internal.lock.VoltronReadWriteLockClient', entityName='VoltronReadWriteLock-ClusterTierManagerClientEntityFactory-AccessLock-limber'}:FetchID=[9]
2021-01-12 14:47:09,522 [WorkerThread(request_processor_stage, 3, 3)] INFO com.tc.objectserver.impl.DistributedObjectServer - completed lifecycle DESTROY_ENTITY on EntityID{className='org.ehcache.clustered.client.internal.lock.VoltronReadWriteLockClient', entityName='VoltronReadWriteLock-ClusterTierManagerClientEntityFactory-AccessLock-limber'}:FetchID=[9]
2021-01-12 14:47:09,523 [WorkerThread(request_processor_stage, 3, 3)] INFO com.tc.objectserver.entity.ManagedEntityImpl - Client:ClientID[13]:ClientInstanceID(0) Invoking lifecycle CREATE_ENTITY on EntityID{className='org.ehcache.clustered.client.internal.lock.VoltronReadWriteLockClient', entityName='VoltronReadWriteLock-ClusterTierManagerClientEntityFactory-AccessLock-limber'}:FetchID=[12]
2021-01-12 14:47:09,523 [WorkerThread(request_processor_stage, 3, 3)] INFO com.tc.objectserver.impl.DistributedObjectServer - completed lifecycle CREATE_ENTITY on EntityID{className='org.ehcache.clustered.client.internal.lock.VoltronReadWriteLockClient', entityName='VoltronReadWriteLock-ClusterTierManagerClientEntityFactory-AccessLock-limber'}:FetchID=[12]
2021-01-12 14:47:09,524 [WorkerThread(request_processor_stage, 3, 3)] INFO com.tc.objectserver.entity.ManagedEntityImpl - Client:ClientID[13]:ClientInstanceID(3) Invoking lifecycle FETCH_ENTITY on EntityID{className='org.ehcache.clustered.client.internal.lock.VoltronReadWriteLockClient', entityName='VoltronReadWriteLock-ClusterTierManagerClientEntityFactory-AccessLock-limber'}:FetchID=[12]
2021-01-12 14:47:09,524 [WorkerThread(request_processor_stage, 3, 3)] INFO com.tc.objectserver.impl.DistributedObjectServer - completed lifecycle FETCH_ENTITY on EntityID{className='org.ehcache.clustered.client.internal.lock.VoltronReadWriteLockClient', entityName='VoltronReadWriteLock-ClusterTierManagerClientEntityFactory-AccessLock-limber'}:FetchID=[12]
2021-01-12 14:47:09,538 [WorkerThread(request_processor_stage, 3, 3)] INFO com.tc.objectserver.entity.ManagedEntityImpl - Client:ClientID[13]:ClientInstanceID(4) Invoking lifecycle FETCH_ENTITY on EntityID{className='org.ehcache.clustered.client.internal.ClusterTierManagerClientEntity', entityName='limber'}:FetchID=[3]
2021-01-12 14:47:09,539 [WorkerThread(request_processor_stage, 3, 3)] INFO org.ehcache.clustered.server.ClusterTierManagerActiveEntity - Connecting ClientDescriptorImpl{nodeID=ClientID[13], entityDescriptor=ClientInstanceID(4)}
2021-01-12 14:47:09,539 [WorkerThread(request_processor_stage, 3, 3)] INFO com.tc.objectserver.impl.DistributedObjectServer - completed lifecycle FETCH_ENTITY on EntityID{className='org.ehcache.clustered.client.internal.ClusterTierManagerClientEntity', entityName='limber'}:FetchID=[3]
2021-01-12 14:47:13,553 [CommonShutDownHook] INFO com.tc.objectserver.impl.DistributedObjectServer - L2 Exiting...
