2021-01-12 14:49:22,323 [main] INFO com.tc.server.TCServerMain - Terracotta 5.6.5, as of 2019-09-04 at 12:21:32 PDT (Revision 16f7e6193f56415c0d3795afaed3c2b959a534cc from UNKNOWN)
2021-01-12 14:49:22,333 [main] INFO com.tc.server.TCServerMain - PID is 24852
2021-01-12 14:49:22,336 [main] INFO com.tc.properties.TCPropertiesImpl - Loading default properties from tc.properties
2021-01-12 14:49:22,338 [main] INFO com.tc.properties.TCPropertiesImpl - The property "l2.dump.on.exception.timeout" was read before initialization completed. "l2.dump.on.exception.timeout" = 30
2021-01-12 14:49:22,342 [main] INFO com.tc.classloader.ServiceLocator - Entity/Service apis will be loaded from /Volumes/Devs/dev/limber-ehcache/server/plugins/api
2021-01-12 14:49:22,342 [main] INFO com.tc.classloader.ServiceLocator - Entity/Service implementations will be loaded from /Volumes/Devs/dev/limber-ehcache/server/plugins/lib
2021-01-12 14:49:22,399 [main] INFO com.tc.config.DefaultConfigurationProvider - Attempting to load configuration from the file at '/Volumes/Devs/dev/limber-ehcache/server/conf/tc-config.xml'...
2021-01-12 14:49:22,611 [main] INFO com.tc.config.DefaultConfigurationProvider - Successfully loaded configuration from the file at '/Volumes/Devs/dev/limber-ehcache/server/conf/tc-config.xml'
2021-01-12 14:49:22,626 [main] INFO com.tc.config.DefaultConfigurationProvider - The configuration specified by the configuration file at '/Volumes/Devs/dev/limber-ehcache/server/conf/tc-config.xml': 

<?xml version="1.0" encoding="UTF-8" standalone="yes"?>
<tc-config xmlns="http://www.terracotta.org/config">
    <plugins>
        <config>
            <ohr:offheap-resources xmlns:ohr="http://www.terracotta.org/config/offheap-resource">
                <ohr:resource name="primary-server-resource" unit="MB">128</ohr:resource>
                <ohr:resource name="secondary-server-resource" unit="MB">96</ohr:resource>
            </ohr:offheap-resources>
        </config>
    </plugins>
    <tc-properties>
        <property name="logging.maxLogFileSize" value="50"/>
    </tc-properties>
    <servers>
        <server host="192.168.1.11" name="192.168.1.11:9410" bind="0.0.0.0">
            <logs>/Volumes/Devs/dev/limber-ehcache/server/conf/logs/MBP-de-Elinam-9410</logs>
            <tsa-port bind="0.0.0.0">9410</tsa-port>
            <tsa-group-port bind="0.0.0.0">9430</tsa-group-port>
        </server>
        <client-reconnect-window>120</client-reconnect-window>
    </servers>
</tc-config>

2021-01-12 14:49:22,628 [main] INFO com.tc.properties.TCPropertiesImpl - The property "logging.maxLogFileSize" was overridden to 50 from 512 by the tc-config file
2021-01-12 14:49:22,629 [main] INFO com.tc.l2.logging.TCLogbackLogging - Log file: /Volumes/Devs/dev/limber-ehcache/server/conf/logs/MBP-de-Elinam-9410/terracotta.server.log
2021-01-12 14:49:22,637 [main] INFO com.tc.l2.logging.TCLogbackLogging - All Java System Properties for this Terracotta instance:
========================================================================
JVM arguments: [-XX:MaxDirectMemorySize=1048576g, -Xms256m, -Xmx2049m, -XX:+HeapDumpOnOutOfMemoryError, -Dtc.install-root=/Volumes/Devs/dev/limber-ehcache/server, -DapplyEvolutions.analytics=false, -DapplyDownEvolutions.analytics=false, -DapplyEvolutions.events=false, -DapplyDownEvolutions.events=false]
applyDownEvolutions.analytics : false
applyDownEvolutions.events    : false
applyEvolutions.analytics     : false
applyEvolutions.events        : false
awt.toolkit                   : sun.lwawt.macosx.LWCToolkit
file.encoding                 : UTF-8
file.encoding.pkg             : sun.io
file.separator                : /
ftp.nonProxyHosts             : local|*.local|169.254/16|*.169.254/16
gopherProxySet                : false
http.nonProxyHosts            : local|*.local|169.254/16|*.169.254/16
java.awt.graphicsenv          : sun.awt.CGraphicsEnvironment
java.awt.printerjob           : sun.lwawt.macosx.CPrinterJob
java.class.path               : /Volumes/Devs/dev/limber-ehcache/server/lib/tc.jar::/Volumes/Devs/dev/limber-ehcache/server/plugins/lib/client-message-tracker-5.7.3.jar:/Volumes/Devs/dev/limber-ehcache/server/plugins/lib/ehcache-api-3.8.1.jar:/Volumes/Devs/dev/limber-ehcache/server/plugins/lib/ehcache-common-3.8.1.jar:/Volumes/Devs/dev/limber-ehcache/server/plugins/lib/ehcache-server-3.8.1.jar:/Volumes/Devs/dev/limber-ehcache/server/plugins/lib/lease-common-5.7.3.jar:/Volumes/Devs/dev/limber-ehcache/server/plugins/lib/lease-entity-api-5.7.3.jar:/Volumes/Devs/dev/limber-ehcache/server/plugins/lib/lease-entity-common-5.7.3.jar:/Volumes/Devs/dev/limber-ehcache/server/plugins/lib/lease-entity-server-5.7.3.jar:/Volumes/Devs/dev/limber-ehcache/server/plugins/lib/mnm-common-5.7.3.jar:/Volumes/Devs/dev/limber-ehcache/server/plugins/lib/monitoring-service-api-5.7.3.jar:/Volumes/Devs/dev/limber-ehcache/server/plugins/lib/monitoring-support-1.6.1.jar:/Volumes/Devs/dev/limber-ehcache/server/plugins/lib/offheap-resource-5.7.3.jar:/Volumes/Devs/dev/limber-ehcache/server/plugins/lib/offheap-store-2.4.3.jar:/Volumes/Devs/dev/limber-ehcache/server/plugins/lib/runnel-5.7.3.jar:/Volumes/Devs/dev/limber-ehcache/server/plugins/lib/slf4j-api-1.7.25.jar:/Volumes/Devs/dev/limber-ehcache/server/plugins/lib/standard-cluster-services-1.6.1.jar:/Volumes/Devs/dev/limber-ehcache/server/plugins/lib/statistics-2.1.jar:/Volumes/Devs/dev/limber-ehcache/server/lib/slf4j-api-1.7.25.jar:/Volumes/Devs/dev/limber-ehcache/server/lib
java.class.version            : 52.0
java.endorsed.dirs            : /Library/Java/JavaVirtualMachines/jdk1.8.0_202.jdk/Contents/Home/jre/lib/endorsed
java.ext.dirs                 : /Users/elinam/Library/Java/Extensions:/Library/Java/JavaVirtualMachines/jdk1.8.0_202.jdk/Contents/Home/jre/lib/ext:/Library/Java/Extensions:/Network/Library/Java/Extensions:/System/Library/Java/Extensions:/usr/lib/java
java.home                     : /Library/Java/JavaVirtualMachines/jdk1.8.0_202.jdk/Contents/Home/jre
java.io.tmpdir                : /var/folders/7k/8wr934wd0mn0pcryfw9lkmgr0000gn/T/
java.library.path             : /Users/elinam/Library/Java/Extensions:/Library/Java/Extensions:/Network/Library/Java/Extensions:/System/Library/Java/Extensions:/usr/lib/java:.
java.runtime.name             : Java(TM) SE Runtime Environment
java.runtime.version          : 1.8.0_202-b08
java.specification.name       : Java Platform API Specification
java.specification.vendor     : Oracle Corporation
java.specification.version    : 1.8
java.vendor                   : Oracle Corporation
java.vendor.url               : http://java.oracle.com/
java.vendor.url.bug           : http://bugreport.sun.com/bugreport/
java.version                  : 1.8.0_202
java.vm.info                  : mixed mode
java.vm.name                  : Java HotSpot(TM) 64-Bit Server VM
java.vm.specification.name    : Java Virtual Machine Specification
java.vm.specification.vendor  : Oracle Corporation
java.vm.specification.version : 1.8
java.vm.vendor                : Oracle Corporation
java.vm.version               : 25.202-b08
line.separator                : 

os.arch                       : x86_64
os.name                       : Mac OS X
os.version                    : 10.16
path.separator                : :
socksNonProxyHosts            : local|*.local|169.254/16|*.169.254/16
sun.arch.data.model           : 64
sun.boot.class.path           : /Library/Java/JavaVirtualMachines/jdk1.8.0_202.jdk/Contents/Home/jre/lib/resources.jar:/Library/Java/JavaVirtualMachines/jdk1.8.0_202.jdk/Contents/Home/jre/lib/rt.jar:/Library/Java/JavaVirtualMachines/jdk1.8.0_202.jdk/Contents/Home/jre/lib/sunrsasign.jar:/Library/Java/JavaVirtualMachines/jdk1.8.0_202.jdk/Contents/Home/jre/lib/jsse.jar:/Library/Java/JavaVirtualMachines/jdk1.8.0_202.jdk/Contents/Home/jre/lib/jce.jar:/Library/Java/JavaVirtualMachines/jdk1.8.0_202.jdk/Contents/Home/jre/lib/charsets.jar:/Library/Java/JavaVirtualMachines/jdk1.8.0_202.jdk/Contents/Home/jre/lib/jfr.jar:/Library/Java/JavaVirtualMachines/jdk1.8.0_202.jdk/Contents/Home/jre/classes
sun.boot.library.path         : /Library/Java/JavaVirtualMachines/jdk1.8.0_202.jdk/Contents/Home/jre/lib
sun.cpu.endian                : little
sun.cpu.isalist               : 
sun.io.unicode.encoding       : UnicodeBig
sun.java.command              : com.tc.server.TCServerMain -f server/conf/tc-config.xml
sun.java.launcher             : SUN_STANDARD
sun.jnu.encoding              : UTF-8
sun.management.compiler       : HotSpot 64-Bit Tiered Compilers
sun.os.patch.level            : unknown
tc.install-root               : /Volumes/Devs/dev/limber-ehcache/server
user.country                  : FR
user.dir                      : /Volumes/Devs/dev/limber-ehcache
user.home                     : /Users/elinam
user.language                 : fr
user.name                     : elinam
user.timezone                 : Europe/Paris
========================================================================
2021-01-12 14:49:22,642 [main] INFO org.terracotta.console - Available Max Runtime Memory: 1822MB
2021-01-12 14:49:22,696 [main] INFO com.tc.objectserver.impl.DistributedObjectServer - Creating server nodeID: NodeID[192.168.1.11:9410]
2021-01-12 14:49:22,712 [main] INFO org.terracotta.lease.service.LeaseServiceProvider - Initializing LeaseServiceProvider
2021-01-12 14:49:22,712 [main] INFO org.terracotta.lease.service.LeaseServiceProvider - No lease configuration provided. Instead configuration was: null
2021-01-12 14:49:22,712 [main] INFO org.terracotta.lease.service.LeaseServiceProvider - Using lease length of 150000ms
2021-01-12 14:49:22,715 [main] INFO org.terracotta.lease.service.LeaseServiceProvider - LeaseServiceProvider initialized
2021-01-12 14:49:22,715 [main] INFO com.tc.services.TerracottaServiceProviderRegistryImpl - Initializing org.terracotta.lease.service.LeaseServiceProvider@69fb6037
2021-01-12 14:49:22,716 [main] INFO com.tc.services.TerracottaServiceProviderRegistryImpl - Initializing org.terracotta.client.message.tracker.OOOMessageHandlerProvider@671a5887
2021-01-12 14:49:22,717 [main] INFO com.tc.services.TerracottaServiceProviderRegistryImpl - Initializing org.ehcache.clustered.server.state.EhcacheStateServiceProvider@c03cf28
2021-01-12 14:49:22,718 [main] INFO com.tc.services.TerracottaServiceProviderRegistryImpl - Registering implementation-provided service com.tc.services.PlatformServiceProvider@4f67eb2a
2021-01-12 14:49:22,718 [main] INFO com.tc.services.TerracottaServiceProviderRegistryImpl - Registering implementation-provided service com.tc.services.EntityMessengerProvider@76f2bbc1
2021-01-12 14:49:22,719 [main] INFO com.tc.services.TerracottaServiceProviderRegistryImpl - Initializing com.tc.objectserver.persistence.NullPlatformStorageServiceProvider@2e1d27ba
2021-01-12 14:49:22,720 [main] INFO com.tc.services.TerracottaServiceProviderRegistryImpl - Registering implementation-provided service com.tc.services.LocalMonitoringProducer@5939a379
2021-01-12 14:49:22,733 [main] INFO com.tc.net.core.TCWorkerCommManager - Creating 4 worker comm threads for L2_L1
2021-01-12 14:49:22,779 [main] INFO com.tc.services.TerracottaServiceProviderRegistryImpl - Registering implementation-provided service com.tc.services.CommunicatorService@7c137fd5
2021-01-12 14:49:22,801 [main] INFO com.tc.objectserver.impl.DistributedObjectServer - This L2 Node ID = NodeID[192.168.1.11:9410]
2021-01-12 14:49:22,801 [main] INFO com.tc.l2.state.StateManagerImpl - Starting election initial state:State[ START-STATE ]
2021-01-12 14:49:22,804 [WorkerThread(l2_election_handler_stage, 0)] INFO com.tc.l2.state.ElectionManagerImpl - Election Started : Enrollment [ NodeID[192.168.1.11:9410], isNew = true, weights = 0,0,0,0,0,42,195328299023840657,0 ]
2021-01-12 14:49:22,805 [WorkerThread(l2_election_handler_stage, 0)] INFO com.tc.l2.state.ElectionManagerImpl - Election took 0 sec. ending in State[ Election-In-Progress ]
2021-01-12 14:49:22,805 [WorkerThread(l2_election_handler_stage, 0)] INFO com.tc.l2.state.ElectionManagerImpl - Election Complete : [Enrollment [ NodeID[192.168.1.11:9410], isNew = true, weights = 0,0,0,0,0,42,195328299023840657,0 ]] : State[ Election-Complete ]
2021-01-12 14:49:22,806 [WorkerThread(l2_election_handler_stage, 0)] INFO com.tc.l2.state.ElectionManagerImpl - Declared as Winner: Winner is : Enrollment [ NodeID[192.168.1.11:9410], isNew = true, weights = 0,0,0,0,0,42,195328299023840657,0 ]
2021-01-12 14:49:22,825 [main] INFO com.tc.server.TCServer - Server started as 192.168.1.11:9410
2021-01-12 14:49:22,859 [WorkerThread(request_processor_stage, 3, 3)] INFO com.tc.objectserver.entity.ManagedEntityImpl - Client:ClientID[-1]:ClientInstanceID(0) Invoking lifecycle CREATE_ENTITY on EntityID{className='org.terracotta.lease.LeaseAcquirer', entityName='SystemLeaseAcquirer'}:FetchID=[1]
2021-01-12 14:49:22,861 [WorkerThread(request_processor_stage, 3, 3)] INFO org.terracotta.lease.service.LeaseServiceProvider - Creating LeaseService
2021-01-12 14:49:22,865 [WorkerThread(request_processor_stage, 3, 3)] INFO com.tc.objectserver.impl.DistributedObjectServer - completed lifecycle CREATE_ENTITY on EntityID{className='org.terracotta.lease.LeaseAcquirer', entityName='SystemLeaseAcquirer'}:FetchID=[1]
2021-01-12 14:49:22,867 [WorkerThread(l2_state_change_stage, 0)] INFO com.tc.l2.ha.StripeIDStateManagerImpl - Persisting StripeID - StripeID[1f720a49ba9d42f3bc60847723be45a3]
2021-01-12 14:49:22,868 [WorkerThread(l2_state_change_stage, 0)] INFO org.terracotta.console - Terracotta Server instance has started up as ACTIVE node on 0.0.0.0:9410 successfully, and is now ready for work.
2021-01-12 14:49:22,869 [WorkerThread(l2_state_change_stage, 0)] INFO org.terracotta.console - Moved to State[ ACTIVE-COORDINATOR ]
2021-01-12 14:51:30,110 [CommonShutDownHook] INFO com.tc.objectserver.impl.DistributedObjectServer - L2 Exiting...
