2021-01-12 14:40:02,445 [main] INFO com.tc.server.TCServerMain - Terracotta 5.6.5, as of 2019-09-04 at 12:21:32 PDT (Revision 16f7e6193f56415c0d3795afaed3c2b959a534cc from UNKNOWN)
2021-01-12 14:40:02,460 [main] INFO com.tc.server.TCServerMain - PID is 24434
2021-01-12 14:40:02,464 [main] INFO com.tc.properties.TCPropertiesImpl - Loading default properties from tc.properties
2021-01-12 14:40:02,466 [main] INFO com.tc.properties.TCPropertiesImpl - The property "l2.dump.on.exception.timeout" was read before initialization completed. "l2.dump.on.exception.timeout" = 30
2021-01-12 14:40:02,469 [main] INFO com.tc.classloader.ServiceLocator - Entity/Service apis will be loaded from /Volumes/Devs/dev/limber-ehcache/server/plugins/api
2021-01-12 14:40:02,469 [main] INFO com.tc.classloader.ServiceLocator - Entity/Service implementations will be loaded from /Volumes/Devs/dev/limber-ehcache/server/plugins/lib
2021-01-12 14:40:02,529 [main] INFO com.tc.config.DefaultConfigurationProvider - Attempting to load configuration from the file at '/Volumes/Devs/dev/limber-ehcache/server/conf/tc-config.xml'...
2021-01-12 14:40:02,752 [main] INFO com.tc.config.DefaultConfigurationProvider - Successfully loaded configuration from the file at '/Volumes/Devs/dev/limber-ehcache/server/conf/tc-config.xml'
2021-01-12 14:40:02,768 [main] INFO com.tc.config.DefaultConfigurationProvider - The configuration specified by the configuration file at '/Volumes/Devs/dev/limber-ehcache/server/conf/tc-config.xml': 

<?xml version="1.0" encoding="UTF-8" standalone="yes"?>
<tc-config xmlns="http://www.terracotta.org/config">
    <plugins>
        <config>
            <ohr:offheap-resources xmlns:ohr="http://www.terracotta.org/config/offheap-resource">
                <ohr:resource name="primary-server-resource" unit="MB">128</ohr:resource>
                <ohr:resource name="secondary-server-resource" unit="MB">96</ohr:resource>
            </ohr:offheap-resources>
        </config>
    </plugins>
    <tc-properties>
        <property name="logging.maxLogFileSize" value="50"/>
    </tc-properties>
    <servers>
        <server host="192.168.1.11" name="192.168.1.11:9410" bind="0.0.0.0">
            <logs>/Volumes/Devs/dev/limber-ehcache/server/conf/logs/MBP-de-Elinam-9410</logs>
            <tsa-port bind="0.0.0.0">9410</tsa-port>
            <tsa-group-port bind="0.0.0.0">9430</tsa-group-port>
        </server>
        <client-reconnect-window>120</client-reconnect-window>
    </servers>
</tc-config>

2021-01-12 14:40:02,769 [main] INFO com.tc.properties.TCPropertiesImpl - The property "logging.maxLogFileSize" was overridden to 50 from 512 by the tc-config file
2021-01-12 14:40:02,770 [main] INFO com.tc.l2.logging.TCLogbackLogging - Log file: /Volumes/Devs/dev/limber-ehcache/server/conf/logs/MBP-de-Elinam-9410/terracotta.server.log
2021-01-12 14:40:02,778 [main] INFO com.tc.l2.logging.TCLogbackLogging - All Java System Properties for this Terracotta instance:
========================================================================
JVM arguments: [-XX:MaxDirectMemorySize=1048576g, -Xms256m, -Xmx2049m, -XX:+HeapDumpOnOutOfMemoryError, -Dtc.install-root=/Volumes/Devs/dev/limber-ehcache/server, -DapplyEvolutions.analytics=false, -DapplyDownEvolutions.analytics=false, -DapplyEvolutions.events=false, -DapplyDownEvolutions.events=false]
applyDownEvolutions.analytics : false
applyDownEvolutions.events    : false
applyEvolutions.analytics     : false
applyEvolutions.events        : false
awt.toolkit                   : sun.lwawt.macosx.LWCToolkit
file.encoding                 : UTF-8
file.encoding.pkg             : sun.io
file.separator                : /
ftp.nonProxyHosts             : local|*.local|169.254/16|*.169.254/16
gopherProxySet                : false
http.nonProxyHosts            : local|*.local|169.254/16|*.169.254/16
java.awt.graphicsenv          : sun.awt.CGraphicsEnvironment
java.awt.printerjob           : sun.lwawt.macosx.CPrinterJob
java.class.path               : /Volumes/Devs/dev/limber-ehcache/server/lib/tc.jar::/Volumes/Devs/dev/limber-ehcache/server/plugins/lib/client-message-tracker-5.7.3.jar:/Volumes/Devs/dev/limber-ehcache/server/plugins/lib/ehcache-api-3.8.1.jar:/Volumes/Devs/dev/limber-ehcache/server/plugins/lib/ehcache-common-3.8.1.jar:/Volumes/Devs/dev/limber-ehcache/server/plugins/lib/ehcache-server-3.8.1.jar:/Volumes/Devs/dev/limber-ehcache/server/plugins/lib/lease-common-5.7.3.jar:/Volumes/Devs/dev/limber-ehcache/server/plugins/lib/lease-entity-api-5.7.3.jar:/Volumes/Devs/dev/limber-ehcache/server/plugins/lib/lease-entity-common-5.7.3.jar:/Volumes/Devs/dev/limber-ehcache/server/plugins/lib/lease-entity-server-5.7.3.jar:/Volumes/Devs/dev/limber-ehcache/server/plugins/lib/mnm-common-5.7.3.jar:/Volumes/Devs/dev/limber-ehcache/server/plugins/lib/monitoring-service-api-5.7.3.jar:/Volumes/Devs/dev/limber-ehcache/server/plugins/lib/monitoring-support-1.6.1.jar:/Volumes/Devs/dev/limber-ehcache/server/plugins/lib/offheap-resource-5.7.3.jar:/Volumes/Devs/dev/limber-ehcache/server/plugins/lib/offheap-store-2.4.3.jar:/Volumes/Devs/dev/limber-ehcache/server/plugins/lib/runnel-5.7.3.jar:/Volumes/Devs/dev/limber-ehcache/server/plugins/lib/slf4j-api-1.7.25.jar:/Volumes/Devs/dev/limber-ehcache/server/plugins/lib/standard-cluster-services-1.6.1.jar:/Volumes/Devs/dev/limber-ehcache/server/plugins/lib/statistics-2.1.jar:/Volumes/Devs/dev/limber-ehcache/server/lib/slf4j-api-1.7.25.jar:/Volumes/Devs/dev/limber-ehcache/server/lib
java.class.version            : 52.0
java.endorsed.dirs            : /Library/Java/JavaVirtualMachines/jdk1.8.0_202.jdk/Contents/Home/jre/lib/endorsed
java.ext.dirs                 : /Users/elinam/Library/Java/Extensions:/Library/Java/JavaVirtualMachines/jdk1.8.0_202.jdk/Contents/Home/jre/lib/ext:/Library/Java/Extensions:/Network/Library/Java/Extensions:/System/Library/Java/Extensions:/usr/lib/java
java.home                     : /Library/Java/JavaVirtualMachines/jdk1.8.0_202.jdk/Contents/Home/jre
java.io.tmpdir                : /var/folders/7k/8wr934wd0mn0pcryfw9lkmgr0000gn/T/
java.library.path             : /Users/elinam/Library/Java/Extensions:/Library/Java/Extensions:/Network/Library/Java/Extensions:/System/Library/Java/Extensions:/usr/lib/java:.
java.runtime.name             : Java(TM) SE Runtime Environment
java.runtime.version          : 1.8.0_202-b08
java.specification.name       : Java Platform API Specification
java.specification.vendor     : Oracle Corporation
java.specification.version    : 1.8
java.vendor                   : Oracle Corporation
java.vendor.url               : http://java.oracle.com/
java.vendor.url.bug           : http://bugreport.sun.com/bugreport/
java.version                  : 1.8.0_202
java.vm.info                  : mixed mode
java.vm.name                  : Java HotSpot(TM) 64-Bit Server VM
java.vm.specification.name    : Java Virtual Machine Specification
java.vm.specification.vendor  : Oracle Corporation
java.vm.specification.version : 1.8
java.vm.vendor                : Oracle Corporation
java.vm.version               : 25.202-b08
line.separator                : 

os.arch                       : x86_64
os.name                       : Mac OS X
os.version                    : 10.16
path.separator                : :
socksNonProxyHosts            : local|*.local|169.254/16|*.169.254/16
sun.arch.data.model           : 64
sun.boot.class.path           : /Library/Java/JavaVirtualMachines/jdk1.8.0_202.jdk/Contents/Home/jre/lib/resources.jar:/Library/Java/JavaVirtualMachines/jdk1.8.0_202.jdk/Contents/Home/jre/lib/rt.jar:/Library/Java/JavaVirtualMachines/jdk1.8.0_202.jdk/Contents/Home/jre/lib/sunrsasign.jar:/Library/Java/JavaVirtualMachines/jdk1.8.0_202.jdk/Contents/Home/jre/lib/jsse.jar:/Library/Java/JavaVirtualMachines/jdk1.8.0_202.jdk/Contents/Home/jre/lib/jce.jar:/Library/Java/JavaVirtualMachines/jdk1.8.0_202.jdk/Contents/Home/jre/lib/charsets.jar:/Library/Java/JavaVirtualMachines/jdk1.8.0_202.jdk/Contents/Home/jre/lib/jfr.jar:/Library/Java/JavaVirtualMachines/jdk1.8.0_202.jdk/Contents/Home/jre/classes
sun.boot.library.path         : /Library/Java/JavaVirtualMachines/jdk1.8.0_202.jdk/Contents/Home/jre/lib
sun.cpu.endian                : little
sun.cpu.isalist               : 
sun.io.unicode.encoding       : UnicodeBig
sun.java.command              : com.tc.server.TCServerMain -f server/conf/tc-config.xml
sun.java.launcher             : SUN_STANDARD
sun.jnu.encoding              : UTF-8
sun.management.compiler       : HotSpot 64-Bit Tiered Compilers
sun.os.patch.level            : unknown
tc.install-root               : /Volumes/Devs/dev/limber-ehcache/server
user.country                  : FR
user.dir                      : /Volumes/Devs/dev/limber-ehcache
user.home                     : /Users/elinam
user.language                 : fr
user.name                     : elinam
user.timezone                 : Europe/Paris
========================================================================
2021-01-12 14:40:02,782 [main] INFO org.terracotta.console - Available Max Runtime Memory: 1822MB
2021-01-12 14:40:02,843 [main] INFO com.tc.objectserver.impl.DistributedObjectServer - Creating server nodeID: NodeID[192.168.1.11:9410]
2021-01-12 14:40:02,858 [main] INFO org.terracotta.lease.service.LeaseServiceProvider - Initializing LeaseServiceProvider
2021-01-12 14:40:02,858 [main] INFO org.terracotta.lease.service.LeaseServiceProvider - No lease configuration provided. Instead configuration was: null
2021-01-12 14:40:02,858 [main] INFO org.terracotta.lease.service.LeaseServiceProvider - Using lease length of 150000ms
2021-01-12 14:40:02,861 [main] INFO org.terracotta.lease.service.LeaseServiceProvider - LeaseServiceProvider initialized
2021-01-12 14:40:02,861 [main] INFO com.tc.services.TerracottaServiceProviderRegistryImpl - Initializing org.terracotta.lease.service.LeaseServiceProvider@69fb6037
2021-01-12 14:40:02,861 [main] INFO com.tc.services.TerracottaServiceProviderRegistryImpl - Initializing org.terracotta.client.message.tracker.OOOMessageHandlerProvider@671a5887
2021-01-12 14:40:02,863 [main] INFO com.tc.services.TerracottaServiceProviderRegistryImpl - Initializing org.ehcache.clustered.server.state.EhcacheStateServiceProvider@c03cf28
2021-01-12 14:40:02,863 [main] INFO com.tc.services.TerracottaServiceProviderRegistryImpl - Registering implementation-provided service com.tc.services.PlatformServiceProvider@4f67eb2a
2021-01-12 14:40:02,863 [main] INFO com.tc.services.TerracottaServiceProviderRegistryImpl - Registering implementation-provided service com.tc.services.EntityMessengerProvider@76f2bbc1
2021-01-12 14:40:02,864 [main] INFO com.tc.services.TerracottaServiceProviderRegistryImpl - Initializing com.tc.objectserver.persistence.NullPlatformStorageServiceProvider@2e1d27ba
2021-01-12 14:40:02,866 [main] INFO com.tc.services.TerracottaServiceProviderRegistryImpl - Registering implementation-provided service com.tc.services.LocalMonitoringProducer@5939a379
2021-01-12 14:40:02,879 [main] INFO com.tc.net.core.TCWorkerCommManager - Creating 4 worker comm threads for L2_L1
2021-01-12 14:40:02,924 [main] INFO com.tc.services.TerracottaServiceProviderRegistryImpl - Registering implementation-provided service com.tc.services.CommunicatorService@7c137fd5
2021-01-12 14:40:02,947 [main] INFO com.tc.objectserver.impl.DistributedObjectServer - This L2 Node ID = NodeID[192.168.1.11:9410]
2021-01-12 14:40:02,947 [main] INFO com.tc.l2.state.StateManagerImpl - Starting election initial state:State[ START-STATE ]
2021-01-12 14:40:02,950 [WorkerThread(l2_election_handler_stage, 0)] INFO com.tc.l2.state.ElectionManagerImpl - Election Started : Enrollment [ NodeID[192.168.1.11:9410], isNew = true, weights = 0,0,0,0,0,42,7673847025708904312,0 ]
2021-01-12 14:40:02,951 [WorkerThread(l2_election_handler_stage, 0)] INFO com.tc.l2.state.ElectionManagerImpl - Election took 0 sec. ending in State[ Election-In-Progress ]
2021-01-12 14:40:02,951 [WorkerThread(l2_election_handler_stage, 0)] INFO com.tc.l2.state.ElectionManagerImpl - Election Complete : [Enrollment [ NodeID[192.168.1.11:9410], isNew = true, weights = 0,0,0,0,0,42,7673847025708904312,0 ]] : State[ Election-Complete ]
2021-01-12 14:40:02,951 [WorkerThread(l2_election_handler_stage, 0)] INFO com.tc.l2.state.ElectionManagerImpl - Declared as Winner: Winner is : Enrollment [ NodeID[192.168.1.11:9410], isNew = true, weights = 0,0,0,0,0,42,7673847025708904312,0 ]
2021-01-12 14:40:02,968 [main] INFO com.tc.server.TCServer - Server started as 192.168.1.11:9410
2021-01-12 14:40:03,003 [WorkerThread(request_processor_stage, 3, 3)] INFO com.tc.objectserver.entity.ManagedEntityImpl - Client:ClientID[-1]:ClientInstanceID(0) Invoking lifecycle CREATE_ENTITY on EntityID{className='org.terracotta.lease.LeaseAcquirer', entityName='SystemLeaseAcquirer'}:FetchID=[1]
2021-01-12 14:40:03,005 [WorkerThread(request_processor_stage, 3, 3)] INFO org.terracotta.lease.service.LeaseServiceProvider - Creating LeaseService
2021-01-12 14:40:03,008 [WorkerThread(request_processor_stage, 3, 3)] INFO com.tc.objectserver.impl.DistributedObjectServer - completed lifecycle CREATE_ENTITY on EntityID{className='org.terracotta.lease.LeaseAcquirer', entityName='SystemLeaseAcquirer'}:FetchID=[1]
2021-01-12 14:40:03,010 [WorkerThread(l2_state_change_stage, 0)] INFO com.tc.l2.ha.StripeIDStateManagerImpl - Persisting StripeID - StripeID[9e33481b9244457380d3800dbc6f55e2]
2021-01-12 14:40:03,012 [WorkerThread(l2_state_change_stage, 0)] INFO org.terracotta.console - Terracotta Server instance has started up as ACTIVE node on 0.0.0.0:9410 successfully, and is now ready for work.
2021-01-12 14:40:03,012 [WorkerThread(l2_state_change_stage, 0)] INFO org.terracotta.console - Moved to State[ ACTIVE-COORDINATOR ]
2021-01-12 14:40:13,595 [L2_L1:TCComm Main Selector Thread_R (listen 0.0.0.0:9410)] INFO com.tc.net.protocol.transport.ServerStackProvider - "Client Cannot Reconnect. Connection attempts from the Terracotta node at 192.168.1.11:59095 are being rejected by the Terracotta server array. Reason: Stack for ConnectionID(15.764ec7ed529643e29bc518c96174cc78.c104a616-a3e0-4746-83a3-66f48c936eea-176f6d2ecd2.Permanent) not found."
2021-01-12 14:40:29,663 [WorkerThread(client_handshake_stage, 0)] INFO com.tc.objectserver.handshakemanager.ServerClientHandshakeManager - Handling client handshake for ClientID[10]
2021-01-12 14:40:29,663 [WorkerThread(client_handshake_stage, 0)] INFO com.tc.objectserver.handshakemanager.ServerClientHandshakeManager - confirming client handshake for STARTED 10 ClientID[10]
2021-01-12 14:40:29,663 [WorkerThread(client_handshake_stage, 0)] INFO com.tc.objectserver.handshakemanager.ServerClientHandshakeManager - Sending handshake acknowledgement to ClientID[10]
2021-01-12 14:40:29,670 [WorkerThread(request_processor_stage, 3, 3)] INFO com.tc.objectserver.entity.ManagedEntityImpl - Client:ClientID[10]:ClientInstanceID(1) Invoking lifecycle FETCH_ENTITY on EntityID{className='org.terracotta.lease.LeaseAcquirer', entityName='SystemLeaseAcquirer'}:FetchID=[1]
2021-01-12 14:40:29,671 [WorkerThread(request_processor_stage, 3, 3)] INFO com.tc.objectserver.impl.DistributedObjectServer - completed lifecycle FETCH_ENTITY on EntityID{className='org.terracotta.lease.LeaseAcquirer', entityName='SystemLeaseAcquirer'}:FetchID=[1]
2021-01-12 14:40:29,696 [WorkerThread(request_processor_stage, 3, 3)] INFO com.tc.objectserver.entity.ManagedEntityImpl - Client:ClientID[10]:ClientInstanceID(0) Invoking lifecycle CREATE_ENTITY on EntityID{className='org.ehcache.clustered.client.internal.lock.VoltronReadWriteLockClient', entityName='VoltronReadWriteLock-ClusterTierManagerClientEntityFactory-AccessLock-limber'}:FetchID=[2]
2021-01-12 14:40:29,700 [WorkerThread(request_processor_stage, 3, 3)] INFO com.tc.objectserver.impl.DistributedObjectServer - completed lifecycle CREATE_ENTITY on EntityID{className='org.ehcache.clustered.client.internal.lock.VoltronReadWriteLockClient', entityName='VoltronReadWriteLock-ClusterTierManagerClientEntityFactory-AccessLock-limber'}:FetchID=[2]
2021-01-12 14:40:29,751 [L2_L1:TCWorkerComm # 0_R] INFO com.tc.objectserver.handler.ClientChannelLifeCycleHandler - : Received transport disconnect.  Shutting down client ClientID[10]
2021-01-12 14:40:29,754 [WorkerThread(request_processor_stage, 3, 3)] INFO com.tc.objectserver.entity.ManagedEntityImpl - Client:ClientID[10]:ClientInstanceID(0) Invoking lifecycle DISCONNECT_CLIENT on EntityID{className='org.terracotta.lease.LeaseAcquirer', entityName='SystemLeaseAcquirer'}:FetchID=[1]
2021-01-12 14:40:29,756 [WorkerThread(request_processor_stage, 3, 3)] INFO com.tc.objectserver.entity.ManagedEntityImpl - Client:ClientID[10]:ClientInstanceID(1) Invoking lifecycle RELEASE_ENTITY on EntityID{className='org.terracotta.lease.LeaseAcquirer', entityName='SystemLeaseAcquirer'}:FetchID=[1]
2021-01-12 14:40:29,756 [WorkerThread(request_processor_stage, 3, 3)] INFO com.tc.objectserver.impl.DistributedObjectServer - completed lifecycle RELEASE_ENTITY on EntityID{className='org.terracotta.lease.LeaseAcquirer', entityName='SystemLeaseAcquirer'}:FetchID=[1]
2021-01-12 14:40:36,763 [WorkerThread(client_handshake_stage, 0)] INFO com.tc.objectserver.handshakemanager.ServerClientHandshakeManager - Handling client handshake for ClientID[11]
2021-01-12 14:40:36,763 [WorkerThread(client_handshake_stage, 0)] INFO com.tc.objectserver.handshakemanager.ServerClientHandshakeManager - confirming client handshake for STARTED 11 ClientID[11]
2021-01-12 14:40:36,763 [WorkerThread(client_handshake_stage, 0)] INFO com.tc.objectserver.handshakemanager.ServerClientHandshakeManager - Sending handshake acknowledgement to ClientID[11]
2021-01-12 14:40:36,788 [WorkerThread(request_processor_stage, 3, 3)] INFO com.tc.objectserver.entity.ManagedEntityImpl - Client:ClientID[11]:ClientInstanceID(1) Invoking lifecycle FETCH_ENTITY on EntityID{className='org.terracotta.lease.LeaseAcquirer', entityName='SystemLeaseAcquirer'}:FetchID=[1]
2021-01-12 14:40:36,788 [WorkerThread(request_processor_stage, 3, 3)] INFO com.tc.objectserver.impl.DistributedObjectServer - completed lifecycle FETCH_ENTITY on EntityID{className='org.terracotta.lease.LeaseAcquirer', entityName='SystemLeaseAcquirer'}:FetchID=[1]
2021-01-12 14:40:36,811 [WorkerThread(request_processor_stage, 3, 3)] INFO com.tc.objectserver.entity.ManagedEntityImpl - Client:ClientID[11]:ClientInstanceID(0) Invoking lifecycle CREATE_ENTITY on EntityID{className='org.ehcache.clustered.client.internal.lock.VoltronReadWriteLockClient', entityName='VoltronReadWriteLock-ClusterTierManagerClientEntityFactory-AccessLock-limber'}:FetchID=[2]
2021-01-12 14:40:36,812 [WorkerThread(request_processor_stage, 3, 3)] INFO com.tc.objectserver.impl.DistributedObjectServer - completed lifecycle CREATE_ENTITY on EntityID{className='org.ehcache.clustered.client.internal.lock.VoltronReadWriteLockClient', entityName='VoltronReadWriteLock-ClusterTierManagerClientEntityFactory-AccessLock-limber'}:FetchID=[2]
2021-01-12 14:40:36,831 [WorkerThread(request_processor_stage, 3, 3)] INFO com.tc.objectserver.entity.ManagedEntityImpl - Client:ClientID[11]:ClientInstanceID(2) Invoking lifecycle FETCH_ENTITY on EntityID{className='org.ehcache.clustered.client.internal.lock.VoltronReadWriteLockClient', entityName='VoltronReadWriteLock-ClusterTierManagerClientEntityFactory-AccessLock-limber'}:FetchID=[2]
2021-01-12 14:40:36,831 [WorkerThread(request_processor_stage, 3, 3)] INFO com.tc.objectserver.impl.DistributedObjectServer - completed lifecycle FETCH_ENTITY on EntityID{className='org.ehcache.clustered.client.internal.lock.VoltronReadWriteLockClient', entityName='VoltronReadWriteLock-ClusterTierManagerClientEntityFactory-AccessLock-limber'}:FetchID=[2]
2021-01-12 14:40:36,856 [WorkerThread(request_processor_stage, 3, 3)] INFO com.tc.objectserver.entity.ManagedEntityImpl - Client:ClientID[11]:ClientInstanceID(0) Invoking lifecycle CREATE_ENTITY on EntityID{className='org.ehcache.clustered.client.internal.ClusterTierManagerClientEntity', entityName='limber'}:FetchID=[4]
2021-01-12 14:40:36,870 [WorkerThread(request_processor_stage, 3, 3)] INFO org.ehcache.clustered.server.EhcacheStateServiceImpl - Configuring server-side cluster tier manager
2021-01-12 14:40:36,872 [WorkerThread(request_processor_stage, 3, 3)] INFO com.tc.objectserver.impl.DistributedObjectServer - completed lifecycle CREATE_ENTITY on EntityID{className='org.ehcache.clustered.client.internal.ClusterTierManagerClientEntity', entityName='limber'}:FetchID=[4]
2021-01-12 14:40:36,875 [WorkerThread(request_processor_stage, 3, 3)] INFO com.tc.objectserver.entity.ManagedEntityImpl - Client:ClientID[11]:ClientInstanceID(2) Invoking lifecycle RELEASE_ENTITY on EntityID{className='org.ehcache.clustered.client.internal.lock.VoltronReadWriteLockClient', entityName='VoltronReadWriteLock-ClusterTierManagerClientEntityFactory-AccessLock-limber'}:FetchID=[2]
2021-01-12 14:40:36,876 [WorkerThread(request_processor_stage, 3, 3)] INFO com.tc.objectserver.impl.DistributedObjectServer - completed lifecycle RELEASE_ENTITY on EntityID{className='org.ehcache.clustered.client.internal.lock.VoltronReadWriteLockClient', entityName='VoltronReadWriteLock-ClusterTierManagerClientEntityFactory-AccessLock-limber'}:FetchID=[2]
2021-01-12 14:40:36,877 [WorkerThread(request_processor_stage, 3, 3)] INFO com.tc.objectserver.entity.ManagedEntityImpl - Client:ClientID[11]:ClientInstanceID(0) Invoking lifecycle DESTROY_ENTITY on EntityID{className='org.ehcache.clustered.client.internal.lock.VoltronReadWriteLockClient', entityName='VoltronReadWriteLock-ClusterTierManagerClientEntityFactory-AccessLock-limber'}:FetchID=[2]
2021-01-12 14:40:36,878 [WorkerThread(request_processor_stage, 3, 3)] INFO com.tc.objectserver.impl.DistributedObjectServer - completed lifecycle DESTROY_ENTITY on EntityID{className='org.ehcache.clustered.client.internal.lock.VoltronReadWriteLockClient', entityName='VoltronReadWriteLock-ClusterTierManagerClientEntityFactory-AccessLock-limber'}:FetchID=[2]
2021-01-12 14:40:36,880 [WorkerThread(request_processor_stage, 3, 3)] INFO com.tc.objectserver.entity.ManagedEntityImpl - Client:ClientID[11]:ClientInstanceID(0) Invoking lifecycle CREATE_ENTITY on EntityID{className='org.ehcache.clustered.client.internal.lock.VoltronReadWriteLockClient', entityName='VoltronReadWriteLock-ClusterTierManagerClientEntityFactory-AccessLock-limber'}:FetchID=[5]
2021-01-12 14:40:36,880 [WorkerThread(request_processor_stage, 3, 3)] INFO com.tc.objectserver.impl.DistributedObjectServer - completed lifecycle CREATE_ENTITY on EntityID{className='org.ehcache.clustered.client.internal.lock.VoltronReadWriteLockClient', entityName='VoltronReadWriteLock-ClusterTierManagerClientEntityFactory-AccessLock-limber'}:FetchID=[5]
2021-01-12 14:40:36,881 [WorkerThread(request_processor_stage, 3, 3)] INFO com.tc.objectserver.entity.ManagedEntityImpl - Client:ClientID[11]:ClientInstanceID(3) Invoking lifecycle FETCH_ENTITY on EntityID{className='org.ehcache.clustered.client.internal.lock.VoltronReadWriteLockClient', entityName='VoltronReadWriteLock-ClusterTierManagerClientEntityFactory-AccessLock-limber'}:FetchID=[5]
2021-01-12 14:40:36,881 [WorkerThread(request_processor_stage, 3, 3)] INFO com.tc.objectserver.impl.DistributedObjectServer - completed lifecycle FETCH_ENTITY on EntityID{className='org.ehcache.clustered.client.internal.lock.VoltronReadWriteLockClient', entityName='VoltronReadWriteLock-ClusterTierManagerClientEntityFactory-AccessLock-limber'}:FetchID=[5]
2021-01-12 14:40:36,896 [WorkerThread(request_processor_stage, 3, 3)] INFO com.tc.objectserver.entity.ManagedEntityImpl - Client:ClientID[11]:ClientInstanceID(4) Invoking lifecycle FETCH_ENTITY on EntityID{className='org.ehcache.clustered.client.internal.ClusterTierManagerClientEntity', entityName='limber'}:FetchID=[4]
2021-01-12 14:40:36,896 [WorkerThread(request_processor_stage, 3, 3)] INFO org.ehcache.clustered.server.ClusterTierManagerActiveEntity - Connecting ClientDescriptorImpl{nodeID=ClientID[11], entityDescriptor=ClientInstanceID(4)}
2021-01-12 14:40:36,897 [WorkerThread(request_processor_stage, 3, 3)] INFO com.tc.objectserver.impl.DistributedObjectServer - completed lifecycle FETCH_ENTITY on EntityID{className='org.ehcache.clustered.client.internal.ClusterTierManagerClientEntity', entityName='limber'}:FetchID=[4]
2021-01-12 14:40:45,599 [WorkerThread(single_threaded_fastpath, 0)] INFO com.tc.objectserver.entity.ManagedEntityImpl - Client:ClientID[11]:ClientInstanceID(3) Invoking lifecycle RELEASE_ENTITY on EntityID{className='org.ehcache.clustered.client.internal.lock.VoltronReadWriteLockClient', entityName='VoltronReadWriteLock-ClusterTierManagerClientEntityFactory-AccessLock-limber'}:FetchID=[5]
2021-01-12 14:40:45,601 [WorkerThread(single_threaded_fastpath, 0)] INFO com.tc.objectserver.impl.DistributedObjectServer - completed lifecycle RELEASE_ENTITY on EntityID{className='org.ehcache.clustered.client.internal.lock.VoltronReadWriteLockClient', entityName='VoltronReadWriteLock-ClusterTierManagerClientEntityFactory-AccessLock-limber'}:FetchID=[5]
2021-01-12 14:40:45,602 [WorkerThread(single_threaded_fastpath, 0)] INFO com.tc.objectserver.entity.ManagedEntityImpl - Client:ClientID[11]:ClientInstanceID(0) Invoking lifecycle DESTROY_ENTITY on EntityID{className='org.ehcache.clustered.client.internal.lock.VoltronReadWriteLockClient', entityName='VoltronReadWriteLock-ClusterTierManagerClientEntityFactory-AccessLock-limber'}:FetchID=[5]
2021-01-12 14:40:45,603 [WorkerThread(single_threaded_fastpath, 0)] INFO com.tc.objectserver.impl.DistributedObjectServer - completed lifecycle DESTROY_ENTITY on EntityID{className='org.ehcache.clustered.client.internal.lock.VoltronReadWriteLockClient', entityName='VoltronReadWriteLock-ClusterTierManagerClientEntityFactory-AccessLock-limber'}:FetchID=[5]
2021-01-12 14:40:45,609 [L2_L1:TCWorkerComm # 0_R] INFO com.tc.objectserver.handler.ClientChannelLifeCycleHandler - : Received transport disconnect.  Shutting down client ClientID[11]
2021-01-12 14:40:45,610 [WorkerThread(request_processor_stage, 3, 3)] INFO com.tc.objectserver.entity.ManagedEntityImpl - Client:ClientID[11]:ClientInstanceID(0) Invoking lifecycle DISCONNECT_CLIENT on EntityID{className='org.terracotta.lease.LeaseAcquirer', entityName='SystemLeaseAcquirer'}:FetchID=[1]
2021-01-12 14:40:45,610 [WorkerThread(request_processor_stage, 3, 3)] INFO com.tc.objectserver.entity.ManagedEntityImpl - Client:ClientID[11]:ClientInstanceID(0) Invoking lifecycle DISCONNECT_CLIENT on EntityID{className='org.ehcache.clustered.client.internal.ClusterTierManagerClientEntity', entityName='limber'}:FetchID=[4]
2021-01-12 14:40:45,610 [WorkerThread(request_processor_stage, 3, 3)] INFO com.tc.objectserver.entity.ManagedEntityImpl - Client:ClientID[11]:ClientInstanceID(1) Invoking lifecycle RELEASE_ENTITY on EntityID{className='org.terracotta.lease.LeaseAcquirer', entityName='SystemLeaseAcquirer'}:FetchID=[1]
2021-01-12 14:40:45,611 [WorkerThread(request_processor_stage, 3, 3)] INFO com.tc.objectserver.impl.DistributedObjectServer - completed lifecycle RELEASE_ENTITY on EntityID{className='org.terracotta.lease.LeaseAcquirer', entityName='SystemLeaseAcquirer'}:FetchID=[1]
2021-01-12 14:40:45,611 [WorkerThread(request_processor_stage, 3, 3)] INFO com.tc.objectserver.entity.ManagedEntityImpl - Client:ClientID[11]:ClientInstanceID(4) Invoking lifecycle RELEASE_ENTITY on EntityID{className='org.ehcache.clustered.client.internal.ClusterTierManagerClientEntity', entityName='limber'}:FetchID=[4]
2021-01-12 14:40:45,611 [WorkerThread(request_processor_stage, 3, 3)] INFO org.ehcache.clustered.server.ClusterTierManagerActiveEntity - Disconnecting ClientDescriptorImpl{nodeID=ClientID[11], entityDescriptor=ClientInstanceID(4)}
2021-01-12 14:40:45,611 [WorkerThread(request_processor_stage, 3, 3)] INFO com.tc.objectserver.impl.DistributedObjectServer - completed lifecycle RELEASE_ENTITY on EntityID{className='org.ehcache.clustered.client.internal.ClusterTierManagerClientEntity', entityName='limber'}:FetchID=[4]
2021-01-12 14:40:50,526 [WorkerThread(client_handshake_stage, 0)] INFO com.tc.objectserver.handshakemanager.ServerClientHandshakeManager - Handling client handshake for ClientID[12]
2021-01-12 14:40:50,527 [WorkerThread(client_handshake_stage, 0)] INFO com.tc.objectserver.handshakemanager.ServerClientHandshakeManager - confirming client handshake for STARTED 12 ClientID[12]
2021-01-12 14:40:50,527 [WorkerThread(client_handshake_stage, 0)] INFO com.tc.objectserver.handshakemanager.ServerClientHandshakeManager - Sending handshake acknowledgement to ClientID[12]
2021-01-12 14:40:50,554 [WorkerThread(request_processor_stage, 3, 3)] INFO com.tc.objectserver.entity.ManagedEntityImpl - Client:ClientID[12]:ClientInstanceID(1) Invoking lifecycle FETCH_ENTITY on EntityID{className='org.terracotta.lease.LeaseAcquirer', entityName='SystemLeaseAcquirer'}:FetchID=[1]
2021-01-12 14:40:50,554 [WorkerThread(request_processor_stage, 3, 3)] INFO com.tc.objectserver.impl.DistributedObjectServer - completed lifecycle FETCH_ENTITY on EntityID{className='org.terracotta.lease.LeaseAcquirer', entityName='SystemLeaseAcquirer'}:FetchID=[1]
2021-01-12 14:40:50,577 [WorkerThread(request_processor_stage, 3, 3)] INFO com.tc.objectserver.entity.ManagedEntityImpl - Client:ClientID[12]:ClientInstanceID(0) Invoking lifecycle CREATE_ENTITY on EntityID{className='org.ehcache.clustered.client.internal.lock.VoltronReadWriteLockClient', entityName='VoltronReadWriteLock-ClusterTierManagerClientEntityFactory-AccessLock-limber'}:FetchID=[6]
2021-01-12 14:40:50,578 [WorkerThread(request_processor_stage, 3, 3)] INFO com.tc.objectserver.impl.DistributedObjectServer - completed lifecycle CREATE_ENTITY on EntityID{className='org.ehcache.clustered.client.internal.lock.VoltronReadWriteLockClient', entityName='VoltronReadWriteLock-ClusterTierManagerClientEntityFactory-AccessLock-limber'}:FetchID=[6]
2021-01-12 14:40:50,580 [WorkerThread(request_processor_stage, 3, 3)] INFO com.tc.objectserver.entity.ManagedEntityImpl - Client:ClientID[12]:ClientInstanceID(2) Invoking lifecycle FETCH_ENTITY on EntityID{className='org.ehcache.clustered.client.internal.lock.VoltronReadWriteLockClient', entityName='VoltronReadWriteLock-ClusterTierManagerClientEntityFactory-AccessLock-limber'}:FetchID=[6]
2021-01-12 14:40:50,580 [WorkerThread(request_processor_stage, 3, 3)] INFO com.tc.objectserver.impl.DistributedObjectServer - completed lifecycle FETCH_ENTITY on EntityID{className='org.ehcache.clustered.client.internal.lock.VoltronReadWriteLockClient', entityName='VoltronReadWriteLock-ClusterTierManagerClientEntityFactory-AccessLock-limber'}:FetchID=[6]
2021-01-12 14:40:50,587 [WorkerThread(request_processor_stage, 3, 3)] INFO com.tc.objectserver.entity.ManagedEntityImpl - Client:ClientID[12]:ClientInstanceID(0) Invoking lifecycle CREATE_ENTITY on EntityID{className='org.ehcache.clustered.client.internal.ClusterTierManagerClientEntity', entityName='limber'}:FetchID=[4]
2021-01-12 14:40:50,588 [WorkerThread(request_processor_stage, 3, 3)] INFO com.tc.objectserver.impl.DistributedObjectServer - completed lifecycle CREATE_ENTITY on EntityID{className='org.ehcache.clustered.client.internal.ClusterTierManagerClientEntity', entityName='limber'}:FetchID=[4]
2021-01-12 14:40:50,603 [WorkerThread(request_processor_stage, 3, 3)] INFO com.tc.objectserver.entity.ManagedEntityImpl - Client:ClientID[12]:ClientInstanceID(2) Invoking lifecycle RELEASE_ENTITY on EntityID{className='org.ehcache.clustered.client.internal.lock.VoltronReadWriteLockClient', entityName='VoltronReadWriteLock-ClusterTierManagerClientEntityFactory-AccessLock-limber'}:FetchID=[6]
2021-01-12 14:40:50,603 [WorkerThread(request_processor_stage, 3, 3)] INFO com.tc.objectserver.impl.DistributedObjectServer - completed lifecycle RELEASE_ENTITY on EntityID{className='org.ehcache.clustered.client.internal.lock.VoltronReadWriteLockClient', entityName='VoltronReadWriteLock-ClusterTierManagerClientEntityFactory-AccessLock-limber'}:FetchID=[6]
2021-01-12 14:40:50,605 [WorkerThread(request_processor_stage, 3, 3)] INFO com.tc.objectserver.entity.ManagedEntityImpl - Client:ClientID[12]:ClientInstanceID(0) Invoking lifecycle DESTROY_ENTITY on EntityID{className='org.ehcache.clustered.client.internal.lock.VoltronReadWriteLockClient', entityName='VoltronReadWriteLock-ClusterTierManagerClientEntityFactory-AccessLock-limber'}:FetchID=[6]
2021-01-12 14:40:50,605 [WorkerThread(request_processor_stage, 3, 3)] INFO com.tc.objectserver.impl.DistributedObjectServer - completed lifecycle DESTROY_ENTITY on EntityID{className='org.ehcache.clustered.client.internal.lock.VoltronReadWriteLockClient', entityName='VoltronReadWriteLock-ClusterTierManagerClientEntityFactory-AccessLock-limber'}:FetchID=[6]
2021-01-12 14:40:50,606 [WorkerThread(request_processor_stage, 3, 3)] INFO com.tc.objectserver.entity.ManagedEntityImpl - Client:ClientID[12]:ClientInstanceID(0) Invoking lifecycle CREATE_ENTITY on EntityID{className='org.ehcache.clustered.client.internal.lock.VoltronReadWriteLockClient', entityName='VoltronReadWriteLock-ClusterTierManagerClientEntityFactory-AccessLock-limber'}:FetchID=[8]
2021-01-12 14:40:50,606 [WorkerThread(request_processor_stage, 3, 3)] INFO com.tc.objectserver.impl.DistributedObjectServer - completed lifecycle CREATE_ENTITY on EntityID{className='org.ehcache.clustered.client.internal.lock.VoltronReadWriteLockClient', entityName='VoltronReadWriteLock-ClusterTierManagerClientEntityFactory-AccessLock-limber'}:FetchID=[8]
2021-01-12 14:40:50,607 [WorkerThread(request_processor_stage, 3, 3)] INFO com.tc.objectserver.entity.ManagedEntityImpl - Client:ClientID[12]:ClientInstanceID(3) Invoking lifecycle FETCH_ENTITY on EntityID{className='org.ehcache.clustered.client.internal.lock.VoltronReadWriteLockClient', entityName='VoltronReadWriteLock-ClusterTierManagerClientEntityFactory-AccessLock-limber'}:FetchID=[8]
2021-01-12 14:40:50,608 [WorkerThread(request_processor_stage, 3, 3)] INFO com.tc.objectserver.impl.DistributedObjectServer - completed lifecycle FETCH_ENTITY on EntityID{className='org.ehcache.clustered.client.internal.lock.VoltronReadWriteLockClient', entityName='VoltronReadWriteLock-ClusterTierManagerClientEntityFactory-AccessLock-limber'}:FetchID=[8]
2021-01-12 14:40:50,624 [WorkerThread(request_processor_stage, 3, 3)] INFO com.tc.objectserver.entity.ManagedEntityImpl - Client:ClientID[12]:ClientInstanceID(4) Invoking lifecycle FETCH_ENTITY on EntityID{className='org.ehcache.clustered.client.internal.ClusterTierManagerClientEntity', entityName='limber'}:FetchID=[4]
2021-01-12 14:40:50,624 [WorkerThread(request_processor_stage, 3, 3)] INFO org.ehcache.clustered.server.ClusterTierManagerActiveEntity - Connecting ClientDescriptorImpl{nodeID=ClientID[12], entityDescriptor=ClientInstanceID(4)}
2021-01-12 14:40:50,624 [WorkerThread(request_processor_stage, 3, 3)] INFO com.tc.objectserver.impl.DistributedObjectServer - completed lifecycle FETCH_ENTITY on EntityID{className='org.ehcache.clustered.client.internal.ClusterTierManagerClientEntity', entityName='limber'}:FetchID=[4]
2021-01-12 14:41:04,987 [WorkerThread(single_threaded_fastpath, 0)] INFO com.tc.objectserver.entity.ManagedEntityImpl - Client:ClientID[12]:ClientInstanceID(3) Invoking lifecycle RELEASE_ENTITY on EntityID{className='org.ehcache.clustered.client.internal.lock.VoltronReadWriteLockClient', entityName='VoltronReadWriteLock-ClusterTierManagerClientEntityFactory-AccessLock-limber'}:FetchID=[8]
2021-01-12 14:41:04,988 [WorkerThread(single_threaded_fastpath, 0)] INFO com.tc.objectserver.impl.DistributedObjectServer - completed lifecycle RELEASE_ENTITY on EntityID{className='org.ehcache.clustered.client.internal.lock.VoltronReadWriteLockClient', entityName='VoltronReadWriteLock-ClusterTierManagerClientEntityFactory-AccessLock-limber'}:FetchID=[8]
2021-01-12 14:41:04,990 [WorkerThread(single_threaded_fastpath, 0)] INFO com.tc.objectserver.entity.ManagedEntityImpl - Client:ClientID[12]:ClientInstanceID(0) Invoking lifecycle DESTROY_ENTITY on EntityID{className='org.ehcache.clustered.client.internal.lock.VoltronReadWriteLockClient', entityName='VoltronReadWriteLock-ClusterTierManagerClientEntityFactory-AccessLock-limber'}:FetchID=[8]
2021-01-12 14:41:04,990 [WorkerThread(single_threaded_fastpath, 0)] INFO com.tc.objectserver.impl.DistributedObjectServer - completed lifecycle DESTROY_ENTITY on EntityID{className='org.ehcache.clustered.client.internal.lock.VoltronReadWriteLockClient', entityName='VoltronReadWriteLock-ClusterTierManagerClientEntityFactory-AccessLock-limber'}:FetchID=[8]
2021-01-12 14:41:04,998 [L2_L1:TCWorkerComm # 0_R] INFO com.tc.objectserver.handler.ClientChannelLifeCycleHandler - : Received transport disconnect.  Shutting down client ClientID[12]
2021-01-12 14:41:05,001 [WorkerThread(request_processor_stage, 3, 3)] INFO com.tc.objectserver.entity.ManagedEntityImpl - Client:ClientID[12]:ClientInstanceID(0) Invoking lifecycle DISCONNECT_CLIENT on EntityID{className='org.ehcache.clustered.client.internal.ClusterTierManagerClientEntity', entityName='limber'}:FetchID=[4]
2021-01-12 14:41:05,002 [WorkerThread(request_processor_stage, 3, 3)] INFO com.tc.objectserver.entity.ManagedEntityImpl - Client:ClientID[12]:ClientInstanceID(0) Invoking lifecycle DISCONNECT_CLIENT on EntityID{className='org.terracotta.lease.LeaseAcquirer', entityName='SystemLeaseAcquirer'}:FetchID=[1]
2021-01-12 14:41:05,003 [WorkerThread(request_processor_stage, 3, 3)] INFO com.tc.objectserver.entity.ManagedEntityImpl - Client:ClientID[12]:ClientInstanceID(4) Invoking lifecycle RELEASE_ENTITY on EntityID{className='org.ehcache.clustered.client.internal.ClusterTierManagerClientEntity', entityName='limber'}:FetchID=[4]
2021-01-12 14:41:05,003 [WorkerThread(request_processor_stage, 3, 3)] INFO org.ehcache.clustered.server.ClusterTierManagerActiveEntity - Disconnecting ClientDescriptorImpl{nodeID=ClientID[12], entityDescriptor=ClientInstanceID(4)}
2021-01-12 14:41:05,003 [WorkerThread(request_processor_stage, 3, 3)] INFO com.tc.objectserver.impl.DistributedObjectServer - completed lifecycle RELEASE_ENTITY on EntityID{className='org.ehcache.clustered.client.internal.ClusterTierManagerClientEntity', entityName='limber'}:FetchID=[4]
2021-01-12 14:41:05,003 [WorkerThread(request_processor_stage, 3, 3)] INFO com.tc.objectserver.entity.ManagedEntityImpl - Client:ClientID[12]:ClientInstanceID(1) Invoking lifecycle RELEASE_ENTITY on EntityID{className='org.terracotta.lease.LeaseAcquirer', entityName='SystemLeaseAcquirer'}:FetchID=[1]
2021-01-12 14:41:05,004 [WorkerThread(request_processor_stage, 3, 3)] INFO com.tc.objectserver.impl.DistributedObjectServer - completed lifecycle RELEASE_ENTITY on EntityID{className='org.terracotta.lease.LeaseAcquirer', entityName='SystemLeaseAcquirer'}:FetchID=[1]
2021-01-12 14:41:10,284 [WorkerThread(client_handshake_stage, 0)] INFO com.tc.objectserver.handshakemanager.ServerClientHandshakeManager - Handling client handshake for ClientID[13]
2021-01-12 14:41:10,285 [WorkerThread(client_handshake_stage, 0)] INFO com.tc.objectserver.handshakemanager.ServerClientHandshakeManager - confirming client handshake for STARTED 13 ClientID[13]
2021-01-12 14:41:10,285 [WorkerThread(client_handshake_stage, 0)] INFO com.tc.objectserver.handshakemanager.ServerClientHandshakeManager - Sending handshake acknowledgement to ClientID[13]
2021-01-12 14:41:10,311 [WorkerThread(request_processor_stage, 3, 3)] INFO com.tc.objectserver.entity.ManagedEntityImpl - Client:ClientID[13]:ClientInstanceID(1) Invoking lifecycle FETCH_ENTITY on EntityID{className='org.terracotta.lease.LeaseAcquirer', entityName='SystemLeaseAcquirer'}:FetchID=[1]
2021-01-12 14:41:10,312 [WorkerThread(request_processor_stage, 3, 3)] INFO com.tc.objectserver.impl.DistributedObjectServer - completed lifecycle FETCH_ENTITY on EntityID{className='org.terracotta.lease.LeaseAcquirer', entityName='SystemLeaseAcquirer'}:FetchID=[1]
2021-01-12 14:41:10,334 [WorkerThread(request_processor_stage, 3, 3)] INFO com.tc.objectserver.entity.ManagedEntityImpl - Client:ClientID[13]:ClientInstanceID(0) Invoking lifecycle CREATE_ENTITY on EntityID{className='org.ehcache.clustered.client.internal.lock.VoltronReadWriteLockClient', entityName='VoltronReadWriteLock-ClusterTierManagerClientEntityFactory-AccessLock-limber'}:FetchID=[9]
2021-01-12 14:41:10,335 [WorkerThread(request_processor_stage, 3, 3)] INFO com.tc.objectserver.impl.DistributedObjectServer - completed lifecycle CREATE_ENTITY on EntityID{className='org.ehcache.clustered.client.internal.lock.VoltronReadWriteLockClient', entityName='VoltronReadWriteLock-ClusterTierManagerClientEntityFactory-AccessLock-limber'}:FetchID=[9]
2021-01-12 14:41:10,336 [WorkerThread(request_processor_stage, 3, 3)] INFO com.tc.objectserver.entity.ManagedEntityImpl - Client:ClientID[13]:ClientInstanceID(2) Invoking lifecycle FETCH_ENTITY on EntityID{className='org.ehcache.clustered.client.internal.lock.VoltronReadWriteLockClient', entityName='VoltronReadWriteLock-ClusterTierManagerClientEntityFactory-AccessLock-limber'}:FetchID=[9]
2021-01-12 14:41:10,336 [WorkerThread(request_processor_stage, 3, 3)] INFO com.tc.objectserver.impl.DistributedObjectServer - completed lifecycle FETCH_ENTITY on EntityID{className='org.ehcache.clustered.client.internal.lock.VoltronReadWriteLockClient', entityName='VoltronReadWriteLock-ClusterTierManagerClientEntityFactory-AccessLock-limber'}:FetchID=[9]
2021-01-12 14:41:10,342 [WorkerThread(request_processor_stage, 3, 3)] INFO com.tc.objectserver.entity.ManagedEntityImpl - Client:ClientID[13]:ClientInstanceID(0) Invoking lifecycle CREATE_ENTITY on EntityID{className='org.ehcache.clustered.client.internal.ClusterTierManagerClientEntity', entityName='limber'}:FetchID=[4]
2021-01-12 14:41:10,342 [WorkerThread(request_processor_stage, 3, 3)] INFO com.tc.objectserver.impl.DistributedObjectServer - completed lifecycle CREATE_ENTITY on EntityID{className='org.ehcache.clustered.client.internal.ClusterTierManagerClientEntity', entityName='limber'}:FetchID=[4]
2021-01-12 14:41:10,356 [WorkerThread(request_processor_stage, 3, 3)] INFO com.tc.objectserver.entity.ManagedEntityImpl - Client:ClientID[13]:ClientInstanceID(2) Invoking lifecycle RELEASE_ENTITY on EntityID{className='org.ehcache.clustered.client.internal.lock.VoltronReadWriteLockClient', entityName='VoltronReadWriteLock-ClusterTierManagerClientEntityFactory-AccessLock-limber'}:FetchID=[9]
2021-01-12 14:41:10,356 [WorkerThread(request_processor_stage, 3, 3)] INFO com.tc.objectserver.impl.DistributedObjectServer - completed lifecycle RELEASE_ENTITY on EntityID{className='org.ehcache.clustered.client.internal.lock.VoltronReadWriteLockClient', entityName='VoltronReadWriteLock-ClusterTierManagerClientEntityFactory-AccessLock-limber'}:FetchID=[9]
2021-01-12 14:41:10,357 [WorkerThread(request_processor_stage, 3, 3)] INFO com.tc.objectserver.entity.ManagedEntityImpl - Client:ClientID[13]:ClientInstanceID(0) Invoking lifecycle DESTROY_ENTITY on EntityID{className='org.ehcache.clustered.client.internal.lock.VoltronReadWriteLockClient', entityName='VoltronReadWriteLock-ClusterTierManagerClientEntityFactory-AccessLock-limber'}:FetchID=[9]
2021-01-12 14:41:10,357 [WorkerThread(request_processor_stage, 3, 3)] INFO com.tc.objectserver.impl.DistributedObjectServer - completed lifecycle DESTROY_ENTITY on EntityID{className='org.ehcache.clustered.client.internal.lock.VoltronReadWriteLockClient', entityName='VoltronReadWriteLock-ClusterTierManagerClientEntityFactory-AccessLock-limber'}:FetchID=[9]
2021-01-12 14:41:10,358 [WorkerThread(request_processor_stage, 3, 3)] INFO com.tc.objectserver.entity.ManagedEntityImpl - Client:ClientID[13]:ClientInstanceID(0) Invoking lifecycle CREATE_ENTITY on EntityID{className='org.ehcache.clustered.client.internal.lock.VoltronReadWriteLockClient', entityName='VoltronReadWriteLock-ClusterTierManagerClientEntityFactory-AccessLock-limber'}:FetchID=[11]
2021-01-12 14:41:10,359 [WorkerThread(request_processor_stage, 3, 3)] INFO com.tc.objectserver.impl.DistributedObjectServer - completed lifecycle CREATE_ENTITY on EntityID{className='org.ehcache.clustered.client.internal.lock.VoltronReadWriteLockClient', entityName='VoltronReadWriteLock-ClusterTierManagerClientEntityFactory-AccessLock-limber'}:FetchID=[11]
2021-01-12 14:41:10,360 [WorkerThread(request_processor_stage, 3, 3)] INFO com.tc.objectserver.entity.ManagedEntityImpl - Client:ClientID[13]:ClientInstanceID(3) Invoking lifecycle FETCH_ENTITY on EntityID{className='org.ehcache.clustered.client.internal.lock.VoltronReadWriteLockClient', entityName='VoltronReadWriteLock-ClusterTierManagerClientEntityFactory-AccessLock-limber'}:FetchID=[11]
2021-01-12 14:41:10,360 [WorkerThread(request_processor_stage, 3, 3)] INFO com.tc.objectserver.impl.DistributedObjectServer - completed lifecycle FETCH_ENTITY on EntityID{className='org.ehcache.clustered.client.internal.lock.VoltronReadWriteLockClient', entityName='VoltronReadWriteLock-ClusterTierManagerClientEntityFactory-AccessLock-limber'}:FetchID=[11]
2021-01-12 14:41:10,374 [WorkerThread(request_processor_stage, 3, 3)] INFO com.tc.objectserver.entity.ManagedEntityImpl - Client:ClientID[13]:ClientInstanceID(4) Invoking lifecycle FETCH_ENTITY on EntityID{className='org.ehcache.clustered.client.internal.ClusterTierManagerClientEntity', entityName='limber'}:FetchID=[4]
2021-01-12 14:41:10,374 [WorkerThread(request_processor_stage, 3, 3)] INFO org.ehcache.clustered.server.ClusterTierManagerActiveEntity - Connecting ClientDescriptorImpl{nodeID=ClientID[13], entityDescriptor=ClientInstanceID(4)}
2021-01-12 14:41:10,374 [WorkerThread(request_processor_stage, 3, 3)] INFO com.tc.objectserver.impl.DistributedObjectServer - completed lifecycle FETCH_ENTITY on EntityID{className='org.ehcache.clustered.client.internal.ClusterTierManagerClientEntity', entityName='limber'}:FetchID=[4]
2021-01-12 14:41:20,443 [CommonShutDownHook] INFO com.tc.objectserver.impl.DistributedObjectServer - L2 Exiting...
