2021-01-12 14:37:34,077 [main] INFO com.tc.server.TCServerMain - Terracotta 5.6.5, as of 2019-09-04 at 12:21:32 PDT (Revision 16f7e6193f56415c0d3795afaed3c2b959a534cc from UNKNOWN)
2021-01-12 14:37:34,096 [main] INFO com.tc.server.TCServerMain - PID is 24343
2021-01-12 14:37:34,099 [main] INFO com.tc.properties.TCPropertiesImpl - Loading default properties from tc.properties
2021-01-12 14:37:34,102 [main] INFO com.tc.properties.TCPropertiesImpl - The property "l2.dump.on.exception.timeout" was read before initialization completed. "l2.dump.on.exception.timeout" = 30
2021-01-12 14:37:34,105 [main] INFO com.tc.classloader.ServiceLocator - Entity/Service apis will be loaded from /Volumes/Devs/dev/limber-ehcache/server/plugins/api
2021-01-12 14:37:34,106 [main] INFO com.tc.classloader.ServiceLocator - Entity/Service implementations will be loaded from /Volumes/Devs/dev/limber-ehcache/server/plugins/lib
2021-01-12 14:37:34,166 [main] INFO com.tc.config.DefaultConfigurationProvider - Attempting to load configuration from the file at '/Volumes/Devs/dev/limber-ehcache/server/conf/tc-config.xml'...
2021-01-12 14:37:34,391 [main] INFO com.tc.config.DefaultConfigurationProvider - Successfully loaded configuration from the file at '/Volumes/Devs/dev/limber-ehcache/server/conf/tc-config.xml'
2021-01-12 14:37:34,405 [main] INFO com.tc.config.DefaultConfigurationProvider - The configuration specified by the configuration file at '/Volumes/Devs/dev/limber-ehcache/server/conf/tc-config.xml': 

<?xml version="1.0" encoding="UTF-8" standalone="yes"?>
<tc-config xmlns="http://www.terracotta.org/config">
    <plugins>
        <config>
            <ohr:offheap-resources xmlns:ohr="http://www.terracotta.org/config/offheap-resource">
                <ohr:resource name="primary-server-resource" unit="MB">128</ohr:resource>
                <ohr:resource name="secondary-server-resource" unit="MB">96</ohr:resource>
            </ohr:offheap-resources>
        </config>
    </plugins>
    <tc-properties>
        <property name="logging.maxLogFileSize" value="50"/>
    </tc-properties>
    <servers>
        <server host="192.168.1.11" name="192.168.1.11:9410" bind="0.0.0.0">
            <logs>/Volumes/Devs/dev/limber-ehcache/server/conf/logs/MBP-de-Elinam-9410</logs>
            <tsa-port bind="0.0.0.0">9410</tsa-port>
            <tsa-group-port bind="0.0.0.0">9430</tsa-group-port>
        </server>
        <client-reconnect-window>120</client-reconnect-window>
    </servers>
</tc-config>

2021-01-12 14:37:34,407 [main] INFO com.tc.properties.TCPropertiesImpl - The property "logging.maxLogFileSize" was overridden to 50 from 512 by the tc-config file
2021-01-12 14:37:34,409 [main] INFO com.tc.l2.logging.TCLogbackLogging - Log file: /Volumes/Devs/dev/limber-ehcache/server/conf/logs/MBP-de-Elinam-9410/terracotta.server.log
2021-01-12 14:37:34,416 [main] INFO com.tc.l2.logging.TCLogbackLogging - All Java System Properties for this Terracotta instance:
========================================================================
JVM arguments: [-XX:MaxDirectMemorySize=1048576g, -Xms256m, -Xmx2049m, -XX:+HeapDumpOnOutOfMemoryError, -Dtc.install-root=/Volumes/Devs/dev/limber-ehcache/server, -DapplyEvolutions.analytics=false, -DapplyDownEvolutions.analytics=false, -DapplyEvolutions.events=false, -DapplyDownEvolutions.events=false]
applyDownEvolutions.analytics : false
applyDownEvolutions.events    : false
applyEvolutions.analytics     : false
applyEvolutions.events        : false
awt.toolkit                   : sun.lwawt.macosx.LWCToolkit
file.encoding                 : UTF-8
file.encoding.pkg             : sun.io
file.separator                : /
ftp.nonProxyHosts             : local|*.local|169.254/16|*.169.254/16
gopherProxySet                : false
http.nonProxyHosts            : local|*.local|169.254/16|*.169.254/16
java.awt.graphicsenv          : sun.awt.CGraphicsEnvironment
java.awt.printerjob           : sun.lwawt.macosx.CPrinterJob
java.class.path               : /Volumes/Devs/dev/limber-ehcache/server/lib/tc.jar::/Volumes/Devs/dev/limber-ehcache/server/plugins/lib/client-message-tracker-5.7.3.jar:/Volumes/Devs/dev/limber-ehcache/server/plugins/lib/ehcache-api-3.8.1.jar:/Volumes/Devs/dev/limber-ehcache/server/plugins/lib/ehcache-common-3.8.1.jar:/Volumes/Devs/dev/limber-ehcache/server/plugins/lib/ehcache-server-3.8.1.jar:/Volumes/Devs/dev/limber-ehcache/server/plugins/lib/lease-common-5.7.3.jar:/Volumes/Devs/dev/limber-ehcache/server/plugins/lib/lease-entity-api-5.7.3.jar:/Volumes/Devs/dev/limber-ehcache/server/plugins/lib/lease-entity-common-5.7.3.jar:/Volumes/Devs/dev/limber-ehcache/server/plugins/lib/lease-entity-server-5.7.3.jar:/Volumes/Devs/dev/limber-ehcache/server/plugins/lib/mnm-common-5.7.3.jar:/Volumes/Devs/dev/limber-ehcache/server/plugins/lib/monitoring-service-api-5.7.3.jar:/Volumes/Devs/dev/limber-ehcache/server/plugins/lib/monitoring-support-1.6.1.jar:/Volumes/Devs/dev/limber-ehcache/server/plugins/lib/offheap-resource-5.7.3.jar:/Volumes/Devs/dev/limber-ehcache/server/plugins/lib/offheap-store-2.4.3.jar:/Volumes/Devs/dev/limber-ehcache/server/plugins/lib/runnel-5.7.3.jar:/Volumes/Devs/dev/limber-ehcache/server/plugins/lib/slf4j-api-1.7.25.jar:/Volumes/Devs/dev/limber-ehcache/server/plugins/lib/standard-cluster-services-1.6.1.jar:/Volumes/Devs/dev/limber-ehcache/server/plugins/lib/statistics-2.1.jar:/Volumes/Devs/dev/limber-ehcache/server/lib/slf4j-api-1.7.25.jar:/Volumes/Devs/dev/limber-ehcache/server/lib
java.class.version            : 52.0
java.endorsed.dirs            : /Library/Java/JavaVirtualMachines/jdk1.8.0_202.jdk/Contents/Home/jre/lib/endorsed
java.ext.dirs                 : /Users/elinam/Library/Java/Extensions:/Library/Java/JavaVirtualMachines/jdk1.8.0_202.jdk/Contents/Home/jre/lib/ext:/Library/Java/Extensions:/Network/Library/Java/Extensions:/System/Library/Java/Extensions:/usr/lib/java
java.home                     : /Library/Java/JavaVirtualMachines/jdk1.8.0_202.jdk/Contents/Home/jre
java.io.tmpdir                : /var/folders/7k/8wr934wd0mn0pcryfw9lkmgr0000gn/T/
java.library.path             : /Users/elinam/Library/Java/Extensions:/Library/Java/Extensions:/Network/Library/Java/Extensions:/System/Library/Java/Extensions:/usr/lib/java:.
java.runtime.name             : Java(TM) SE Runtime Environment
java.runtime.version          : 1.8.0_202-b08
java.specification.name       : Java Platform API Specification
java.specification.vendor     : Oracle Corporation
java.specification.version    : 1.8
java.vendor                   : Oracle Corporation
java.vendor.url               : http://java.oracle.com/
java.vendor.url.bug           : http://bugreport.sun.com/bugreport/
java.version                  : 1.8.0_202
java.vm.info                  : mixed mode
java.vm.name                  : Java HotSpot(TM) 64-Bit Server VM
java.vm.specification.name    : Java Virtual Machine Specification
java.vm.specification.vendor  : Oracle Corporation
java.vm.specification.version : 1.8
java.vm.vendor                : Oracle Corporation
java.vm.version               : 25.202-b08
line.separator                : 

os.arch                       : x86_64
os.name                       : Mac OS X
os.version                    : 10.16
path.separator                : :
socksNonProxyHosts            : local|*.local|169.254/16|*.169.254/16
sun.arch.data.model           : 64
sun.boot.class.path           : /Library/Java/JavaVirtualMachines/jdk1.8.0_202.jdk/Contents/Home/jre/lib/resources.jar:/Library/Java/JavaVirtualMachines/jdk1.8.0_202.jdk/Contents/Home/jre/lib/rt.jar:/Library/Java/JavaVirtualMachines/jdk1.8.0_202.jdk/Contents/Home/jre/lib/sunrsasign.jar:/Library/Java/JavaVirtualMachines/jdk1.8.0_202.jdk/Contents/Home/jre/lib/jsse.jar:/Library/Java/JavaVirtualMachines/jdk1.8.0_202.jdk/Contents/Home/jre/lib/jce.jar:/Library/Java/JavaVirtualMachines/jdk1.8.0_202.jdk/Contents/Home/jre/lib/charsets.jar:/Library/Java/JavaVirtualMachines/jdk1.8.0_202.jdk/Contents/Home/jre/lib/jfr.jar:/Library/Java/JavaVirtualMachines/jdk1.8.0_202.jdk/Contents/Home/jre/classes
sun.boot.library.path         : /Library/Java/JavaVirtualMachines/jdk1.8.0_202.jdk/Contents/Home/jre/lib
sun.cpu.endian                : little
sun.cpu.isalist               : 
sun.io.unicode.encoding       : UnicodeBig
sun.java.command              : com.tc.server.TCServerMain -f server/conf/tc-config.xml
sun.java.launcher             : SUN_STANDARD
sun.jnu.encoding              : UTF-8
sun.management.compiler       : HotSpot 64-Bit Tiered Compilers
sun.os.patch.level            : unknown
tc.install-root               : /Volumes/Devs/dev/limber-ehcache/server
user.country                  : FR
user.dir                      : /Volumes/Devs/dev/limber-ehcache
user.home                     : /Users/elinam
user.language                 : fr
user.name                     : elinam
user.timezone                 : Europe/Paris
========================================================================
2021-01-12 14:37:34,420 [main] INFO org.terracotta.console - Available Max Runtime Memory: 1822MB
2021-01-12 14:37:34,476 [main] INFO com.tc.objectserver.impl.DistributedObjectServer - Creating server nodeID: NodeID[192.168.1.11:9410]
2021-01-12 14:37:34,491 [main] INFO org.terracotta.lease.service.LeaseServiceProvider - Initializing LeaseServiceProvider
2021-01-12 14:37:34,491 [main] INFO org.terracotta.lease.service.LeaseServiceProvider - No lease configuration provided. Instead configuration was: null
2021-01-12 14:37:34,491 [main] INFO org.terracotta.lease.service.LeaseServiceProvider - Using lease length of 150000ms
2021-01-12 14:37:34,494 [main] INFO org.terracotta.lease.service.LeaseServiceProvider - LeaseServiceProvider initialized
2021-01-12 14:37:34,494 [main] INFO com.tc.services.TerracottaServiceProviderRegistryImpl - Initializing org.terracotta.lease.service.LeaseServiceProvider@69fb6037
2021-01-12 14:37:34,494 [main] INFO com.tc.services.TerracottaServiceProviderRegistryImpl - Initializing org.terracotta.client.message.tracker.OOOMessageHandlerProvider@671a5887
2021-01-12 14:37:34,496 [main] INFO com.tc.services.TerracottaServiceProviderRegistryImpl - Initializing org.ehcache.clustered.server.state.EhcacheStateServiceProvider@c03cf28
2021-01-12 14:37:34,496 [main] INFO com.tc.services.TerracottaServiceProviderRegistryImpl - Registering implementation-provided service com.tc.services.PlatformServiceProvider@4f67eb2a
2021-01-12 14:37:34,497 [main] INFO com.tc.services.TerracottaServiceProviderRegistryImpl - Registering implementation-provided service com.tc.services.EntityMessengerProvider@76f2bbc1
2021-01-12 14:37:34,497 [main] INFO com.tc.services.TerracottaServiceProviderRegistryImpl - Initializing com.tc.objectserver.persistence.NullPlatformStorageServiceProvider@2e1d27ba
2021-01-12 14:37:34,499 [main] INFO com.tc.services.TerracottaServiceProviderRegistryImpl - Registering implementation-provided service com.tc.services.LocalMonitoringProducer@5939a379
2021-01-12 14:37:34,512 [main] INFO com.tc.net.core.TCWorkerCommManager - Creating 4 worker comm threads for L2_L1
2021-01-12 14:37:34,557 [main] INFO com.tc.services.TerracottaServiceProviderRegistryImpl - Registering implementation-provided service com.tc.services.CommunicatorService@7c137fd5
2021-01-12 14:37:34,579 [main] INFO com.tc.objectserver.impl.DistributedObjectServer - This L2 Node ID = NodeID[192.168.1.11:9410]
2021-01-12 14:37:34,579 [main] INFO com.tc.l2.state.StateManagerImpl - Starting election initial state:State[ START-STATE ]
2021-01-12 14:37:34,582 [WorkerThread(l2_election_handler_stage, 0)] INFO com.tc.l2.state.ElectionManagerImpl - Election Started : Enrollment [ NodeID[192.168.1.11:9410], isNew = true, weights = 0,0,0,0,0,41,5582303297557910064,0 ]
2021-01-12 14:37:34,583 [WorkerThread(l2_election_handler_stage, 0)] INFO com.tc.l2.state.ElectionManagerImpl - Election took 0 sec. ending in State[ Election-In-Progress ]
2021-01-12 14:37:34,583 [WorkerThread(l2_election_handler_stage, 0)] INFO com.tc.l2.state.ElectionManagerImpl - Election Complete : [Enrollment [ NodeID[192.168.1.11:9410], isNew = true, weights = 0,0,0,0,0,41,5582303297557910064,0 ]] : State[ Election-Complete ]
2021-01-12 14:37:34,583 [WorkerThread(l2_election_handler_stage, 0)] INFO com.tc.l2.state.ElectionManagerImpl - Declared as Winner: Winner is : Enrollment [ NodeID[192.168.1.11:9410], isNew = true, weights = 0,0,0,0,0,41,5582303297557910064,0 ]
2021-01-12 14:37:34,600 [main] INFO com.tc.server.TCServer - Server started as 192.168.1.11:9410
2021-01-12 14:37:34,635 [WorkerThread(request_processor_stage, 3, 3)] INFO com.tc.objectserver.entity.ManagedEntityImpl - Client:ClientID[-1]:ClientInstanceID(0) Invoking lifecycle CREATE_ENTITY on EntityID{className='org.terracotta.lease.LeaseAcquirer', entityName='SystemLeaseAcquirer'}:FetchID=[1]
2021-01-12 14:37:34,637 [WorkerThread(request_processor_stage, 3, 3)] INFO org.terracotta.lease.service.LeaseServiceProvider - Creating LeaseService
2021-01-12 14:37:34,641 [WorkerThread(request_processor_stage, 3, 3)] INFO com.tc.objectserver.impl.DistributedObjectServer - completed lifecycle CREATE_ENTITY on EntityID{className='org.terracotta.lease.LeaseAcquirer', entityName='SystemLeaseAcquirer'}:FetchID=[1]
2021-01-12 14:37:34,643 [WorkerThread(l2_state_change_stage, 0)] INFO com.tc.l2.ha.StripeIDStateManagerImpl - Persisting StripeID - StripeID[764ec7ed529643e29bc518c96174cc78]
2021-01-12 14:37:34,645 [WorkerThread(l2_state_change_stage, 0)] INFO org.terracotta.console - Terracotta Server instance has started up as ACTIVE node on 0.0.0.0:9410 successfully, and is now ready for work.
2021-01-12 14:37:34,645 [WorkerThread(l2_state_change_stage, 0)] INFO org.terracotta.console - Moved to State[ ACTIVE-COORDINATOR ]
2021-01-12 14:38:12,999 [WorkerThread(client_handshake_stage, 0)] INFO com.tc.objectserver.handshakemanager.ServerClientHandshakeManager - Handling client handshake for ClientID[10]
2021-01-12 14:38:13,000 [WorkerThread(client_handshake_stage, 0)] INFO com.tc.objectserver.handshakemanager.ServerClientHandshakeManager - confirming client handshake for STARTED 10 ClientID[10]
2021-01-12 14:38:13,000 [WorkerThread(client_handshake_stage, 0)] INFO com.tc.objectserver.handshakemanager.ServerClientHandshakeManager - Sending handshake acknowledgement to ClientID[10]
2021-01-12 14:38:13,039 [WorkerThread(request_processor_stage, 3, 3)] INFO com.tc.objectserver.entity.ManagedEntityImpl - Client:ClientID[10]:ClientInstanceID(1) Invoking lifecycle FETCH_ENTITY on EntityID{className='org.terracotta.lease.LeaseAcquirer', entityName='SystemLeaseAcquirer'}:FetchID=[1]
2021-01-12 14:38:13,040 [WorkerThread(request_processor_stage, 3, 3)] INFO com.tc.objectserver.impl.DistributedObjectServer - completed lifecycle FETCH_ENTITY on EntityID{className='org.terracotta.lease.LeaseAcquirer', entityName='SystemLeaseAcquirer'}:FetchID=[1]
2021-01-12 14:38:13,096 [WorkerThread(request_processor_stage, 3, 3)] INFO com.tc.objectserver.entity.ManagedEntityImpl - Client:ClientID[10]:ClientInstanceID(0) Invoking lifecycle CREATE_ENTITY on EntityID{className='org.ehcache.clustered.client.internal.lock.VoltronReadWriteLockClient', entityName='VoltronReadWriteLock-ClusterTierManagerClientEntityFactory-AccessLock-limber'}:FetchID=[2]
2021-01-12 14:38:13,100 [WorkerThread(request_processor_stage, 3, 3)] INFO com.tc.objectserver.impl.DistributedObjectServer - completed lifecycle CREATE_ENTITY on EntityID{className='org.ehcache.clustered.client.internal.lock.VoltronReadWriteLockClient', entityName='VoltronReadWriteLock-ClusterTierManagerClientEntityFactory-AccessLock-limber'}:FetchID=[2]
2021-01-12 14:38:13,102 [WorkerThread(request_processor_stage, 3, 3)] INFO com.tc.objectserver.entity.ManagedEntityImpl - Client:ClientID[10]:ClientInstanceID(2) Invoking lifecycle FETCH_ENTITY on EntityID{className='org.ehcache.clustered.client.internal.lock.VoltronReadWriteLockClient', entityName='VoltronReadWriteLock-ClusterTierManagerClientEntityFactory-AccessLock-limber'}:FetchID=[2]
2021-01-12 14:38:13,102 [WorkerThread(request_processor_stage, 3, 3)] INFO com.tc.objectserver.impl.DistributedObjectServer - completed lifecycle FETCH_ENTITY on EntityID{className='org.ehcache.clustered.client.internal.lock.VoltronReadWriteLockClient', entityName='VoltronReadWriteLock-ClusterTierManagerClientEntityFactory-AccessLock-limber'}:FetchID=[2]
2021-01-12 14:38:13,162 [WorkerThread(request_processor_stage, 3, 3)] INFO com.tc.objectserver.entity.ManagedEntityImpl - Client:ClientID[10]:ClientInstanceID(0) Invoking lifecycle CREATE_ENTITY on EntityID{className='org.ehcache.clustered.client.internal.ClusterTierManagerClientEntity', entityName='limber'}:FetchID=[3]
2021-01-12 14:38:13,179 [WorkerThread(request_processor_stage, 3, 3)] INFO org.ehcache.clustered.server.EhcacheStateServiceImpl - Configuring server-side cluster tier manager
2021-01-12 14:38:13,180 [WorkerThread(request_processor_stage, 3, 3)] INFO com.tc.objectserver.impl.DistributedObjectServer - completed lifecycle CREATE_ENTITY on EntityID{className='org.ehcache.clustered.client.internal.ClusterTierManagerClientEntity', entityName='limber'}:FetchID=[3]
2021-01-12 14:38:13,186 [WorkerThread(request_processor_stage, 3, 3)] INFO com.tc.objectserver.entity.ManagedEntityImpl - Client:ClientID[10]:ClientInstanceID(2) Invoking lifecycle RELEASE_ENTITY on EntityID{className='org.ehcache.clustered.client.internal.lock.VoltronReadWriteLockClient', entityName='VoltronReadWriteLock-ClusterTierManagerClientEntityFactory-AccessLock-limber'}:FetchID=[2]
2021-01-12 14:38:13,186 [WorkerThread(request_processor_stage, 3, 3)] INFO com.tc.objectserver.impl.DistributedObjectServer - completed lifecycle RELEASE_ENTITY on EntityID{className='org.ehcache.clustered.client.internal.lock.VoltronReadWriteLockClient', entityName='VoltronReadWriteLock-ClusterTierManagerClientEntityFactory-AccessLock-limber'}:FetchID=[2]
2021-01-12 14:38:13,188 [WorkerThread(request_processor_stage, 3, 3)] INFO com.tc.objectserver.entity.ManagedEntityImpl - Client:ClientID[10]:ClientInstanceID(0) Invoking lifecycle DESTROY_ENTITY on EntityID{className='org.ehcache.clustered.client.internal.lock.VoltronReadWriteLockClient', entityName='VoltronReadWriteLock-ClusterTierManagerClientEntityFactory-AccessLock-limber'}:FetchID=[2]
2021-01-12 14:38:13,189 [WorkerThread(request_processor_stage, 3, 3)] INFO com.tc.objectserver.impl.DistributedObjectServer - completed lifecycle DESTROY_ENTITY on EntityID{className='org.ehcache.clustered.client.internal.lock.VoltronReadWriteLockClient', entityName='VoltronReadWriteLock-ClusterTierManagerClientEntityFactory-AccessLock-limber'}:FetchID=[2]
2021-01-12 14:38:13,192 [WorkerThread(request_processor_stage, 3, 3)] INFO com.tc.objectserver.entity.ManagedEntityImpl - Client:ClientID[10]:ClientInstanceID(0) Invoking lifecycle CREATE_ENTITY on EntityID{className='org.ehcache.clustered.client.internal.lock.VoltronReadWriteLockClient', entityName='VoltronReadWriteLock-ClusterTierManagerClientEntityFactory-AccessLock-limber'}:FetchID=[4]
2021-01-12 14:38:13,192 [WorkerThread(request_processor_stage, 3, 3)] INFO com.tc.objectserver.impl.DistributedObjectServer - completed lifecycle CREATE_ENTITY on EntityID{className='org.ehcache.clustered.client.internal.lock.VoltronReadWriteLockClient', entityName='VoltronReadWriteLock-ClusterTierManagerClientEntityFactory-AccessLock-limber'}:FetchID=[4]
2021-01-12 14:38:13,194 [WorkerThread(request_processor_stage, 3, 3)] INFO com.tc.objectserver.entity.ManagedEntityImpl - Client:ClientID[10]:ClientInstanceID(3) Invoking lifecycle FETCH_ENTITY on EntityID{className='org.ehcache.clustered.client.internal.lock.VoltronReadWriteLockClient', entityName='VoltronReadWriteLock-ClusterTierManagerClientEntityFactory-AccessLock-limber'}:FetchID=[4]
2021-01-12 14:38:13,194 [WorkerThread(request_processor_stage, 3, 3)] INFO com.tc.objectserver.impl.DistributedObjectServer - completed lifecycle FETCH_ENTITY on EntityID{className='org.ehcache.clustered.client.internal.lock.VoltronReadWriteLockClient', entityName='VoltronReadWriteLock-ClusterTierManagerClientEntityFactory-AccessLock-limber'}:FetchID=[4]
2021-01-12 14:38:13,216 [WorkerThread(request_processor_stage, 3, 3)] INFO com.tc.objectserver.entity.ManagedEntityImpl - Client:ClientID[10]:ClientInstanceID(4) Invoking lifecycle FETCH_ENTITY on EntityID{className='org.ehcache.clustered.client.internal.ClusterTierManagerClientEntity', entityName='limber'}:FetchID=[3]
2021-01-12 14:38:13,216 [WorkerThread(request_processor_stage, 3, 3)] INFO org.ehcache.clustered.server.ClusterTierManagerActiveEntity - Connecting ClientDescriptorImpl{nodeID=ClientID[10], entityDescriptor=ClientInstanceID(4)}
2021-01-12 14:38:13,216 [WorkerThread(request_processor_stage, 3, 3)] INFO com.tc.objectserver.impl.DistributedObjectServer - completed lifecycle FETCH_ENTITY on EntityID{className='org.ehcache.clustered.client.internal.ClusterTierManagerClientEntity', entityName='limber'}:FetchID=[3]
2021-01-12 14:38:13,353 [WorkerThread(request_processor_stage, 3, 3)] INFO com.tc.objectserver.entity.ManagedEntityImpl - Client:ClientID[10]:ClientInstanceID(3) Invoking lifecycle RELEASE_ENTITY on EntityID{className='org.ehcache.clustered.client.internal.lock.VoltronReadWriteLockClient', entityName='VoltronReadWriteLock-ClusterTierManagerClientEntityFactory-AccessLock-limber'}:FetchID=[4]
2021-01-12 14:38:13,354 [WorkerThread(request_processor_stage, 3, 3)] INFO com.tc.objectserver.impl.DistributedObjectServer - completed lifecycle RELEASE_ENTITY on EntityID{className='org.ehcache.clustered.client.internal.lock.VoltronReadWriteLockClient', entityName='VoltronReadWriteLock-ClusterTierManagerClientEntityFactory-AccessLock-limber'}:FetchID=[4]
2021-01-12 14:38:13,355 [WorkerThread(request_processor_stage, 3, 3)] INFO com.tc.objectserver.entity.ManagedEntityImpl - Client:ClientID[10]:ClientInstanceID(0) Invoking lifecycle DESTROY_ENTITY on EntityID{className='org.ehcache.clustered.client.internal.lock.VoltronReadWriteLockClient', entityName='VoltronReadWriteLock-ClusterTierManagerClientEntityFactory-AccessLock-limber'}:FetchID=[4]
2021-01-12 14:38:13,355 [WorkerThread(request_processor_stage, 3, 3)] INFO com.tc.objectserver.impl.DistributedObjectServer - completed lifecycle DESTROY_ENTITY on EntityID{className='org.ehcache.clustered.client.internal.lock.VoltronReadWriteLockClient', entityName='VoltronReadWriteLock-ClusterTierManagerClientEntityFactory-AccessLock-limber'}:FetchID=[4]
2021-01-12 14:38:13,376 [L2_L1:TCWorkerComm # 0_R] INFO com.tc.objectserver.handler.ClientChannelLifeCycleHandler - : Received transport disconnect.  Shutting down client ClientID[10]
2021-01-12 14:38:13,379 [WorkerThread(request_processor_stage, 3, 3)] INFO com.tc.objectserver.entity.ManagedEntityImpl - Client:ClientID[10]:ClientInstanceID(0) Invoking lifecycle DISCONNECT_CLIENT on EntityID{className='org.terracotta.lease.LeaseAcquirer', entityName='SystemLeaseAcquirer'}:FetchID=[1]
2021-01-12 14:38:13,381 [WorkerThread(request_processor_stage, 3, 3)] INFO com.tc.objectserver.entity.ManagedEntityImpl - Client:ClientID[10]:ClientInstanceID(0) Invoking lifecycle DISCONNECT_CLIENT on EntityID{className='org.ehcache.clustered.client.internal.ClusterTierManagerClientEntity', entityName='limber'}:FetchID=[3]
2021-01-12 14:38:13,381 [WorkerThread(request_processor_stage, 3, 3)] INFO com.tc.objectserver.entity.ManagedEntityImpl - Client:ClientID[10]:ClientInstanceID(1) Invoking lifecycle RELEASE_ENTITY on EntityID{className='org.terracotta.lease.LeaseAcquirer', entityName='SystemLeaseAcquirer'}:FetchID=[1]
2021-01-12 14:38:13,381 [WorkerThread(request_processor_stage, 3, 3)] INFO com.tc.objectserver.impl.DistributedObjectServer - completed lifecycle RELEASE_ENTITY on EntityID{className='org.terracotta.lease.LeaseAcquirer', entityName='SystemLeaseAcquirer'}:FetchID=[1]
2021-01-12 14:38:13,381 [WorkerThread(request_processor_stage, 3, 3)] INFO com.tc.objectserver.entity.ManagedEntityImpl - Client:ClientID[10]:ClientInstanceID(4) Invoking lifecycle RELEASE_ENTITY on EntityID{className='org.ehcache.clustered.client.internal.ClusterTierManagerClientEntity', entityName='limber'}:FetchID=[3]
2021-01-12 14:38:13,381 [WorkerThread(request_processor_stage, 3, 3)] INFO org.ehcache.clustered.server.ClusterTierManagerActiveEntity - Disconnecting ClientDescriptorImpl{nodeID=ClientID[10], entityDescriptor=ClientInstanceID(4)}
2021-01-12 14:38:13,381 [WorkerThread(request_processor_stage, 3, 3)] INFO com.tc.objectserver.impl.DistributedObjectServer - completed lifecycle RELEASE_ENTITY on EntityID{className='org.ehcache.clustered.client.internal.ClusterTierManagerClientEntity', entityName='limber'}:FetchID=[3]
2021-01-12 14:38:46,545 [WorkerThread(client_handshake_stage, 0)] INFO com.tc.objectserver.handshakemanager.ServerClientHandshakeManager - Handling client handshake for ClientID[11]
2021-01-12 14:38:46,545 [WorkerThread(client_handshake_stage, 0)] INFO com.tc.objectserver.handshakemanager.ServerClientHandshakeManager - confirming client handshake for STARTED 11 ClientID[11]
2021-01-12 14:38:46,545 [WorkerThread(client_handshake_stage, 0)] INFO com.tc.objectserver.handshakemanager.ServerClientHandshakeManager - Sending handshake acknowledgement to ClientID[11]
2021-01-12 14:38:46,575 [WorkerThread(request_processor_stage, 3, 3)] INFO com.tc.objectserver.entity.ManagedEntityImpl - Client:ClientID[11]:ClientInstanceID(1) Invoking lifecycle FETCH_ENTITY on EntityID{className='org.terracotta.lease.LeaseAcquirer', entityName='SystemLeaseAcquirer'}:FetchID=[1]
2021-01-12 14:38:46,576 [WorkerThread(request_processor_stage, 3, 3)] INFO com.tc.objectserver.impl.DistributedObjectServer - completed lifecycle FETCH_ENTITY on EntityID{className='org.terracotta.lease.LeaseAcquirer', entityName='SystemLeaseAcquirer'}:FetchID=[1]
2021-01-12 14:38:46,597 [WorkerThread(request_processor_stage, 3, 3)] INFO com.tc.objectserver.entity.ManagedEntityImpl - Client:ClientID[11]:ClientInstanceID(0) Invoking lifecycle CREATE_ENTITY on EntityID{className='org.ehcache.clustered.client.internal.lock.VoltronReadWriteLockClient', entityName='VoltronReadWriteLock-ClusterTierManagerClientEntityFactory-AccessLock-limber'}:FetchID=[5]
2021-01-12 14:38:46,598 [WorkerThread(request_processor_stage, 3, 3)] INFO com.tc.objectserver.impl.DistributedObjectServer - completed lifecycle CREATE_ENTITY on EntityID{className='org.ehcache.clustered.client.internal.lock.VoltronReadWriteLockClient', entityName='VoltronReadWriteLock-ClusterTierManagerClientEntityFactory-AccessLock-limber'}:FetchID=[5]
2021-01-12 14:38:46,600 [WorkerThread(request_processor_stage, 3, 3)] INFO com.tc.objectserver.entity.ManagedEntityImpl - Client:ClientID[11]:ClientInstanceID(2) Invoking lifecycle FETCH_ENTITY on EntityID{className='org.ehcache.clustered.client.internal.lock.VoltronReadWriteLockClient', entityName='VoltronReadWriteLock-ClusterTierManagerClientEntityFactory-AccessLock-limber'}:FetchID=[5]
2021-01-12 14:38:46,600 [WorkerThread(request_processor_stage, 3, 3)] INFO com.tc.objectserver.impl.DistributedObjectServer - completed lifecycle FETCH_ENTITY on EntityID{className='org.ehcache.clustered.client.internal.lock.VoltronReadWriteLockClient', entityName='VoltronReadWriteLock-ClusterTierManagerClientEntityFactory-AccessLock-limber'}:FetchID=[5]
2021-01-12 14:38:46,606 [WorkerThread(request_processor_stage, 3, 3)] INFO com.tc.objectserver.entity.ManagedEntityImpl - Client:ClientID[11]:ClientInstanceID(0) Invoking lifecycle CREATE_ENTITY on EntityID{className='org.ehcache.clustered.client.internal.ClusterTierManagerClientEntity', entityName='limber'}:FetchID=[3]
2021-01-12 14:38:46,607 [WorkerThread(request_processor_stage, 3, 3)] INFO com.tc.objectserver.impl.DistributedObjectServer - completed lifecycle CREATE_ENTITY on EntityID{className='org.ehcache.clustered.client.internal.ClusterTierManagerClientEntity', entityName='limber'}:FetchID=[3]
2021-01-12 14:38:46,653 [WorkerThread(request_processor_stage, 3, 3)] INFO com.tc.objectserver.entity.ManagedEntityImpl - Client:ClientID[11]:ClientInstanceID(2) Invoking lifecycle RELEASE_ENTITY on EntityID{className='org.ehcache.clustered.client.internal.lock.VoltronReadWriteLockClient', entityName='VoltronReadWriteLock-ClusterTierManagerClientEntityFactory-AccessLock-limber'}:FetchID=[5]
2021-01-12 14:38:46,653 [WorkerThread(request_processor_stage, 3, 3)] INFO com.tc.objectserver.impl.DistributedObjectServer - completed lifecycle RELEASE_ENTITY on EntityID{className='org.ehcache.clustered.client.internal.lock.VoltronReadWriteLockClient', entityName='VoltronReadWriteLock-ClusterTierManagerClientEntityFactory-AccessLock-limber'}:FetchID=[5]
2021-01-12 14:38:46,656 [WorkerThread(request_processor_stage, 3, 3)] INFO com.tc.objectserver.entity.ManagedEntityImpl - Client:ClientID[11]:ClientInstanceID(0) Invoking lifecycle DESTROY_ENTITY on EntityID{className='org.ehcache.clustered.client.internal.lock.VoltronReadWriteLockClient', entityName='VoltronReadWriteLock-ClusterTierManagerClientEntityFactory-AccessLock-limber'}:FetchID=[5]
2021-01-12 14:38:46,656 [WorkerThread(request_processor_stage, 3, 3)] INFO com.tc.objectserver.impl.DistributedObjectServer - completed lifecycle DESTROY_ENTITY on EntityID{className='org.ehcache.clustered.client.internal.lock.VoltronReadWriteLockClient', entityName='VoltronReadWriteLock-ClusterTierManagerClientEntityFactory-AccessLock-limber'}:FetchID=[5]
2021-01-12 14:38:46,657 [WorkerThread(request_processor_stage, 3, 3)] INFO com.tc.objectserver.entity.ManagedEntityImpl - Client:ClientID[11]:ClientInstanceID(0) Invoking lifecycle CREATE_ENTITY on EntityID{className='org.ehcache.clustered.client.internal.lock.VoltronReadWriteLockClient', entityName='VoltronReadWriteLock-ClusterTierManagerClientEntityFactory-AccessLock-limber'}:FetchID=[7]
2021-01-12 14:38:46,658 [WorkerThread(request_processor_stage, 3, 3)] INFO com.tc.objectserver.impl.DistributedObjectServer - completed lifecycle CREATE_ENTITY on EntityID{className='org.ehcache.clustered.client.internal.lock.VoltronReadWriteLockClient', entityName='VoltronReadWriteLock-ClusterTierManagerClientEntityFactory-AccessLock-limber'}:FetchID=[7]
2021-01-12 14:38:46,660 [WorkerThread(request_processor_stage, 3, 3)] INFO com.tc.objectserver.entity.ManagedEntityImpl - Client:ClientID[11]:ClientInstanceID(3) Invoking lifecycle FETCH_ENTITY on EntityID{className='org.ehcache.clustered.client.internal.lock.VoltronReadWriteLockClient', entityName='VoltronReadWriteLock-ClusterTierManagerClientEntityFactory-AccessLock-limber'}:FetchID=[7]
2021-01-12 14:38:46,660 [WorkerThread(request_processor_stage, 3, 3)] INFO com.tc.objectserver.impl.DistributedObjectServer - completed lifecycle FETCH_ENTITY on EntityID{className='org.ehcache.clustered.client.internal.lock.VoltronReadWriteLockClient', entityName='VoltronReadWriteLock-ClusterTierManagerClientEntityFactory-AccessLock-limber'}:FetchID=[7]
2021-01-12 14:38:46,712 [WorkerThread(request_processor_stage, 3, 3)] INFO com.tc.objectserver.entity.ManagedEntityImpl - Client:ClientID[11]:ClientInstanceID(4) Invoking lifecycle FETCH_ENTITY on EntityID{className='org.ehcache.clustered.client.internal.ClusterTierManagerClientEntity', entityName='limber'}:FetchID=[3]
2021-01-12 14:38:46,712 [WorkerThread(request_processor_stage, 3, 3)] INFO org.ehcache.clustered.server.ClusterTierManagerActiveEntity - Connecting ClientDescriptorImpl{nodeID=ClientID[11], entityDescriptor=ClientInstanceID(4)}
2021-01-12 14:38:46,712 [WorkerThread(request_processor_stage, 3, 3)] INFO com.tc.objectserver.impl.DistributedObjectServer - completed lifecycle FETCH_ENTITY on EntityID{className='org.ehcache.clustered.client.internal.ClusterTierManagerClientEntity', entityName='limber'}:FetchID=[3]
2021-01-12 14:38:46,830 [WorkerThread(client_handshake_stage, 0)] INFO com.tc.objectserver.handshakemanager.ServerClientHandshakeManager - Handling client handshake for ClientID[12]
2021-01-12 14:38:46,830 [WorkerThread(client_handshake_stage, 0)] INFO com.tc.objectserver.handshakemanager.ServerClientHandshakeManager - confirming client handshake for STARTED 12 ClientID[12]
2021-01-12 14:38:46,830 [WorkerThread(client_handshake_stage, 0)] INFO com.tc.objectserver.handshakemanager.ServerClientHandshakeManager - Sending handshake acknowledgement to ClientID[12]
2021-01-12 14:38:46,832 [WorkerThread(request_processor_stage, 3, 3)] INFO com.tc.objectserver.entity.ManagedEntityImpl - Client:ClientID[12]:ClientInstanceID(1) Invoking lifecycle FETCH_ENTITY on EntityID{className='org.terracotta.lease.LeaseAcquirer', entityName='SystemLeaseAcquirer'}:FetchID=[1]
2021-01-12 14:38:46,833 [WorkerThread(request_processor_stage, 3, 3)] INFO com.tc.objectserver.impl.DistributedObjectServer - completed lifecycle FETCH_ENTITY on EntityID{className='org.terracotta.lease.LeaseAcquirer', entityName='SystemLeaseAcquirer'}:FetchID=[1]
2021-01-12 14:38:46,836 [WorkerThread(request_processor_stage, 3, 3)] INFO com.tc.objectserver.entity.ManagedEntityImpl - Client:ClientID[12]:ClientInstanceID(0) Invoking lifecycle CREATE_ENTITY on EntityID{className='org.ehcache.clustered.client.internal.lock.VoltronReadWriteLockClient', entityName='VoltronReadWriteLock-ClusterTierManagerClientEntityFactory-AccessLock-limber'}:FetchID=[7]
2021-01-12 14:38:46,837 [WorkerThread(request_processor_stage, 3, 3)] INFO com.tc.objectserver.impl.DistributedObjectServer - completed lifecycle CREATE_ENTITY on EntityID{className='org.ehcache.clustered.client.internal.lock.VoltronReadWriteLockClient', entityName='VoltronReadWriteLock-ClusterTierManagerClientEntityFactory-AccessLock-limber'}:FetchID=[7]
2021-01-12 14:38:46,841 [WorkerThread(request_processor_stage, 3, 3)] INFO com.tc.objectserver.entity.ManagedEntityImpl - Client:ClientID[12]:ClientInstanceID(2) Invoking lifecycle FETCH_ENTITY on EntityID{className='org.ehcache.clustered.client.internal.lock.VoltronReadWriteLockClient', entityName='VoltronReadWriteLock-ClusterTierManagerClientEntityFactory-AccessLock-limber'}:FetchID=[7]
2021-01-12 14:38:46,841 [WorkerThread(request_processor_stage, 3, 3)] INFO com.tc.objectserver.impl.DistributedObjectServer - completed lifecycle FETCH_ENTITY on EntityID{className='org.ehcache.clustered.client.internal.lock.VoltronReadWriteLockClient', entityName='VoltronReadWriteLock-ClusterTierManagerClientEntityFactory-AccessLock-limber'}:FetchID=[7]
2021-01-12 14:38:46,844 [WorkerThread(request_processor_stage, 3, 3)] INFO com.tc.objectserver.entity.ManagedEntityImpl - Client:ClientID[12]:ClientInstanceID(2) Invoking lifecycle RELEASE_ENTITY on EntityID{className='org.ehcache.clustered.client.internal.lock.VoltronReadWriteLockClient', entityName='VoltronReadWriteLock-ClusterTierManagerClientEntityFactory-AccessLock-limber'}:FetchID=[7]
2021-01-12 14:38:46,844 [WorkerThread(request_processor_stage, 3, 3)] INFO com.tc.objectserver.impl.DistributedObjectServer - completed lifecycle RELEASE_ENTITY on EntityID{className='org.ehcache.clustered.client.internal.lock.VoltronReadWriteLockClient', entityName='VoltronReadWriteLock-ClusterTierManagerClientEntityFactory-AccessLock-limber'}:FetchID=[7]
2021-01-12 14:38:46,845 [WorkerThread(request_processor_stage, 3, 3)] INFO com.tc.objectserver.entity.ManagedEntityImpl - Client:ClientID[12]:ClientInstanceID(0) Invoking lifecycle DESTROY_ENTITY on EntityID{className='org.ehcache.clustered.client.internal.lock.VoltronReadWriteLockClient', entityName='VoltronReadWriteLock-ClusterTierManagerClientEntityFactory-AccessLock-limber'}:FetchID=[7]
2021-01-12 14:38:46,846 [WorkerThread(request_processor_stage, 3, 3)] INFO com.tc.objectserver.impl.DistributedObjectServer - completed lifecycle DESTROY_ENTITY on EntityID{className='org.ehcache.clustered.client.internal.lock.VoltronReadWriteLockClient', entityName='VoltronReadWriteLock-ClusterTierManagerClientEntityFactory-AccessLock-limber'}:FetchID=[7]
2021-01-12 14:38:46,850 [WorkerThread(request_processor_stage, 3, 3)] INFO com.tc.objectserver.entity.ManagedEntityImpl - Client:ClientID[12]:ClientInstanceID(0) Invoking lifecycle CREATE_ENTITY on EntityID{className='org.ehcache.clustered.client.internal.lock.VoltronReadWriteLockClient', entityName='VoltronReadWriteLock-ClusterTierManagerClientEntityFactory-AccessLock-limber'}:FetchID=[7]
2021-01-12 14:38:46,851 [WorkerThread(request_processor_stage, 3, 3)] INFO com.tc.objectserver.impl.DistributedObjectServer - completed lifecycle CREATE_ENTITY on EntityID{className='org.ehcache.clustered.client.internal.lock.VoltronReadWriteLockClient', entityName='VoltronReadWriteLock-ClusterTierManagerClientEntityFactory-AccessLock-limber'}:FetchID=[7]
2021-01-12 14:38:46,854 [WorkerThread(request_processor_stage, 3, 3)] INFO com.tc.objectserver.entity.ManagedEntityImpl - Client:ClientID[12]:ClientInstanceID(3) Invoking lifecycle FETCH_ENTITY on EntityID{className='org.ehcache.clustered.client.internal.lock.VoltronReadWriteLockClient', entityName='VoltronReadWriteLock-ClusterTierManagerClientEntityFactory-AccessLock-limber'}:FetchID=[7]
2021-01-12 14:38:46,854 [WorkerThread(request_processor_stage, 3, 3)] INFO com.tc.objectserver.impl.DistributedObjectServer - completed lifecycle FETCH_ENTITY on EntityID{className='org.ehcache.clustered.client.internal.lock.VoltronReadWriteLockClient', entityName='VoltronReadWriteLock-ClusterTierManagerClientEntityFactory-AccessLock-limber'}:FetchID=[7]
2021-01-12 14:38:46,857 [WorkerThread(request_processor_stage, 3, 3)] INFO com.tc.objectserver.entity.ManagedEntityImpl - Client:ClientID[12]:ClientInstanceID(4) Invoking lifecycle FETCH_ENTITY on EntityID{className='org.ehcache.clustered.client.internal.ClusterTierManagerClientEntity', entityName='limber'}:FetchID=[3]
2021-01-12 14:38:46,857 [WorkerThread(request_processor_stage, 3, 3)] INFO org.ehcache.clustered.server.ClusterTierManagerActiveEntity - Connecting ClientDescriptorImpl{nodeID=ClientID[12], entityDescriptor=ClientInstanceID(4)}
2021-01-12 14:38:46,858 [WorkerThread(request_processor_stage, 3, 3)] INFO com.tc.objectserver.impl.DistributedObjectServer - completed lifecycle FETCH_ENTITY on EntityID{className='org.ehcache.clustered.client.internal.ClusterTierManagerClientEntity', entityName='limber'}:FetchID=[3]
2021-01-12 14:38:47,228 [L2_L1:TCWorkerComm # 0_R] INFO com.tc.objectserver.handler.ClientChannelLifeCycleHandler - : Received transport disconnect.  Shutting down client ClientID[11]
2021-01-12 14:38:47,228 [L2_L1:TCWorkerComm # 1_R] INFO com.tc.objectserver.handler.ClientChannelLifeCycleHandler - : Received transport disconnect.  Shutting down client ClientID[12]
2021-01-12 14:38:47,230 [WorkerThread(request_processor_stage, 3, 3)] INFO com.tc.objectserver.entity.ManagedEntityImpl - Client:ClientID[12]:ClientInstanceID(0) Invoking lifecycle DISCONNECT_CLIENT on EntityID{className='org.ehcache.clustered.client.internal.ClusterTierManagerClientEntity', entityName='limber'}:FetchID=[3]
2021-01-12 14:38:47,230 [WorkerThread(request_processor_stage, 3, 3)] INFO com.tc.objectserver.entity.ManagedEntityImpl - Client:ClientID[12]:ClientInstanceID(0) Invoking lifecycle DISCONNECT_CLIENT on EntityID{className='org.terracotta.lease.LeaseAcquirer', entityName='SystemLeaseAcquirer'}:FetchID=[1]
2021-01-12 14:38:47,230 [WorkerThread(request_processor_stage, 3, 3)] INFO com.tc.objectserver.entity.ManagedEntityImpl - Client:ClientID[12]:ClientInstanceID(0) Invoking lifecycle DISCONNECT_CLIENT on EntityID{className='org.ehcache.clustered.client.internal.lock.VoltronReadWriteLockClient', entityName='VoltronReadWriteLock-ClusterTierManagerClientEntityFactory-AccessLock-limber'}:FetchID=[7]
2021-01-12 14:38:47,231 [WorkerThread(request_processor_stage, 3, 3)] INFO com.tc.objectserver.entity.ManagedEntityImpl - Client:ClientID[11]:ClientInstanceID(0) Invoking lifecycle DISCONNECT_CLIENT on EntityID{className='org.ehcache.clustered.client.internal.ClusterTierManagerClientEntity', entityName='limber'}:FetchID=[3]
2021-01-12 14:38:47,232 [WorkerThread(request_processor_stage, 3, 3)] INFO com.tc.objectserver.entity.ManagedEntityImpl - Client:ClientID[11]:ClientInstanceID(0) Invoking lifecycle DISCONNECT_CLIENT on EntityID{className='org.terracotta.lease.LeaseAcquirer', entityName='SystemLeaseAcquirer'}:FetchID=[1]
2021-01-12 14:38:47,232 [WorkerThread(request_processor_stage, 3, 3)] INFO com.tc.objectserver.entity.ManagedEntityImpl - Client:ClientID[11]:ClientInstanceID(0) Invoking lifecycle DISCONNECT_CLIENT on EntityID{className='org.ehcache.clustered.client.internal.lock.VoltronReadWriteLockClient', entityName='VoltronReadWriteLock-ClusterTierManagerClientEntityFactory-AccessLock-limber'}:FetchID=[7]
2021-01-12 14:38:47,232 [WorkerThread(request_processor_stage, 3, 3)] INFO com.tc.objectserver.entity.ManagedEntityImpl - Client:ClientID[12]:ClientInstanceID(4) Invoking lifecycle RELEASE_ENTITY on EntityID{className='org.ehcache.clustered.client.internal.ClusterTierManagerClientEntity', entityName='limber'}:FetchID=[3]
2021-01-12 14:38:47,233 [WorkerThread(request_processor_stage, 3, 3)] INFO org.ehcache.clustered.server.ClusterTierManagerActiveEntity - Disconnecting ClientDescriptorImpl{nodeID=ClientID[12], entityDescriptor=ClientInstanceID(4)}
2021-01-12 14:38:47,233 [WorkerThread(request_processor_stage, 3, 3)] INFO com.tc.objectserver.impl.DistributedObjectServer - completed lifecycle RELEASE_ENTITY on EntityID{className='org.ehcache.clustered.client.internal.ClusterTierManagerClientEntity', entityName='limber'}:FetchID=[3]
2021-01-12 14:38:47,233 [WorkerThread(request_processor_stage, 3, 3)] INFO com.tc.objectserver.entity.ManagedEntityImpl - Client:ClientID[12]:ClientInstanceID(1) Invoking lifecycle RELEASE_ENTITY on EntityID{className='org.terracotta.lease.LeaseAcquirer', entityName='SystemLeaseAcquirer'}:FetchID=[1]
2021-01-12 14:38:47,233 [WorkerThread(request_processor_stage, 3, 3)] INFO com.tc.objectserver.impl.DistributedObjectServer - completed lifecycle RELEASE_ENTITY on EntityID{className='org.terracotta.lease.LeaseAcquirer', entityName='SystemLeaseAcquirer'}:FetchID=[1]
2021-01-12 14:38:47,233 [WorkerThread(request_processor_stage, 3, 3)] INFO com.tc.objectserver.entity.ManagedEntityImpl - Client:ClientID[12]:ClientInstanceID(3) Invoking lifecycle RELEASE_ENTITY on EntityID{className='org.ehcache.clustered.client.internal.lock.VoltronReadWriteLockClient', entityName='VoltronReadWriteLock-ClusterTierManagerClientEntityFactory-AccessLock-limber'}:FetchID=[7]
2021-01-12 14:38:47,233 [WorkerThread(request_processor_stage, 3, 3)] INFO com.tc.objectserver.impl.DistributedObjectServer - completed lifecycle RELEASE_ENTITY on EntityID{className='org.ehcache.clustered.client.internal.lock.VoltronReadWriteLockClient', entityName='VoltronReadWriteLock-ClusterTierManagerClientEntityFactory-AccessLock-limber'}:FetchID=[7]
2021-01-12 14:38:47,233 [WorkerThread(request_processor_stage, 3, 3)] INFO com.tc.objectserver.entity.ManagedEntityImpl - Client:ClientID[11]:ClientInstanceID(4) Invoking lifecycle RELEASE_ENTITY on EntityID{className='org.ehcache.clustered.client.internal.ClusterTierManagerClientEntity', entityName='limber'}:FetchID=[3]
2021-01-12 14:38:47,233 [WorkerThread(request_processor_stage, 3, 3)] INFO org.ehcache.clustered.server.ClusterTierManagerActiveEntity - Disconnecting ClientDescriptorImpl{nodeID=ClientID[11], entityDescriptor=ClientInstanceID(4)}
2021-01-12 14:38:47,234 [WorkerThread(request_processor_stage, 3, 3)] INFO com.tc.objectserver.impl.DistributedObjectServer - completed lifecycle RELEASE_ENTITY on EntityID{className='org.ehcache.clustered.client.internal.ClusterTierManagerClientEntity', entityName='limber'}:FetchID=[3]
2021-01-12 14:38:47,234 [WorkerThread(request_processor_stage, 3, 3)] INFO com.tc.objectserver.entity.ManagedEntityImpl - Client:ClientID[11]:ClientInstanceID(1) Invoking lifecycle RELEASE_ENTITY on EntityID{className='org.terracotta.lease.LeaseAcquirer', entityName='SystemLeaseAcquirer'}:FetchID=[1]
2021-01-12 14:38:47,234 [WorkerThread(request_processor_stage, 3, 3)] INFO com.tc.objectserver.impl.DistributedObjectServer - completed lifecycle RELEASE_ENTITY on EntityID{className='org.terracotta.lease.LeaseAcquirer', entityName='SystemLeaseAcquirer'}:FetchID=[1]
2021-01-12 14:38:47,234 [WorkerThread(request_processor_stage, 3, 3)] INFO com.tc.objectserver.entity.ManagedEntityImpl - Client:ClientID[11]:ClientInstanceID(3) Invoking lifecycle RELEASE_ENTITY on EntityID{className='org.ehcache.clustered.client.internal.lock.VoltronReadWriteLockClient', entityName='VoltronReadWriteLock-ClusterTierManagerClientEntityFactory-AccessLock-limber'}:FetchID=[7]
2021-01-12 14:38:47,234 [WorkerThread(request_processor_stage, 3, 3)] INFO com.tc.objectserver.impl.DistributedObjectServer - completed lifecycle RELEASE_ENTITY on EntityID{className='org.ehcache.clustered.client.internal.lock.VoltronReadWriteLockClient', entityName='VoltronReadWriteLock-ClusterTierManagerClientEntityFactory-AccessLock-limber'}:FetchID=[7]
2021-01-12 14:39:17,811 [WorkerThread(client_handshake_stage, 0)] INFO com.tc.objectserver.handshakemanager.ServerClientHandshakeManager - Handling client handshake for ClientID[13]
2021-01-12 14:39:17,811 [WorkerThread(client_handshake_stage, 0)] INFO com.tc.objectserver.handshakemanager.ServerClientHandshakeManager - confirming client handshake for STARTED 13 ClientID[13]
2021-01-12 14:39:17,812 [WorkerThread(client_handshake_stage, 0)] INFO com.tc.objectserver.handshakemanager.ServerClientHandshakeManager - Sending handshake acknowledgement to ClientID[13]
2021-01-12 14:39:17,837 [WorkerThread(request_processor_stage, 3, 3)] INFO com.tc.objectserver.entity.ManagedEntityImpl - Client:ClientID[13]:ClientInstanceID(1) Invoking lifecycle FETCH_ENTITY on EntityID{className='org.terracotta.lease.LeaseAcquirer', entityName='SystemLeaseAcquirer'}:FetchID=[1]
2021-01-12 14:39:17,837 [WorkerThread(request_processor_stage, 3, 3)] INFO com.tc.objectserver.impl.DistributedObjectServer - completed lifecycle FETCH_ENTITY on EntityID{className='org.terracotta.lease.LeaseAcquirer', entityName='SystemLeaseAcquirer'}:FetchID=[1]
2021-01-12 14:39:17,861 [WorkerThread(request_processor_stage, 3, 3)] INFO com.tc.objectserver.entity.ManagedEntityImpl - Client:ClientID[13]:ClientInstanceID(0) Invoking lifecycle CREATE_ENTITY on EntityID{className='org.ehcache.clustered.client.internal.lock.VoltronReadWriteLockClient', entityName='VoltronReadWriteLock-ClusterTierManagerClientEntityFactory-AccessLock-limber'}:FetchID=[7]
2021-01-12 14:39:17,861 [WorkerThread(request_processor_stage, 3, 3)] INFO com.tc.objectserver.impl.DistributedObjectServer - completed lifecycle CREATE_ENTITY on EntityID{className='org.ehcache.clustered.client.internal.lock.VoltronReadWriteLockClient', entityName='VoltronReadWriteLock-ClusterTierManagerClientEntityFactory-AccessLock-limber'}:FetchID=[7]
2021-01-12 14:39:17,876 [WorkerThread(request_processor_stage, 3, 3)] INFO com.tc.objectserver.entity.ManagedEntityImpl - Client:ClientID[13]:ClientInstanceID(2) Invoking lifecycle FETCH_ENTITY on EntityID{className='org.ehcache.clustered.client.internal.lock.VoltronReadWriteLockClient', entityName='VoltronReadWriteLock-ClusterTierManagerClientEntityFactory-AccessLock-limber'}:FetchID=[7]
2021-01-12 14:39:17,876 [WorkerThread(request_processor_stage, 3, 3)] INFO com.tc.objectserver.impl.DistributedObjectServer - completed lifecycle FETCH_ENTITY on EntityID{className='org.ehcache.clustered.client.internal.lock.VoltronReadWriteLockClient', entityName='VoltronReadWriteLock-ClusterTierManagerClientEntityFactory-AccessLock-limber'}:FetchID=[7]
2021-01-12 14:39:17,881 [WorkerThread(request_processor_stage, 3, 3)] INFO com.tc.objectserver.entity.ManagedEntityImpl - Client:ClientID[13]:ClientInstanceID(0) Invoking lifecycle CREATE_ENTITY on EntityID{className='org.ehcache.clustered.client.internal.ClusterTierManagerClientEntity', entityName='limber'}:FetchID=[3]
2021-01-12 14:39:17,882 [WorkerThread(request_processor_stage, 3, 3)] INFO com.tc.objectserver.impl.DistributedObjectServer - completed lifecycle CREATE_ENTITY on EntityID{className='org.ehcache.clustered.client.internal.ClusterTierManagerClientEntity', entityName='limber'}:FetchID=[3]
2021-01-12 14:39:17,886 [WorkerThread(request_processor_stage, 3, 3)] INFO com.tc.objectserver.entity.ManagedEntityImpl - Client:ClientID[13]:ClientInstanceID(2) Invoking lifecycle RELEASE_ENTITY on EntityID{className='org.ehcache.clustered.client.internal.lock.VoltronReadWriteLockClient', entityName='VoltronReadWriteLock-ClusterTierManagerClientEntityFactory-AccessLock-limber'}:FetchID=[7]
2021-01-12 14:39:17,886 [WorkerThread(request_processor_stage, 3, 3)] INFO com.tc.objectserver.impl.DistributedObjectServer - completed lifecycle RELEASE_ENTITY on EntityID{className='org.ehcache.clustered.client.internal.lock.VoltronReadWriteLockClient', entityName='VoltronReadWriteLock-ClusterTierManagerClientEntityFactory-AccessLock-limber'}:FetchID=[7]
2021-01-12 14:39:17,887 [WorkerThread(request_processor_stage, 3, 3)] INFO com.tc.objectserver.entity.ManagedEntityImpl - Client:ClientID[13]:ClientInstanceID(0) Invoking lifecycle DESTROY_ENTITY on EntityID{className='org.ehcache.clustered.client.internal.lock.VoltronReadWriteLockClient', entityName='VoltronReadWriteLock-ClusterTierManagerClientEntityFactory-AccessLock-limber'}:FetchID=[7]
2021-01-12 14:39:17,887 [WorkerThread(request_processor_stage, 3, 3)] INFO com.tc.objectserver.impl.DistributedObjectServer - completed lifecycle DESTROY_ENTITY on EntityID{className='org.ehcache.clustered.client.internal.lock.VoltronReadWriteLockClient', entityName='VoltronReadWriteLock-ClusterTierManagerClientEntityFactory-AccessLock-limber'}:FetchID=[7]
2021-01-12 14:39:17,888 [WorkerThread(request_processor_stage, 3, 3)] INFO com.tc.objectserver.entity.ManagedEntityImpl - Client:ClientID[13]:ClientInstanceID(0) Invoking lifecycle CREATE_ENTITY on EntityID{className='org.ehcache.clustered.client.internal.lock.VoltronReadWriteLockClient', entityName='VoltronReadWriteLock-ClusterTierManagerClientEntityFactory-AccessLock-limber'}:FetchID=[12]
2021-01-12 14:39:17,888 [WorkerThread(request_processor_stage, 3, 3)] INFO com.tc.objectserver.impl.DistributedObjectServer - completed lifecycle CREATE_ENTITY on EntityID{className='org.ehcache.clustered.client.internal.lock.VoltronReadWriteLockClient', entityName='VoltronReadWriteLock-ClusterTierManagerClientEntityFactory-AccessLock-limber'}:FetchID=[12]
2021-01-12 14:39:17,889 [WorkerThread(request_processor_stage, 3, 3)] INFO com.tc.objectserver.entity.ManagedEntityImpl - Client:ClientID[13]:ClientInstanceID(3) Invoking lifecycle FETCH_ENTITY on EntityID{className='org.ehcache.clustered.client.internal.lock.VoltronReadWriteLockClient', entityName='VoltronReadWriteLock-ClusterTierManagerClientEntityFactory-AccessLock-limber'}:FetchID=[12]
2021-01-12 14:39:17,889 [WorkerThread(request_processor_stage, 3, 3)] INFO com.tc.objectserver.impl.DistributedObjectServer - completed lifecycle FETCH_ENTITY on EntityID{className='org.ehcache.clustered.client.internal.lock.VoltronReadWriteLockClient', entityName='VoltronReadWriteLock-ClusterTierManagerClientEntityFactory-AccessLock-limber'}:FetchID=[12]
2021-01-12 14:39:17,903 [WorkerThread(request_processor_stage, 3, 3)] INFO com.tc.objectserver.entity.ManagedEntityImpl - Client:ClientID[13]:ClientInstanceID(4) Invoking lifecycle FETCH_ENTITY on EntityID{className='org.ehcache.clustered.client.internal.ClusterTierManagerClientEntity', entityName='limber'}:FetchID=[3]
2021-01-12 14:39:17,903 [WorkerThread(request_processor_stage, 3, 3)] INFO org.ehcache.clustered.server.ClusterTierManagerActiveEntity - Connecting ClientDescriptorImpl{nodeID=ClientID[13], entityDescriptor=ClientInstanceID(4)}
2021-01-12 14:39:17,904 [WorkerThread(request_processor_stage, 3, 3)] INFO com.tc.objectserver.impl.DistributedObjectServer - completed lifecycle FETCH_ENTITY on EntityID{className='org.ehcache.clustered.client.internal.ClusterTierManagerClientEntity', entityName='limber'}:FetchID=[3]
2021-01-12 14:39:28,961 [WorkerThread(client_handshake_stage, 0)] INFO com.tc.objectserver.handshakemanager.ServerClientHandshakeManager - Handling client handshake for ClientID[14]
2021-01-12 14:39:28,962 [WorkerThread(client_handshake_stage, 0)] INFO com.tc.objectserver.handshakemanager.ServerClientHandshakeManager - confirming client handshake for STARTED 14 ClientID[14]
2021-01-12 14:39:28,962 [WorkerThread(client_handshake_stage, 0)] INFO com.tc.objectserver.handshakemanager.ServerClientHandshakeManager - Sending handshake acknowledgement to ClientID[14]
2021-01-12 14:39:28,965 [WorkerThread(request_processor_stage, 3, 3)] INFO com.tc.objectserver.entity.ManagedEntityImpl - Client:ClientID[14]:ClientInstanceID(1) Invoking lifecycle FETCH_ENTITY on EntityID{className='org.terracotta.lease.LeaseAcquirer', entityName='SystemLeaseAcquirer'}:FetchID=[1]
2021-01-12 14:39:28,966 [WorkerThread(request_processor_stage, 3, 3)] INFO com.tc.objectserver.impl.DistributedObjectServer - completed lifecycle FETCH_ENTITY on EntityID{className='org.terracotta.lease.LeaseAcquirer', entityName='SystemLeaseAcquirer'}:FetchID=[1]
2021-01-12 14:39:28,973 [WorkerThread(request_processor_stage, 3, 3)] INFO com.tc.objectserver.entity.ManagedEntityImpl - Client:ClientID[14]:ClientInstanceID(0) Invoking lifecycle CREATE_ENTITY on EntityID{className='org.ehcache.clustered.client.internal.lock.VoltronReadWriteLockClient', entityName='VoltronReadWriteLock-ClusterTierManagerClientEntityFactory-AccessLock-limber'}:FetchID=[12]
2021-01-12 14:39:28,973 [WorkerThread(request_processor_stage, 3, 3)] INFO com.tc.objectserver.impl.DistributedObjectServer - completed lifecycle CREATE_ENTITY on EntityID{className='org.ehcache.clustered.client.internal.lock.VoltronReadWriteLockClient', entityName='VoltronReadWriteLock-ClusterTierManagerClientEntityFactory-AccessLock-limber'}:FetchID=[12]
2021-01-12 14:39:28,978 [WorkerThread(request_processor_stage, 3, 3)] INFO com.tc.objectserver.entity.ManagedEntityImpl - Client:ClientID[14]:ClientInstanceID(2) Invoking lifecycle FETCH_ENTITY on EntityID{className='org.ehcache.clustered.client.internal.lock.VoltronReadWriteLockClient', entityName='VoltronReadWriteLock-ClusterTierManagerClientEntityFactory-AccessLock-limber'}:FetchID=[12]
2021-01-12 14:39:28,978 [WorkerThread(request_processor_stage, 3, 3)] INFO com.tc.objectserver.impl.DistributedObjectServer - completed lifecycle FETCH_ENTITY on EntityID{className='org.ehcache.clustered.client.internal.lock.VoltronReadWriteLockClient', entityName='VoltronReadWriteLock-ClusterTierManagerClientEntityFactory-AccessLock-limber'}:FetchID=[12]
2021-01-12 14:39:28,985 [WorkerThread(request_processor_stage, 3, 3)] INFO com.tc.objectserver.entity.ManagedEntityImpl - Client:ClientID[14]:ClientInstanceID(2) Invoking lifecycle RELEASE_ENTITY on EntityID{className='org.ehcache.clustered.client.internal.lock.VoltronReadWriteLockClient', entityName='VoltronReadWriteLock-ClusterTierManagerClientEntityFactory-AccessLock-limber'}:FetchID=[12]
2021-01-12 14:39:28,987 [WorkerThread(request_processor_stage, 3, 3)] INFO com.tc.objectserver.impl.DistributedObjectServer - completed lifecycle RELEASE_ENTITY on EntityID{className='org.ehcache.clustered.client.internal.lock.VoltronReadWriteLockClient', entityName='VoltronReadWriteLock-ClusterTierManagerClientEntityFactory-AccessLock-limber'}:FetchID=[12]
2021-01-12 14:39:28,991 [WorkerThread(request_processor_stage, 3, 3)] INFO com.tc.objectserver.entity.ManagedEntityImpl - Client:ClientID[14]:ClientInstanceID(0) Invoking lifecycle DESTROY_ENTITY on EntityID{className='org.ehcache.clustered.client.internal.lock.VoltronReadWriteLockClient', entityName='VoltronReadWriteLock-ClusterTierManagerClientEntityFactory-AccessLock-limber'}:FetchID=[12]
2021-01-12 14:39:28,993 [WorkerThread(request_processor_stage, 3, 3)] INFO com.tc.objectserver.impl.DistributedObjectServer - completed lifecycle DESTROY_ENTITY on EntityID{className='org.ehcache.clustered.client.internal.lock.VoltronReadWriteLockClient', entityName='VoltronReadWriteLock-ClusterTierManagerClientEntityFactory-AccessLock-limber'}:FetchID=[12]
2021-01-12 14:39:29,002 [WorkerThread(request_processor_stage, 3, 3)] INFO com.tc.objectserver.entity.ManagedEntityImpl - Client:ClientID[14]:ClientInstanceID(0) Invoking lifecycle CREATE_ENTITY on EntityID{className='org.ehcache.clustered.client.internal.lock.VoltronReadWriteLockClient', entityName='VoltronReadWriteLock-ClusterTierManagerClientEntityFactory-AccessLock-limber'}:FetchID=[12]
2021-01-12 14:39:29,003 [WorkerThread(request_processor_stage, 3, 3)] INFO com.tc.objectserver.impl.DistributedObjectServer - completed lifecycle CREATE_ENTITY on EntityID{className='org.ehcache.clustered.client.internal.lock.VoltronReadWriteLockClient', entityName='VoltronReadWriteLock-ClusterTierManagerClientEntityFactory-AccessLock-limber'}:FetchID=[12]
2021-01-12 14:39:29,006 [WorkerThread(request_processor_stage, 3, 3)] INFO com.tc.objectserver.entity.ManagedEntityImpl - Client:ClientID[14]:ClientInstanceID(3) Invoking lifecycle FETCH_ENTITY on EntityID{className='org.ehcache.clustered.client.internal.lock.VoltronReadWriteLockClient', entityName='VoltronReadWriteLock-ClusterTierManagerClientEntityFactory-AccessLock-limber'}:FetchID=[12]
2021-01-12 14:39:29,006 [WorkerThread(request_processor_stage, 3, 3)] INFO com.tc.objectserver.impl.DistributedObjectServer - completed lifecycle FETCH_ENTITY on EntityID{className='org.ehcache.clustered.client.internal.lock.VoltronReadWriteLockClient', entityName='VoltronReadWriteLock-ClusterTierManagerClientEntityFactory-AccessLock-limber'}:FetchID=[12]
2021-01-12 14:39:29,009 [WorkerThread(request_processor_stage, 3, 3)] INFO com.tc.objectserver.entity.ManagedEntityImpl - Client:ClientID[14]:ClientInstanceID(4) Invoking lifecycle FETCH_ENTITY on EntityID{className='org.ehcache.clustered.client.internal.ClusterTierManagerClientEntity', entityName='limber'}:FetchID=[3]
2021-01-12 14:39:29,009 [WorkerThread(request_processor_stage, 3, 3)] INFO org.ehcache.clustered.server.ClusterTierManagerActiveEntity - Connecting ClientDescriptorImpl{nodeID=ClientID[14], entityDescriptor=ClientInstanceID(4)}
2021-01-12 14:39:29,010 [WorkerThread(request_processor_stage, 3, 3)] INFO com.tc.objectserver.impl.DistributedObjectServer - completed lifecycle FETCH_ENTITY on EntityID{className='org.ehcache.clustered.client.internal.ClusterTierManagerClientEntity', entityName='limber'}:FetchID=[3]
2021-01-12 14:39:32,817 [L2_L1:TCWorkerComm # 0_R] INFO com.tc.objectserver.handler.ClientChannelLifeCycleHandler - : Received transport disconnect.  Shutting down client ClientID[13]
2021-01-12 14:39:32,817 [L2_L1:TCWorkerComm # 1_R] INFO com.tc.objectserver.handler.ClientChannelLifeCycleHandler - : Received transport disconnect.  Shutting down client ClientID[14]
2021-01-12 14:39:32,818 [WorkerThread(request_processor_stage, 3, 3)] INFO com.tc.objectserver.entity.ManagedEntityImpl - Client:ClientID[13]:ClientInstanceID(0) Invoking lifecycle DISCONNECT_CLIENT on EntityID{className='org.ehcache.clustered.client.internal.ClusterTierManagerClientEntity', entityName='limber'}:FetchID=[3]
2021-01-12 14:39:32,818 [WorkerThread(request_processor_stage, 3, 3)] INFO com.tc.objectserver.entity.ManagedEntityImpl - Client:ClientID[13]:ClientInstanceID(0) Invoking lifecycle DISCONNECT_CLIENT on EntityID{className='org.terracotta.lease.LeaseAcquirer', entityName='SystemLeaseAcquirer'}:FetchID=[1]
2021-01-12 14:39:32,818 [WorkerThread(request_processor_stage, 3, 3)] INFO com.tc.objectserver.entity.ManagedEntityImpl - Client:ClientID[13]:ClientInstanceID(0) Invoking lifecycle DISCONNECT_CLIENT on EntityID{className='org.ehcache.clustered.client.internal.lock.VoltronReadWriteLockClient', entityName='VoltronReadWriteLock-ClusterTierManagerClientEntityFactory-AccessLock-limber'}:FetchID=[12]
2021-01-12 14:39:32,818 [WorkerThread(request_processor_stage, 3, 3)] INFO com.tc.objectserver.entity.ManagedEntityImpl - Client:ClientID[14]:ClientInstanceID(0) Invoking lifecycle DISCONNECT_CLIENT on EntityID{className='org.ehcache.clustered.client.internal.ClusterTierManagerClientEntity', entityName='limber'}:FetchID=[3]
2021-01-12 14:39:32,819 [WorkerThread(request_processor_stage, 3, 3)] INFO com.tc.objectserver.entity.ManagedEntityImpl - Client:ClientID[14]:ClientInstanceID(0) Invoking lifecycle DISCONNECT_CLIENT on EntityID{className='org.terracotta.lease.LeaseAcquirer', entityName='SystemLeaseAcquirer'}:FetchID=[1]
2021-01-12 14:39:32,819 [WorkerThread(request_processor_stage, 3, 3)] INFO com.tc.objectserver.entity.ManagedEntityImpl - Client:ClientID[14]:ClientInstanceID(0) Invoking lifecycle DISCONNECT_CLIENT on EntityID{className='org.ehcache.clustered.client.internal.lock.VoltronReadWriteLockClient', entityName='VoltronReadWriteLock-ClusterTierManagerClientEntityFactory-AccessLock-limber'}:FetchID=[12]
2021-01-12 14:39:32,819 [WorkerThread(request_processor_stage, 3, 3)] INFO com.tc.objectserver.entity.ManagedEntityImpl - Client:ClientID[13]:ClientInstanceID(4) Invoking lifecycle RELEASE_ENTITY on EntityID{className='org.ehcache.clustered.client.internal.ClusterTierManagerClientEntity', entityName='limber'}:FetchID=[3]
2021-01-12 14:39:32,819 [WorkerThread(request_processor_stage, 3, 3)] INFO org.ehcache.clustered.server.ClusterTierManagerActiveEntity - Disconnecting ClientDescriptorImpl{nodeID=ClientID[13], entityDescriptor=ClientInstanceID(4)}
2021-01-12 14:39:32,820 [WorkerThread(request_processor_stage, 3, 3)] INFO com.tc.objectserver.impl.DistributedObjectServer - completed lifecycle RELEASE_ENTITY on EntityID{className='org.ehcache.clustered.client.internal.ClusterTierManagerClientEntity', entityName='limber'}:FetchID=[3]
2021-01-12 14:39:32,820 [WorkerThread(request_processor_stage, 3, 3)] INFO com.tc.objectserver.entity.ManagedEntityImpl - Client:ClientID[13]:ClientInstanceID(1) Invoking lifecycle RELEASE_ENTITY on EntityID{className='org.terracotta.lease.LeaseAcquirer', entityName='SystemLeaseAcquirer'}:FetchID=[1]
2021-01-12 14:39:32,820 [WorkerThread(request_processor_stage, 3, 3)] INFO com.tc.objectserver.impl.DistributedObjectServer - completed lifecycle RELEASE_ENTITY on EntityID{className='org.terracotta.lease.LeaseAcquirer', entityName='SystemLeaseAcquirer'}:FetchID=[1]
2021-01-12 14:39:32,820 [WorkerThread(request_processor_stage, 3, 3)] INFO com.tc.objectserver.entity.ManagedEntityImpl - Client:ClientID[13]:ClientInstanceID(3) Invoking lifecycle RELEASE_ENTITY on EntityID{className='org.ehcache.clustered.client.internal.lock.VoltronReadWriteLockClient', entityName='VoltronReadWriteLock-ClusterTierManagerClientEntityFactory-AccessLock-limber'}:FetchID=[12]
2021-01-12 14:39:32,820 [WorkerThread(request_processor_stage, 3, 3)] INFO com.tc.objectserver.impl.DistributedObjectServer - completed lifecycle RELEASE_ENTITY on EntityID{className='org.ehcache.clustered.client.internal.lock.VoltronReadWriteLockClient', entityName='VoltronReadWriteLock-ClusterTierManagerClientEntityFactory-AccessLock-limber'}:FetchID=[12]
2021-01-12 14:39:32,820 [WorkerThread(request_processor_stage, 3, 3)] INFO com.tc.objectserver.entity.ManagedEntityImpl - Client:ClientID[14]:ClientInstanceID(4) Invoking lifecycle RELEASE_ENTITY on EntityID{className='org.ehcache.clustered.client.internal.ClusterTierManagerClientEntity', entityName='limber'}:FetchID=[3]
2021-01-12 14:39:32,820 [WorkerThread(request_processor_stage, 3, 3)] INFO org.ehcache.clustered.server.ClusterTierManagerActiveEntity - Disconnecting ClientDescriptorImpl{nodeID=ClientID[14], entityDescriptor=ClientInstanceID(4)}
2021-01-12 14:39:32,820 [WorkerThread(request_processor_stage, 3, 3)] INFO com.tc.objectserver.impl.DistributedObjectServer - completed lifecycle RELEASE_ENTITY on EntityID{className='org.ehcache.clustered.client.internal.ClusterTierManagerClientEntity', entityName='limber'}:FetchID=[3]
2021-01-12 14:39:32,821 [WorkerThread(request_processor_stage, 3, 3)] INFO com.tc.objectserver.entity.ManagedEntityImpl - Client:ClientID[14]:ClientInstanceID(1) Invoking lifecycle RELEASE_ENTITY on EntityID{className='org.terracotta.lease.LeaseAcquirer', entityName='SystemLeaseAcquirer'}:FetchID=[1]
2021-01-12 14:39:32,821 [WorkerThread(request_processor_stage, 3, 3)] INFO com.tc.objectserver.impl.DistributedObjectServer - completed lifecycle RELEASE_ENTITY on EntityID{className='org.terracotta.lease.LeaseAcquirer', entityName='SystemLeaseAcquirer'}:FetchID=[1]
2021-01-12 14:39:32,821 [WorkerThread(request_processor_stage, 3, 3)] INFO com.tc.objectserver.entity.ManagedEntityImpl - Client:ClientID[14]:ClientInstanceID(3) Invoking lifecycle RELEASE_ENTITY on EntityID{className='org.ehcache.clustered.client.internal.lock.VoltronReadWriteLockClient', entityName='VoltronReadWriteLock-ClusterTierManagerClientEntityFactory-AccessLock-limber'}:FetchID=[12]
2021-01-12 14:39:32,821 [WorkerThread(request_processor_stage, 3, 3)] INFO com.tc.objectserver.impl.DistributedObjectServer - completed lifecycle RELEASE_ENTITY on EntityID{className='org.ehcache.clustered.client.internal.lock.VoltronReadWriteLockClient', entityName='VoltronReadWriteLock-ClusterTierManagerClientEntityFactory-AccessLock-limber'}:FetchID=[12]
2021-01-12 14:39:50,503 [WorkerThread(client_handshake_stage, 0)] INFO com.tc.objectserver.handshakemanager.ServerClientHandshakeManager - Handling client handshake for ClientID[15]
2021-01-12 14:39:50,504 [WorkerThread(client_handshake_stage, 0)] INFO com.tc.objectserver.handshakemanager.ServerClientHandshakeManager - confirming client handshake for STARTED 15 ClientID[15]
2021-01-12 14:39:50,504 [WorkerThread(client_handshake_stage, 0)] INFO com.tc.objectserver.handshakemanager.ServerClientHandshakeManager - Sending handshake acknowledgement to ClientID[15]
2021-01-12 14:39:50,531 [WorkerThread(request_processor_stage, 3, 3)] INFO com.tc.objectserver.entity.ManagedEntityImpl - Client:ClientID[15]:ClientInstanceID(1) Invoking lifecycle FETCH_ENTITY on EntityID{className='org.terracotta.lease.LeaseAcquirer', entityName='SystemLeaseAcquirer'}:FetchID=[1]
2021-01-12 14:39:50,531 [WorkerThread(request_processor_stage, 3, 3)] INFO com.tc.objectserver.impl.DistributedObjectServer - completed lifecycle FETCH_ENTITY on EntityID{className='org.terracotta.lease.LeaseAcquirer', entityName='SystemLeaseAcquirer'}:FetchID=[1]
2021-01-12 14:39:50,562 [WorkerThread(request_processor_stage, 3, 3)] INFO com.tc.objectserver.entity.ManagedEntityImpl - Client:ClientID[15]:ClientInstanceID(0) Invoking lifecycle CREATE_ENTITY on EntityID{className='org.ehcache.clustered.client.internal.lock.VoltronReadWriteLockClient', entityName='VoltronReadWriteLock-ClusterTierManagerClientEntityFactory-AccessLock-limber'}:FetchID=[12]
2021-01-12 14:39:50,562 [WorkerThread(request_processor_stage, 3, 3)] INFO com.tc.objectserver.impl.DistributedObjectServer - completed lifecycle CREATE_ENTITY on EntityID{className='org.ehcache.clustered.client.internal.lock.VoltronReadWriteLockClient', entityName='VoltronReadWriteLock-ClusterTierManagerClientEntityFactory-AccessLock-limber'}:FetchID=[12]
2021-01-12 14:39:50,576 [WorkerThread(request_processor_stage, 3, 3)] INFO com.tc.objectserver.entity.ManagedEntityImpl - Client:ClientID[15]:ClientInstanceID(2) Invoking lifecycle FETCH_ENTITY on EntityID{className='org.ehcache.clustered.client.internal.lock.VoltronReadWriteLockClient', entityName='VoltronReadWriteLock-ClusterTierManagerClientEntityFactory-AccessLock-limber'}:FetchID=[12]
2021-01-12 14:39:50,576 [WorkerThread(request_processor_stage, 3, 3)] INFO com.tc.objectserver.impl.DistributedObjectServer - completed lifecycle FETCH_ENTITY on EntityID{className='org.ehcache.clustered.client.internal.lock.VoltronReadWriteLockClient', entityName='VoltronReadWriteLock-ClusterTierManagerClientEntityFactory-AccessLock-limber'}:FetchID=[12]
2021-01-12 14:39:50,582 [WorkerThread(request_processor_stage, 3, 3)] INFO com.tc.objectserver.entity.ManagedEntityImpl - Client:ClientID[15]:ClientInstanceID(0) Invoking lifecycle CREATE_ENTITY on EntityID{className='org.ehcache.clustered.client.internal.ClusterTierManagerClientEntity', entityName='limber'}:FetchID=[3]
2021-01-12 14:39:50,582 [WorkerThread(request_processor_stage, 3, 3)] INFO com.tc.objectserver.impl.DistributedObjectServer - completed lifecycle CREATE_ENTITY on EntityID{className='org.ehcache.clustered.client.internal.ClusterTierManagerClientEntity', entityName='limber'}:FetchID=[3]
2021-01-12 14:39:50,586 [WorkerThread(request_processor_stage, 3, 3)] INFO com.tc.objectserver.entity.ManagedEntityImpl - Client:ClientID[15]:ClientInstanceID(2) Invoking lifecycle RELEASE_ENTITY on EntityID{className='org.ehcache.clustered.client.internal.lock.VoltronReadWriteLockClient', entityName='VoltronReadWriteLock-ClusterTierManagerClientEntityFactory-AccessLock-limber'}:FetchID=[12]
2021-01-12 14:39:50,586 [WorkerThread(request_processor_stage, 3, 3)] INFO com.tc.objectserver.impl.DistributedObjectServer - completed lifecycle RELEASE_ENTITY on EntityID{className='org.ehcache.clustered.client.internal.lock.VoltronReadWriteLockClient', entityName='VoltronReadWriteLock-ClusterTierManagerClientEntityFactory-AccessLock-limber'}:FetchID=[12]
2021-01-12 14:39:50,588 [WorkerThread(request_processor_stage, 3, 3)] INFO com.tc.objectserver.entity.ManagedEntityImpl - Client:ClientID[15]:ClientInstanceID(0) Invoking lifecycle DESTROY_ENTITY on EntityID{className='org.ehcache.clustered.client.internal.lock.VoltronReadWriteLockClient', entityName='VoltronReadWriteLock-ClusterTierManagerClientEntityFactory-AccessLock-limber'}:FetchID=[12]
2021-01-12 14:39:50,588 [WorkerThread(request_processor_stage, 3, 3)] INFO com.tc.objectserver.impl.DistributedObjectServer - completed lifecycle DESTROY_ENTITY on EntityID{className='org.ehcache.clustered.client.internal.lock.VoltronReadWriteLockClient', entityName='VoltronReadWriteLock-ClusterTierManagerClientEntityFactory-AccessLock-limber'}:FetchID=[12]
2021-01-12 14:39:50,589 [WorkerThread(request_processor_stage, 3, 3)] INFO com.tc.objectserver.entity.ManagedEntityImpl - Client:ClientID[15]:ClientInstanceID(0) Invoking lifecycle CREATE_ENTITY on EntityID{className='org.ehcache.clustered.client.internal.lock.VoltronReadWriteLockClient', entityName='VoltronReadWriteLock-ClusterTierManagerClientEntityFactory-AccessLock-limber'}:FetchID=[17]
2021-01-12 14:39:50,589 [WorkerThread(request_processor_stage, 3, 3)] INFO com.tc.objectserver.impl.DistributedObjectServer - completed lifecycle CREATE_ENTITY on EntityID{className='org.ehcache.clustered.client.internal.lock.VoltronReadWriteLockClient', entityName='VoltronReadWriteLock-ClusterTierManagerClientEntityFactory-AccessLock-limber'}:FetchID=[17]
2021-01-12 14:39:50,590 [WorkerThread(request_processor_stage, 3, 3)] INFO com.tc.objectserver.entity.ManagedEntityImpl - Client:ClientID[15]:ClientInstanceID(3) Invoking lifecycle FETCH_ENTITY on EntityID{className='org.ehcache.clustered.client.internal.lock.VoltronReadWriteLockClient', entityName='VoltronReadWriteLock-ClusterTierManagerClientEntityFactory-AccessLock-limber'}:FetchID=[17]
2021-01-12 14:39:50,590 [WorkerThread(request_processor_stage, 3, 3)] INFO com.tc.objectserver.impl.DistributedObjectServer - completed lifecycle FETCH_ENTITY on EntityID{className='org.ehcache.clustered.client.internal.lock.VoltronReadWriteLockClient', entityName='VoltronReadWriteLock-ClusterTierManagerClientEntityFactory-AccessLock-limber'}:FetchID=[17]
2021-01-12 14:39:50,606 [WorkerThread(request_processor_stage, 3, 3)] INFO com.tc.objectserver.entity.ManagedEntityImpl - Client:ClientID[15]:ClientInstanceID(4) Invoking lifecycle FETCH_ENTITY on EntityID{className='org.ehcache.clustered.client.internal.ClusterTierManagerClientEntity', entityName='limber'}:FetchID=[3]
2021-01-12 14:39:50,607 [WorkerThread(request_processor_stage, 3, 3)] INFO org.ehcache.clustered.server.ClusterTierManagerActiveEntity - Connecting ClientDescriptorImpl{nodeID=ClientID[15], entityDescriptor=ClientInstanceID(4)}
2021-01-12 14:39:50,607 [WorkerThread(request_processor_stage, 3, 3)] INFO com.tc.objectserver.impl.DistributedObjectServer - completed lifecycle FETCH_ENTITY on EntityID{className='org.ehcache.clustered.client.internal.ClusterTierManagerClientEntity', entityName='limber'}:FetchID=[3]
2021-01-12 14:39:57,169 [CommonShutDownHook] INFO com.tc.objectserver.impl.DistributedObjectServer - L2 Exiting...
