2021-01-12 15:45:25,830 [main] INFO com.tc.server.TCServerMain - Terracotta 5.6.5, as of 2019-09-04 at 12:21:32 PDT (Revision 16f7e6193f56415c0d3795afaed3c2b959a534cc from UNKNOWN)
2021-01-12 15:45:25,852 [main] INFO com.tc.server.TCServerMain - PID is 26421
2021-01-12 15:45:25,862 [main] INFO com.tc.properties.TCPropertiesImpl - Loading default properties from tc.properties
2021-01-12 15:45:25,865 [main] INFO com.tc.properties.TCPropertiesImpl - The property "l2.dump.on.exception.timeout" was read before initialization completed. "l2.dump.on.exception.timeout" = 30
2021-01-12 15:45:25,874 [main] INFO com.tc.classloader.ServiceLocator - Entity/Service apis will be loaded from /Volumes/Devs/dev/limber-ehcache/server/plugins/api
2021-01-12 15:45:25,874 [main] INFO com.tc.classloader.ServiceLocator - Entity/Service implementations will be loaded from /Volumes/Devs/dev/limber-ehcache/server/plugins/lib
2021-01-12 15:45:25,972 [main] INFO com.tc.config.DefaultConfigurationProvider - Attempting to load configuration from the file at '/Volumes/Devs/dev/limber-ehcache/server/conf/tc-config.xml'...
2021-01-12 15:45:26,331 [main] INFO org.terracotta.lease.service.config.LeaseConfigurationParser - Found lease length XML text: 60
2021-01-12 15:45:26,332 [main] INFO org.terracotta.lease.service.config.LeaseConfigurationParser - Found lease length time unit: seconds
2021-01-12 15:45:26,337 [main] INFO com.tc.config.DefaultConfigurationProvider - Successfully loaded configuration from the file at '/Volumes/Devs/dev/limber-ehcache/server/conf/tc-config.xml'
2021-01-12 15:45:26,360 [main] INFO com.tc.config.DefaultConfigurationProvider - The configuration specified by the configuration file at '/Volumes/Devs/dev/limber-ehcache/server/conf/tc-config.xml': 

<?xml version="1.0" encoding="UTF-8" standalone="yes"?>
<tc-config xmlns="http://www.terracotta.org/config">
    <plugins>
        <config>
            <ohr:offheap-resources xmlns:ohr="http://www.terracotta.org/config/offheap-resource" xmlns:lease="http://www.terracotta.org/service/lease">
                <ohr:resource name="primary-server-resource" unit="MB">128</ohr:resource>
                <ohr:resource name="secondary-server-resource" unit="MB">96</ohr:resource>
            </ohr:offheap-resources>
        </config>
        <service>
            <lease:connection-leasing xmlns:ohr="http://www.terracotta.org/config/offheap-resource" xmlns:lease="http://www.terracotta.org/service/lease">
                <lease:lease-length unit="seconds">60</lease:lease-length>
            </lease:connection-leasing>
        </service>
    </plugins>
    <tc-properties/>
    <failover-priority>
        <availability></availability>
    </failover-priority>
    <servers>
        <server host="192.168.1.11" name="192.168.1.11:9410" bind="0.0.0.0">
            <logs>/Volumes/Devs/dev/limber-ehcache/server/conf/logs/MBP-de-Elinam-9410</logs>
            <tsa-port bind="0.0.0.0">9410</tsa-port>
            <tsa-group-port bind="0.0.0.0">9430</tsa-group-port>
        </server>
        <client-reconnect-window>120</client-reconnect-window>
    </servers>
</tc-config>

2021-01-12 15:45:26,366 [main] INFO com.tc.l2.logging.TCLogbackLogging - Log file: /Volumes/Devs/dev/limber-ehcache/server/conf/logs/MBP-de-Elinam-9410/terracotta.server.log
2021-01-12 15:45:26,383 [main] INFO com.tc.l2.logging.TCLogbackLogging - All Java System Properties for this Terracotta instance:
========================================================================
JVM arguments: [-XX:MaxDirectMemorySize=1048576g, -Xms256m, -Xmx2049m, -XX:+HeapDumpOnOutOfMemoryError, -Dtc.install-root=/Volumes/Devs/dev/limber-ehcache/server, -DapplyEvolutions.analytics=false, -DapplyDownEvolutions.analytics=false, -DapplyEvolutions.events=false, -DapplyDownEvolutions.events=false]
applyDownEvolutions.analytics : false
applyDownEvolutions.events    : false
applyEvolutions.analytics     : false
applyEvolutions.events        : false
awt.toolkit                   : sun.lwawt.macosx.LWCToolkit
file.encoding                 : UTF-8
file.encoding.pkg             : sun.io
file.separator                : /
ftp.nonProxyHosts             : local|*.local|169.254/16|*.169.254/16
gopherProxySet                : false
http.nonProxyHosts            : local|*.local|169.254/16|*.169.254/16
java.awt.graphicsenv          : sun.awt.CGraphicsEnvironment
java.awt.printerjob           : sun.lwawt.macosx.CPrinterJob
java.class.path               : /Volumes/Devs/dev/limber-ehcache/server/lib/tc.jar::/Volumes/Devs/dev/limber-ehcache/server/plugins/lib/client-message-tracker-5.7.3.jar:/Volumes/Devs/dev/limber-ehcache/server/plugins/lib/ehcache-api-3.8.1.jar:/Volumes/Devs/dev/limber-ehcache/server/plugins/lib/ehcache-common-3.8.1.jar:/Volumes/Devs/dev/limber-ehcache/server/plugins/lib/ehcache-server-3.8.1.jar:/Volumes/Devs/dev/limber-ehcache/server/plugins/lib/lease-common-5.7.3.jar:/Volumes/Devs/dev/limber-ehcache/server/plugins/lib/lease-entity-api-5.7.3.jar:/Volumes/Devs/dev/limber-ehcache/server/plugins/lib/lease-entity-common-5.7.3.jar:/Volumes/Devs/dev/limber-ehcache/server/plugins/lib/lease-entity-server-5.7.3.jar:/Volumes/Devs/dev/limber-ehcache/server/plugins/lib/mnm-common-5.7.3.jar:/Volumes/Devs/dev/limber-ehcache/server/plugins/lib/monitoring-service-api-5.7.3.jar:/Volumes/Devs/dev/limber-ehcache/server/plugins/lib/monitoring-support-1.6.1.jar:/Volumes/Devs/dev/limber-ehcache/server/plugins/lib/offheap-resource-5.7.3.jar:/Volumes/Devs/dev/limber-ehcache/server/plugins/lib/offheap-store-2.4.3.jar:/Volumes/Devs/dev/limber-ehcache/server/plugins/lib/runnel-5.7.3.jar:/Volumes/Devs/dev/limber-ehcache/server/plugins/lib/slf4j-api-1.7.25.jar:/Volumes/Devs/dev/limber-ehcache/server/plugins/lib/standard-cluster-services-1.6.1.jar:/Volumes/Devs/dev/limber-ehcache/server/plugins/lib/statistics-2.1.jar:/Volumes/Devs/dev/limber-ehcache/server/lib/slf4j-api-1.7.25.jar:/Volumes/Devs/dev/limber-ehcache/server/lib
java.class.version            : 52.0
java.endorsed.dirs            : /Library/Java/JavaVirtualMachines/jdk1.8.0_202.jdk/Contents/Home/jre/lib/endorsed
java.ext.dirs                 : /Users/elinam/Library/Java/Extensions:/Library/Java/JavaVirtualMachines/jdk1.8.0_202.jdk/Contents/Home/jre/lib/ext:/Library/Java/Extensions:/Network/Library/Java/Extensions:/System/Library/Java/Extensions:/usr/lib/java
java.home                     : /Library/Java/JavaVirtualMachines/jdk1.8.0_202.jdk/Contents/Home/jre
java.io.tmpdir                : /var/folders/7k/8wr934wd0mn0pcryfw9lkmgr0000gn/T/
java.library.path             : /Users/elinam/Library/Java/Extensions:/Library/Java/Extensions:/Network/Library/Java/Extensions:/System/Library/Java/Extensions:/usr/lib/java:.
java.runtime.name             : Java(TM) SE Runtime Environment
java.runtime.version          : 1.8.0_202-b08
java.specification.name       : Java Platform API Specification
java.specification.vendor     : Oracle Corporation
java.specification.version    : 1.8
java.vendor                   : Oracle Corporation
java.vendor.url               : http://java.oracle.com/
java.vendor.url.bug           : http://bugreport.sun.com/bugreport/
java.version                  : 1.8.0_202
java.vm.info                  : mixed mode
java.vm.name                  : Java HotSpot(TM) 64-Bit Server VM
java.vm.specification.name    : Java Virtual Machine Specification
java.vm.specification.vendor  : Oracle Corporation
java.vm.specification.version : 1.8
java.vm.vendor                : Oracle Corporation
java.vm.version               : 25.202-b08
line.separator                : 

os.arch                       : x86_64
os.name                       : Mac OS X
os.version                    : 10.16
path.separator                : :
socksNonProxyHosts            : local|*.local|169.254/16|*.169.254/16
sun.arch.data.model           : 64
sun.boot.class.path           : /Library/Java/JavaVirtualMachines/jdk1.8.0_202.jdk/Contents/Home/jre/lib/resources.jar:/Library/Java/JavaVirtualMachines/jdk1.8.0_202.jdk/Contents/Home/jre/lib/rt.jar:/Library/Java/JavaVirtualMachines/jdk1.8.0_202.jdk/Contents/Home/jre/lib/sunrsasign.jar:/Library/Java/JavaVirtualMachines/jdk1.8.0_202.jdk/Contents/Home/jre/lib/jsse.jar:/Library/Java/JavaVirtualMachines/jdk1.8.0_202.jdk/Contents/Home/jre/lib/jce.jar:/Library/Java/JavaVirtualMachines/jdk1.8.0_202.jdk/Contents/Home/jre/lib/charsets.jar:/Library/Java/JavaVirtualMachines/jdk1.8.0_202.jdk/Contents/Home/jre/lib/jfr.jar:/Library/Java/JavaVirtualMachines/jdk1.8.0_202.jdk/Contents/Home/jre/classes
sun.boot.library.path         : /Library/Java/JavaVirtualMachines/jdk1.8.0_202.jdk/Contents/Home/jre/lib
sun.cpu.endian                : little
sun.cpu.isalist               : 
sun.io.unicode.encoding       : UnicodeBig
sun.java.command              : com.tc.server.TCServerMain -f server/conf/tc-config.xml
sun.java.launcher             : SUN_STANDARD
sun.jnu.encoding              : UTF-8
sun.management.compiler       : HotSpot 64-Bit Tiered Compilers
sun.os.patch.level            : unknown
tc.install-root               : /Volumes/Devs/dev/limber-ehcache/server
user.country                  : FR
user.dir                      : /Volumes/Devs/dev/limber-ehcache
user.home                     : /Users/elinam
user.language                 : fr
user.name                     : elinam
user.timezone                 : Europe/Paris
========================================================================
2021-01-12 15:45:26,392 [main] INFO org.terracotta.console - Available Max Runtime Memory: 1822MB
2021-01-12 15:45:26,499 [main] INFO com.tc.objectserver.impl.DistributedObjectServer - Creating server nodeID: NodeID[192.168.1.11:9410]
2021-01-12 15:45:26,509 [main] INFO org.terracotta.lease.service.LeaseServiceProvider - Initializing LeaseServiceProvider
2021-01-12 15:45:26,510 [main] INFO org.terracotta.lease.service.LeaseServiceProvider - Using lease length of 60000ms
2021-01-12 15:45:26,514 [main] INFO org.terracotta.lease.service.LeaseServiceProvider - LeaseServiceProvider initialized
2021-01-12 15:45:26,515 [main] INFO com.tc.services.TerracottaServiceProviderRegistryImpl - Initializing org.terracotta.lease.service.LeaseServiceProvider@32910148
2021-01-12 15:45:26,522 [main] INFO com.tc.services.TerracottaServiceProviderRegistryImpl - Initializing org.terracotta.client.message.tracker.OOOMessageHandlerProvider@4a668b6e
2021-01-12 15:45:26,525 [main] INFO com.tc.services.TerracottaServiceProviderRegistryImpl - Initializing org.ehcache.clustered.server.state.EhcacheStateServiceProvider@6f27a732
2021-01-12 15:45:26,525 [main] INFO com.tc.services.TerracottaServiceProviderRegistryImpl - Registering implementation-provided service com.tc.services.PlatformServiceProvider@2525ff7e
2021-01-12 15:45:26,526 [main] INFO com.tc.services.TerracottaServiceProviderRegistryImpl - Registering implementation-provided service com.tc.services.EntityMessengerProvider@776b83cc
2021-01-12 15:45:26,527 [main] INFO com.tc.services.TerracottaServiceProviderRegistryImpl - Initializing com.tc.objectserver.persistence.NullPlatformStorageServiceProvider@5939a379
2021-01-12 15:45:26,529 [main] INFO com.tc.services.TerracottaServiceProviderRegistryImpl - Registering implementation-provided service com.tc.services.LocalMonitoringProducer@482bce4f
2021-01-12 15:45:26,548 [main] INFO com.tc.net.core.TCWorkerCommManager - Creating 4 worker comm threads for L2_L1
2021-01-12 15:45:26,611 [main] INFO com.tc.services.TerracottaServiceProviderRegistryImpl - Registering implementation-provided service com.tc.services.CommunicatorService@7188af83
2021-01-12 15:45:26,639 [main] INFO com.tc.objectserver.impl.DistributedObjectServer - This L2 Node ID = NodeID[192.168.1.11:9410]
2021-01-12 15:45:26,639 [main] INFO com.tc.l2.state.StateManagerImpl - Starting election initial state:State[ START-STATE ]
2021-01-12 15:45:26,642 [WorkerThread(l2_election_handler_stage, 0)] INFO com.tc.l2.state.ElectionManagerImpl - Election Started : Enrollment [ NodeID[192.168.1.11:9410], isNew = true, weights = 0,0,0,0,0,56,8574607594897098024,0 ]
2021-01-12 15:45:26,643 [WorkerThread(l2_election_handler_stage, 0)] INFO com.tc.l2.state.ElectionManagerImpl - Election took 0 sec. ending in State[ Election-In-Progress ]
2021-01-12 15:45:26,643 [WorkerThread(l2_election_handler_stage, 0)] INFO com.tc.l2.state.ElectionManagerImpl - Election Complete : [Enrollment [ NodeID[192.168.1.11:9410], isNew = true, weights = 0,0,0,0,0,56,8574607594897098024,0 ]] : State[ Election-Complete ]
2021-01-12 15:45:26,644 [WorkerThread(l2_election_handler_stage, 0)] INFO com.tc.l2.state.ElectionManagerImpl - Declared as Winner: Winner is : Enrollment [ NodeID[192.168.1.11:9410], isNew = true, weights = 0,0,0,0,0,56,8574607594897098024,0 ]
2021-01-12 15:45:26,675 [main] INFO com.tc.server.TCServer - Server started as 192.168.1.11:9410
2021-01-12 15:45:26,707 [WorkerThread(request_processor_stage, 3, 3)] INFO com.tc.objectserver.entity.ManagedEntityImpl - Client:ClientID[-1]:ClientInstanceID(0) Invoking lifecycle CREATE_ENTITY on EntityID{className='org.terracotta.lease.LeaseAcquirer', entityName='SystemLeaseAcquirer'}:FetchID=[1]
2021-01-12 15:45:26,709 [WorkerThread(request_processor_stage, 3, 3)] INFO org.terracotta.lease.service.LeaseServiceProvider - Creating LeaseService
2021-01-12 15:45:26,713 [WorkerThread(request_processor_stage, 3, 3)] INFO com.tc.objectserver.impl.DistributedObjectServer - completed lifecycle CREATE_ENTITY on EntityID{className='org.terracotta.lease.LeaseAcquirer', entityName='SystemLeaseAcquirer'}:FetchID=[1]
2021-01-12 15:45:26,716 [WorkerThread(l2_state_change_stage, 0)] INFO com.tc.l2.ha.StripeIDStateManagerImpl - Persisting StripeID - StripeID[f32087ea78a743079cb8f98e6701f182]
2021-01-12 15:45:26,718 [WorkerThread(l2_state_change_stage, 0)] INFO org.terracotta.console - Terracotta Server instance has started up as ACTIVE node on 0.0.0.0:9410 successfully, and is now ready for work.
2021-01-12 15:45:26,718 [WorkerThread(l2_state_change_stage, 0)] INFO org.terracotta.console - Moved to State[ ACTIVE-COORDINATOR ]
2021-01-12 15:45:56,998 [WorkerThread(client_handshake_stage, 0)] INFO com.tc.objectserver.handshakemanager.ServerClientHandshakeManager - Handling client handshake for ClientID[10]
2021-01-12 15:45:56,999 [WorkerThread(client_handshake_stage, 0)] INFO com.tc.objectserver.handshakemanager.ServerClientHandshakeManager - confirming client handshake for STARTED 10 ClientID[10]
2021-01-12 15:45:56,999 [WorkerThread(client_handshake_stage, 0)] INFO com.tc.objectserver.handshakemanager.ServerClientHandshakeManager - Sending handshake acknowledgement to ClientID[10]
2021-01-12 15:45:57,055 [WorkerThread(request_processor_stage, 3, 3)] INFO com.tc.objectserver.entity.ManagedEntityImpl - Client:ClientID[10]:ClientInstanceID(1) Invoking lifecycle FETCH_ENTITY on EntityID{className='org.terracotta.lease.LeaseAcquirer', entityName='SystemLeaseAcquirer'}:FetchID=[1]
2021-01-12 15:45:57,056 [WorkerThread(request_processor_stage, 3, 3)] INFO com.tc.objectserver.impl.DistributedObjectServer - completed lifecycle FETCH_ENTITY on EntityID{className='org.terracotta.lease.LeaseAcquirer', entityName='SystemLeaseAcquirer'}:FetchID=[1]
2021-01-12 15:45:57,138 [WorkerThread(request_processor_stage, 3, 3)] INFO com.tc.objectserver.entity.ManagedEntityImpl - Client:ClientID[10]:ClientInstanceID(0) Invoking lifecycle CREATE_ENTITY on EntityID{className='org.ehcache.clustered.client.internal.lock.VoltronReadWriteLockClient', entityName='VoltronReadWriteLock-ClusterTierManagerClientEntityFactory-AccessLock-limber'}:FetchID=[2]
2021-01-12 15:45:57,175 [WorkerThread(request_processor_stage, 3, 3)] INFO com.tc.objectserver.impl.DistributedObjectServer - completed lifecycle CREATE_ENTITY on EntityID{className='org.ehcache.clustered.client.internal.lock.VoltronReadWriteLockClient', entityName='VoltronReadWriteLock-ClusterTierManagerClientEntityFactory-AccessLock-limber'}:FetchID=[2]
2021-01-12 15:45:57,179 [WorkerThread(request_processor_stage, 3, 3)] INFO com.tc.objectserver.entity.ManagedEntityImpl - Client:ClientID[10]:ClientInstanceID(2) Invoking lifecycle FETCH_ENTITY on EntityID{className='org.ehcache.clustered.client.internal.lock.VoltronReadWriteLockClient', entityName='VoltronReadWriteLock-ClusterTierManagerClientEntityFactory-AccessLock-limber'}:FetchID=[2]
2021-01-12 15:45:57,179 [WorkerThread(request_processor_stage, 3, 3)] INFO com.tc.objectserver.impl.DistributedObjectServer - completed lifecycle FETCH_ENTITY on EntityID{className='org.ehcache.clustered.client.internal.lock.VoltronReadWriteLockClient', entityName='VoltronReadWriteLock-ClusterTierManagerClientEntityFactory-AccessLock-limber'}:FetchID=[2]
2021-01-12 15:45:57,222 [WorkerThread(request_processor_stage, 3, 3)] INFO com.tc.objectserver.entity.ManagedEntityImpl - Client:ClientID[10]:ClientInstanceID(0) Invoking lifecycle CREATE_ENTITY on EntityID{className='org.ehcache.clustered.client.internal.ClusterTierManagerClientEntity', entityName='limber'}:FetchID=[3]
2021-01-12 15:45:57,241 [WorkerThread(request_processor_stage, 3, 3)] INFO org.ehcache.clustered.server.EhcacheStateServiceImpl - Configuring server-side cluster tier manager
2021-01-12 15:45:57,242 [WorkerThread(request_processor_stage, 3, 3)] INFO com.tc.objectserver.impl.DistributedObjectServer - completed lifecycle CREATE_ENTITY on EntityID{className='org.ehcache.clustered.client.internal.ClusterTierManagerClientEntity', entityName='limber'}:FetchID=[3]
2021-01-12 15:45:57,246 [WorkerThread(request_processor_stage, 3, 3)] INFO com.tc.objectserver.entity.ManagedEntityImpl - Client:ClientID[10]:ClientInstanceID(2) Invoking lifecycle RELEASE_ENTITY on EntityID{className='org.ehcache.clustered.client.internal.lock.VoltronReadWriteLockClient', entityName='VoltronReadWriteLock-ClusterTierManagerClientEntityFactory-AccessLock-limber'}:FetchID=[2]
2021-01-12 15:45:57,246 [WorkerThread(request_processor_stage, 3, 3)] INFO com.tc.objectserver.impl.DistributedObjectServer - completed lifecycle RELEASE_ENTITY on EntityID{className='org.ehcache.clustered.client.internal.lock.VoltronReadWriteLockClient', entityName='VoltronReadWriteLock-ClusterTierManagerClientEntityFactory-AccessLock-limber'}:FetchID=[2]
2021-01-12 15:45:57,248 [WorkerThread(request_processor_stage, 3, 3)] INFO com.tc.objectserver.entity.ManagedEntityImpl - Client:ClientID[10]:ClientInstanceID(0) Invoking lifecycle DESTROY_ENTITY on EntityID{className='org.ehcache.clustered.client.internal.lock.VoltronReadWriteLockClient', entityName='VoltronReadWriteLock-ClusterTierManagerClientEntityFactory-AccessLock-limber'}:FetchID=[2]
2021-01-12 15:45:57,249 [WorkerThread(request_processor_stage, 3, 3)] INFO com.tc.objectserver.impl.DistributedObjectServer - completed lifecycle DESTROY_ENTITY on EntityID{className='org.ehcache.clustered.client.internal.lock.VoltronReadWriteLockClient', entityName='VoltronReadWriteLock-ClusterTierManagerClientEntityFactory-AccessLock-limber'}:FetchID=[2]
2021-01-12 15:45:57,251 [WorkerThread(request_processor_stage, 3, 3)] INFO com.tc.objectserver.entity.ManagedEntityImpl - Client:ClientID[10]:ClientInstanceID(0) Invoking lifecycle CREATE_ENTITY on EntityID{className='org.ehcache.clustered.client.internal.lock.VoltronReadWriteLockClient', entityName='VoltronReadWriteLock-ClusterTierManagerClientEntityFactory-AccessLock-limber'}:FetchID=[4]
2021-01-12 15:45:57,251 [WorkerThread(request_processor_stage, 3, 3)] INFO com.tc.objectserver.impl.DistributedObjectServer - completed lifecycle CREATE_ENTITY on EntityID{className='org.ehcache.clustered.client.internal.lock.VoltronReadWriteLockClient', entityName='VoltronReadWriteLock-ClusterTierManagerClientEntityFactory-AccessLock-limber'}:FetchID=[4]
2021-01-12 15:45:57,252 [WorkerThread(request_processor_stage, 3, 3)] INFO com.tc.objectserver.entity.ManagedEntityImpl - Client:ClientID[10]:ClientInstanceID(3) Invoking lifecycle FETCH_ENTITY on EntityID{className='org.ehcache.clustered.client.internal.lock.VoltronReadWriteLockClient', entityName='VoltronReadWriteLock-ClusterTierManagerClientEntityFactory-AccessLock-limber'}:FetchID=[4]
2021-01-12 15:45:57,253 [WorkerThread(request_processor_stage, 3, 3)] INFO com.tc.objectserver.impl.DistributedObjectServer - completed lifecycle FETCH_ENTITY on EntityID{className='org.ehcache.clustered.client.internal.lock.VoltronReadWriteLockClient', entityName='VoltronReadWriteLock-ClusterTierManagerClientEntityFactory-AccessLock-limber'}:FetchID=[4]
2021-01-12 15:45:57,272 [WorkerThread(request_processor_stage, 3, 3)] INFO com.tc.objectserver.entity.ManagedEntityImpl - Client:ClientID[10]:ClientInstanceID(4) Invoking lifecycle FETCH_ENTITY on EntityID{className='org.ehcache.clustered.client.internal.ClusterTierManagerClientEntity', entityName='limber'}:FetchID=[3]
2021-01-12 15:45:57,272 [WorkerThread(request_processor_stage, 3, 3)] INFO org.ehcache.clustered.server.ClusterTierManagerActiveEntity - Connecting ClientDescriptorImpl{nodeID=ClientID[10], entityDescriptor=ClientInstanceID(4)}
2021-01-12 15:45:57,272 [WorkerThread(request_processor_stage, 3, 3)] INFO com.tc.objectserver.impl.DistributedObjectServer - completed lifecycle FETCH_ENTITY on EntityID{className='org.ehcache.clustered.client.internal.ClusterTierManagerClientEntity', entityName='limber'}:FetchID=[3]
2021-01-12 15:45:57,735 [L2_L1:TCWorkerComm # 0_R] INFO com.tc.objectserver.handler.ClientChannelLifeCycleHandler - : Received transport disconnect.  Shutting down client ClientID[10]
2021-01-12 15:45:57,740 [WorkerThread(request_processor_stage, 3, 3)] INFO com.tc.objectserver.entity.ManagedEntityImpl - Client:ClientID[10]:ClientInstanceID(0) Invoking lifecycle DISCONNECT_CLIENT on EntityID{className='org.ehcache.clustered.client.internal.lock.VoltronReadWriteLockClient', entityName='VoltronReadWriteLock-ClusterTierManagerClientEntityFactory-AccessLock-limber'}:FetchID=[4]
2021-01-12 15:45:57,743 [WorkerThread(request_processor_stage, 3, 3)] INFO com.tc.objectserver.entity.ManagedEntityImpl - Client:ClientID[10]:ClientInstanceID(0) Invoking lifecycle DISCONNECT_CLIENT on EntityID{className='org.terracotta.lease.LeaseAcquirer', entityName='SystemLeaseAcquirer'}:FetchID=[1]
2021-01-12 15:45:57,744 [WorkerThread(request_processor_stage, 3, 3)] INFO com.tc.objectserver.entity.ManagedEntityImpl - Client:ClientID[10]:ClientInstanceID(0) Invoking lifecycle DISCONNECT_CLIENT on EntityID{className='org.ehcache.clustered.client.internal.ClusterTierManagerClientEntity', entityName='limber'}:FetchID=[3]
2021-01-12 15:45:57,744 [WorkerThread(request_processor_stage, 3, 3)] INFO com.tc.objectserver.entity.ManagedEntityImpl - Client:ClientID[10]:ClientInstanceID(3) Invoking lifecycle RELEASE_ENTITY on EntityID{className='org.ehcache.clustered.client.internal.lock.VoltronReadWriteLockClient', entityName='VoltronReadWriteLock-ClusterTierManagerClientEntityFactory-AccessLock-limber'}:FetchID=[4]
2021-01-12 15:45:57,744 [WorkerThread(request_processor_stage, 3, 3)] INFO com.tc.objectserver.impl.DistributedObjectServer - completed lifecycle RELEASE_ENTITY on EntityID{className='org.ehcache.clustered.client.internal.lock.VoltronReadWriteLockClient', entityName='VoltronReadWriteLock-ClusterTierManagerClientEntityFactory-AccessLock-limber'}:FetchID=[4]
2021-01-12 15:45:57,744 [WorkerThread(request_processor_stage, 3, 3)] INFO com.tc.objectserver.entity.ManagedEntityImpl - Client:ClientID[10]:ClientInstanceID(1) Invoking lifecycle RELEASE_ENTITY on EntityID{className='org.terracotta.lease.LeaseAcquirer', entityName='SystemLeaseAcquirer'}:FetchID=[1]
2021-01-12 15:45:57,744 [WorkerThread(request_processor_stage, 3, 3)] INFO com.tc.objectserver.impl.DistributedObjectServer - completed lifecycle RELEASE_ENTITY on EntityID{className='org.terracotta.lease.LeaseAcquirer', entityName='SystemLeaseAcquirer'}:FetchID=[1]
2021-01-12 15:45:57,744 [WorkerThread(request_processor_stage, 3, 3)] INFO com.tc.objectserver.entity.ManagedEntityImpl - Client:ClientID[10]:ClientInstanceID(4) Invoking lifecycle RELEASE_ENTITY on EntityID{className='org.ehcache.clustered.client.internal.ClusterTierManagerClientEntity', entityName='limber'}:FetchID=[3]
2021-01-12 15:45:57,744 [WorkerThread(request_processor_stage, 3, 3)] INFO org.ehcache.clustered.server.ClusterTierManagerActiveEntity - Disconnecting ClientDescriptorImpl{nodeID=ClientID[10], entityDescriptor=ClientInstanceID(4)}
2021-01-12 15:45:57,745 [WorkerThread(request_processor_stage, 3, 3)] INFO com.tc.objectserver.impl.DistributedObjectServer - completed lifecycle RELEASE_ENTITY on EntityID{className='org.ehcache.clustered.client.internal.ClusterTierManagerClientEntity', entityName='limber'}:FetchID=[3]
2021-01-12 15:46:03,379 [WorkerThread(client_handshake_stage, 0)] INFO com.tc.objectserver.handshakemanager.ServerClientHandshakeManager - Handling client handshake for ClientID[11]
2021-01-12 15:46:03,379 [WorkerThread(client_handshake_stage, 0)] INFO com.tc.objectserver.handshakemanager.ServerClientHandshakeManager - confirming client handshake for STARTED 11 ClientID[11]
2021-01-12 15:46:03,379 [WorkerThread(client_handshake_stage, 0)] INFO com.tc.objectserver.handshakemanager.ServerClientHandshakeManager - Sending handshake acknowledgement to ClientID[11]
2021-01-12 15:46:03,422 [WorkerThread(request_processor_stage, 3, 3)] INFO com.tc.objectserver.entity.ManagedEntityImpl - Client:ClientID[11]:ClientInstanceID(1) Invoking lifecycle FETCH_ENTITY on EntityID{className='org.terracotta.lease.LeaseAcquirer', entityName='SystemLeaseAcquirer'}:FetchID=[1]
2021-01-12 15:46:03,423 [WorkerThread(request_processor_stage, 3, 3)] INFO com.tc.objectserver.impl.DistributedObjectServer - completed lifecycle FETCH_ENTITY on EntityID{className='org.terracotta.lease.LeaseAcquirer', entityName='SystemLeaseAcquirer'}:FetchID=[1]
2021-01-12 15:46:03,456 [WorkerThread(request_processor_stage, 3, 3)] INFO com.tc.objectserver.entity.ManagedEntityImpl - Client:ClientID[11]:ClientInstanceID(0) Invoking lifecycle CREATE_ENTITY on EntityID{className='org.ehcache.clustered.client.internal.lock.VoltronReadWriteLockClient', entityName='VoltronReadWriteLock-ClusterTierManagerClientEntityFactory-AccessLock-limber'}:FetchID=[4]
2021-01-12 15:46:03,457 [WorkerThread(request_processor_stage, 3, 3)] INFO com.tc.objectserver.impl.DistributedObjectServer - completed lifecycle CREATE_ENTITY on EntityID{className='org.ehcache.clustered.client.internal.lock.VoltronReadWriteLockClient', entityName='VoltronReadWriteLock-ClusterTierManagerClientEntityFactory-AccessLock-limber'}:FetchID=[4]
2021-01-12 15:46:03,485 [WorkerThread(request_processor_stage, 3, 3)] INFO com.tc.objectserver.entity.ManagedEntityImpl - Client:ClientID[11]:ClientInstanceID(2) Invoking lifecycle FETCH_ENTITY on EntityID{className='org.ehcache.clustered.client.internal.lock.VoltronReadWriteLockClient', entityName='VoltronReadWriteLock-ClusterTierManagerClientEntityFactory-AccessLock-limber'}:FetchID=[4]
2021-01-12 15:46:03,485 [WorkerThread(request_processor_stage, 3, 3)] INFO com.tc.objectserver.impl.DistributedObjectServer - completed lifecycle FETCH_ENTITY on EntityID{className='org.ehcache.clustered.client.internal.lock.VoltronReadWriteLockClient', entityName='VoltronReadWriteLock-ClusterTierManagerClientEntityFactory-AccessLock-limber'}:FetchID=[4]
2021-01-12 15:46:03,493 [WorkerThread(request_processor_stage, 3, 3)] INFO com.tc.objectserver.entity.ManagedEntityImpl - Client:ClientID[11]:ClientInstanceID(0) Invoking lifecycle CREATE_ENTITY on EntityID{className='org.ehcache.clustered.client.internal.ClusterTierManagerClientEntity', entityName='limber'}:FetchID=[3]
2021-01-12 15:46:03,493 [WorkerThread(request_processor_stage, 3, 3)] INFO com.tc.objectserver.impl.DistributedObjectServer - completed lifecycle CREATE_ENTITY on EntityID{className='org.ehcache.clustered.client.internal.ClusterTierManagerClientEntity', entityName='limber'}:FetchID=[3]
2021-01-12 15:46:03,500 [WorkerThread(request_processor_stage, 3, 3)] INFO com.tc.objectserver.entity.ManagedEntityImpl - Client:ClientID[11]:ClientInstanceID(2) Invoking lifecycle RELEASE_ENTITY on EntityID{className='org.ehcache.clustered.client.internal.lock.VoltronReadWriteLockClient', entityName='VoltronReadWriteLock-ClusterTierManagerClientEntityFactory-AccessLock-limber'}:FetchID=[4]
2021-01-12 15:46:03,500 [WorkerThread(request_processor_stage, 3, 3)] INFO com.tc.objectserver.impl.DistributedObjectServer - completed lifecycle RELEASE_ENTITY on EntityID{className='org.ehcache.clustered.client.internal.lock.VoltronReadWriteLockClient', entityName='VoltronReadWriteLock-ClusterTierManagerClientEntityFactory-AccessLock-limber'}:FetchID=[4]
2021-01-12 15:46:03,503 [WorkerThread(request_processor_stage, 3, 3)] INFO com.tc.objectserver.entity.ManagedEntityImpl - Client:ClientID[11]:ClientInstanceID(0) Invoking lifecycle DESTROY_ENTITY on EntityID{className='org.ehcache.clustered.client.internal.lock.VoltronReadWriteLockClient', entityName='VoltronReadWriteLock-ClusterTierManagerClientEntityFactory-AccessLock-limber'}:FetchID=[4]
2021-01-12 15:46:03,503 [WorkerThread(request_processor_stage, 3, 3)] INFO com.tc.objectserver.impl.DistributedObjectServer - completed lifecycle DESTROY_ENTITY on EntityID{className='org.ehcache.clustered.client.internal.lock.VoltronReadWriteLockClient', entityName='VoltronReadWriteLock-ClusterTierManagerClientEntityFactory-AccessLock-limber'}:FetchID=[4]
2021-01-12 15:46:03,505 [WorkerThread(request_processor_stage, 3, 3)] INFO com.tc.objectserver.entity.ManagedEntityImpl - Client:ClientID[11]:ClientInstanceID(0) Invoking lifecycle CREATE_ENTITY on EntityID{className='org.ehcache.clustered.client.internal.lock.VoltronReadWriteLockClient', entityName='VoltronReadWriteLock-ClusterTierManagerClientEntityFactory-AccessLock-limber'}:FetchID=[7]
2021-01-12 15:46:03,505 [WorkerThread(request_processor_stage, 3, 3)] INFO com.tc.objectserver.impl.DistributedObjectServer - completed lifecycle CREATE_ENTITY on EntityID{className='org.ehcache.clustered.client.internal.lock.VoltronReadWriteLockClient', entityName='VoltronReadWriteLock-ClusterTierManagerClientEntityFactory-AccessLock-limber'}:FetchID=[7]
2021-01-12 15:46:03,506 [WorkerThread(request_processor_stage, 3, 3)] INFO com.tc.objectserver.entity.ManagedEntityImpl - Client:ClientID[11]:ClientInstanceID(3) Invoking lifecycle FETCH_ENTITY on EntityID{className='org.ehcache.clustered.client.internal.lock.VoltronReadWriteLockClient', entityName='VoltronReadWriteLock-ClusterTierManagerClientEntityFactory-AccessLock-limber'}:FetchID=[7]
2021-01-12 15:46:03,507 [WorkerThread(request_processor_stage, 3, 3)] INFO com.tc.objectserver.impl.DistributedObjectServer - completed lifecycle FETCH_ENTITY on EntityID{className='org.ehcache.clustered.client.internal.lock.VoltronReadWriteLockClient', entityName='VoltronReadWriteLock-ClusterTierManagerClientEntityFactory-AccessLock-limber'}:FetchID=[7]
2021-01-12 15:46:03,548 [WorkerThread(request_processor_stage, 3, 3)] INFO com.tc.objectserver.entity.ManagedEntityImpl - Client:ClientID[11]:ClientInstanceID(4) Invoking lifecycle FETCH_ENTITY on EntityID{className='org.ehcache.clustered.client.internal.ClusterTierManagerClientEntity', entityName='limber'}:FetchID=[3]
2021-01-12 15:46:03,549 [WorkerThread(request_processor_stage, 3, 3)] INFO org.ehcache.clustered.server.ClusterTierManagerActiveEntity - Connecting ClientDescriptorImpl{nodeID=ClientID[11], entityDescriptor=ClientInstanceID(4)}
2021-01-12 15:46:03,549 [WorkerThread(request_processor_stage, 3, 3)] INFO com.tc.objectserver.impl.DistributedObjectServer - completed lifecycle FETCH_ENTITY on EntityID{className='org.ehcache.clustered.client.internal.ClusterTierManagerClientEntity', entityName='limber'}:FetchID=[3]
2021-01-12 15:46:04,101 [L2_L1:TCWorkerComm # 0_R] INFO com.tc.objectserver.handler.ClientChannelLifeCycleHandler - : Received transport disconnect.  Shutting down client ClientID[11]
2021-01-12 15:46:04,102 [WorkerThread(request_processor_stage, 3, 3)] INFO com.tc.objectserver.entity.ManagedEntityImpl - Client:ClientID[11]:ClientInstanceID(0) Invoking lifecycle DISCONNECT_CLIENT on EntityID{className='org.ehcache.clustered.client.internal.lock.VoltronReadWriteLockClient', entityName='VoltronReadWriteLock-ClusterTierManagerClientEntityFactory-AccessLock-limber'}:FetchID=[7]
2021-01-12 15:46:04,102 [WorkerThread(request_processor_stage, 3, 3)] INFO com.tc.objectserver.entity.ManagedEntityImpl - Client:ClientID[11]:ClientInstanceID(0) Invoking lifecycle DISCONNECT_CLIENT on EntityID{className='org.terracotta.lease.LeaseAcquirer', entityName='SystemLeaseAcquirer'}:FetchID=[1]
2021-01-12 15:46:04,103 [WorkerThread(request_processor_stage, 3, 3)] INFO com.tc.objectserver.entity.ManagedEntityImpl - Client:ClientID[11]:ClientInstanceID(0) Invoking lifecycle DISCONNECT_CLIENT on EntityID{className='org.ehcache.clustered.client.internal.ClusterTierManagerClientEntity', entityName='limber'}:FetchID=[3]
2021-01-12 15:46:04,103 [WorkerThread(request_processor_stage, 3, 3)] INFO com.tc.objectserver.entity.ManagedEntityImpl - Client:ClientID[11]:ClientInstanceID(3) Invoking lifecycle RELEASE_ENTITY on EntityID{className='org.ehcache.clustered.client.internal.lock.VoltronReadWriteLockClient', entityName='VoltronReadWriteLock-ClusterTierManagerClientEntityFactory-AccessLock-limber'}:FetchID=[7]
2021-01-12 15:46:04,103 [WorkerThread(request_processor_stage, 3, 3)] INFO com.tc.objectserver.impl.DistributedObjectServer - completed lifecycle RELEASE_ENTITY on EntityID{className='org.ehcache.clustered.client.internal.lock.VoltronReadWriteLockClient', entityName='VoltronReadWriteLock-ClusterTierManagerClientEntityFactory-AccessLock-limber'}:FetchID=[7]
2021-01-12 15:46:04,103 [WorkerThread(request_processor_stage, 3, 3)] INFO com.tc.objectserver.entity.ManagedEntityImpl - Client:ClientID[11]:ClientInstanceID(1) Invoking lifecycle RELEASE_ENTITY on EntityID{className='org.terracotta.lease.LeaseAcquirer', entityName='SystemLeaseAcquirer'}:FetchID=[1]
2021-01-12 15:46:04,103 [WorkerThread(request_processor_stage, 3, 3)] INFO com.tc.objectserver.impl.DistributedObjectServer - completed lifecycle RELEASE_ENTITY on EntityID{className='org.terracotta.lease.LeaseAcquirer', entityName='SystemLeaseAcquirer'}:FetchID=[1]
2021-01-12 15:46:04,104 [WorkerThread(request_processor_stage, 3, 3)] INFO com.tc.objectserver.entity.ManagedEntityImpl - Client:ClientID[11]:ClientInstanceID(4) Invoking lifecycle RELEASE_ENTITY on EntityID{className='org.ehcache.clustered.client.internal.ClusterTierManagerClientEntity', entityName='limber'}:FetchID=[3]
2021-01-12 15:46:04,104 [WorkerThread(request_processor_stage, 3, 3)] INFO org.ehcache.clustered.server.ClusterTierManagerActiveEntity - Disconnecting ClientDescriptorImpl{nodeID=ClientID[11], entityDescriptor=ClientInstanceID(4)}
2021-01-12 15:46:04,104 [WorkerThread(request_processor_stage, 3, 3)] INFO com.tc.objectserver.impl.DistributedObjectServer - completed lifecycle RELEASE_ENTITY on EntityID{className='org.ehcache.clustered.client.internal.ClusterTierManagerClientEntity', entityName='limber'}:FetchID=[3]
2021-01-12 15:58:28,591 [WorkerThread(client_handshake_stage, 0)] INFO com.tc.objectserver.handshakemanager.ServerClientHandshakeManager - Handling client handshake for ClientID[12]
2021-01-12 15:58:28,592 [WorkerThread(client_handshake_stage, 0)] INFO com.tc.objectserver.handshakemanager.ServerClientHandshakeManager - confirming client handshake for STARTED 12 ClientID[12]
2021-01-12 15:58:28,592 [WorkerThread(client_handshake_stage, 0)] INFO com.tc.objectserver.handshakemanager.ServerClientHandshakeManager - Sending handshake acknowledgement to ClientID[12]
2021-01-12 15:58:28,636 [WorkerThread(request_processor_stage, 3, 3)] INFO com.tc.objectserver.entity.ManagedEntityImpl - Client:ClientID[12]:ClientInstanceID(1) Invoking lifecycle FETCH_ENTITY on EntityID{className='org.terracotta.lease.LeaseAcquirer', entityName='SystemLeaseAcquirer'}:FetchID=[1]
2021-01-12 15:58:28,636 [WorkerThread(request_processor_stage, 3, 3)] INFO com.tc.objectserver.impl.DistributedObjectServer - completed lifecycle FETCH_ENTITY on EntityID{className='org.terracotta.lease.LeaseAcquirer', entityName='SystemLeaseAcquirer'}:FetchID=[1]
2021-01-12 15:58:28,670 [WorkerThread(request_processor_stage, 3, 3)] INFO com.tc.objectserver.entity.ManagedEntityImpl - Client:ClientID[12]:ClientInstanceID(0) Invoking lifecycle CREATE_ENTITY on EntityID{className='org.ehcache.clustered.client.internal.lock.VoltronReadWriteLockClient', entityName='VoltronReadWriteLock-ClusterTierManagerClientEntityFactory-AccessLock-limber'}:FetchID=[7]
2021-01-12 15:58:28,670 [WorkerThread(request_processor_stage, 3, 3)] INFO com.tc.objectserver.impl.DistributedObjectServer - completed lifecycle CREATE_ENTITY on EntityID{className='org.ehcache.clustered.client.internal.lock.VoltronReadWriteLockClient', entityName='VoltronReadWriteLock-ClusterTierManagerClientEntityFactory-AccessLock-limber'}:FetchID=[7]
2021-01-12 15:58:28,679 [WorkerThread(request_processor_stage, 3, 3)] INFO com.tc.objectserver.entity.ManagedEntityImpl - Client:ClientID[12]:ClientInstanceID(2) Invoking lifecycle FETCH_ENTITY on EntityID{className='org.ehcache.clustered.client.internal.lock.VoltronReadWriteLockClient', entityName='VoltronReadWriteLock-ClusterTierManagerClientEntityFactory-AccessLock-limber'}:FetchID=[7]
2021-01-12 15:58:28,679 [WorkerThread(request_processor_stage, 3, 3)] INFO com.tc.objectserver.impl.DistributedObjectServer - completed lifecycle FETCH_ENTITY on EntityID{className='org.ehcache.clustered.client.internal.lock.VoltronReadWriteLockClient', entityName='VoltronReadWriteLock-ClusterTierManagerClientEntityFactory-AccessLock-limber'}:FetchID=[7]
2021-01-12 15:58:28,686 [WorkerThread(request_processor_stage, 3, 3)] INFO com.tc.objectserver.entity.ManagedEntityImpl - Client:ClientID[12]:ClientInstanceID(0) Invoking lifecycle CREATE_ENTITY on EntityID{className='org.ehcache.clustered.client.internal.ClusterTierManagerClientEntity', entityName='limber'}:FetchID=[3]
2021-01-12 15:58:28,686 [WorkerThread(request_processor_stage, 3, 3)] INFO com.tc.objectserver.impl.DistributedObjectServer - completed lifecycle CREATE_ENTITY on EntityID{className='org.ehcache.clustered.client.internal.ClusterTierManagerClientEntity', entityName='limber'}:FetchID=[3]
2021-01-12 15:58:28,691 [WorkerThread(request_processor_stage, 3, 3)] INFO com.tc.objectserver.entity.ManagedEntityImpl - Client:ClientID[12]:ClientInstanceID(2) Invoking lifecycle RELEASE_ENTITY on EntityID{className='org.ehcache.clustered.client.internal.lock.VoltronReadWriteLockClient', entityName='VoltronReadWriteLock-ClusterTierManagerClientEntityFactory-AccessLock-limber'}:FetchID=[7]
2021-01-12 15:58:28,692 [WorkerThread(request_processor_stage, 3, 3)] INFO com.tc.objectserver.impl.DistributedObjectServer - completed lifecycle RELEASE_ENTITY on EntityID{className='org.ehcache.clustered.client.internal.lock.VoltronReadWriteLockClient', entityName='VoltronReadWriteLock-ClusterTierManagerClientEntityFactory-AccessLock-limber'}:FetchID=[7]
2021-01-12 15:58:28,693 [WorkerThread(request_processor_stage, 3, 3)] INFO com.tc.objectserver.entity.ManagedEntityImpl - Client:ClientID[12]:ClientInstanceID(0) Invoking lifecycle DESTROY_ENTITY on EntityID{className='org.ehcache.clustered.client.internal.lock.VoltronReadWriteLockClient', entityName='VoltronReadWriteLock-ClusterTierManagerClientEntityFactory-AccessLock-limber'}:FetchID=[7]
2021-01-12 15:58:28,693 [WorkerThread(request_processor_stage, 3, 3)] INFO com.tc.objectserver.impl.DistributedObjectServer - completed lifecycle DESTROY_ENTITY on EntityID{className='org.ehcache.clustered.client.internal.lock.VoltronReadWriteLockClient', entityName='VoltronReadWriteLock-ClusterTierManagerClientEntityFactory-AccessLock-limber'}:FetchID=[7]
2021-01-12 15:58:28,694 [WorkerThread(request_processor_stage, 3, 3)] INFO com.tc.objectserver.entity.ManagedEntityImpl - Client:ClientID[12]:ClientInstanceID(0) Invoking lifecycle CREATE_ENTITY on EntityID{className='org.ehcache.clustered.client.internal.lock.VoltronReadWriteLockClient', entityName='VoltronReadWriteLock-ClusterTierManagerClientEntityFactory-AccessLock-limber'}:FetchID=[10]
2021-01-12 15:58:28,695 [WorkerThread(request_processor_stage, 3, 3)] INFO com.tc.objectserver.impl.DistributedObjectServer - completed lifecycle CREATE_ENTITY on EntityID{className='org.ehcache.clustered.client.internal.lock.VoltronReadWriteLockClient', entityName='VoltronReadWriteLock-ClusterTierManagerClientEntityFactory-AccessLock-limber'}:FetchID=[10]
2021-01-12 15:58:28,696 [WorkerThread(request_processor_stage, 3, 3)] INFO com.tc.objectserver.entity.ManagedEntityImpl - Client:ClientID[12]:ClientInstanceID(3) Invoking lifecycle FETCH_ENTITY on EntityID{className='org.ehcache.clustered.client.internal.lock.VoltronReadWriteLockClient', entityName='VoltronReadWriteLock-ClusterTierManagerClientEntityFactory-AccessLock-limber'}:FetchID=[10]
2021-01-12 15:58:28,696 [WorkerThread(request_processor_stage, 3, 3)] INFO com.tc.objectserver.impl.DistributedObjectServer - completed lifecycle FETCH_ENTITY on EntityID{className='org.ehcache.clustered.client.internal.lock.VoltronReadWriteLockClient', entityName='VoltronReadWriteLock-ClusterTierManagerClientEntityFactory-AccessLock-limber'}:FetchID=[10]
2021-01-12 15:58:28,721 [WorkerThread(request_processor_stage, 3, 3)] INFO com.tc.objectserver.entity.ManagedEntityImpl - Client:ClientID[12]:ClientInstanceID(4) Invoking lifecycle FETCH_ENTITY on EntityID{className='org.ehcache.clustered.client.internal.ClusterTierManagerClientEntity', entityName='limber'}:FetchID=[3]
2021-01-12 15:58:28,721 [WorkerThread(request_processor_stage, 3, 3)] INFO org.ehcache.clustered.server.ClusterTierManagerActiveEntity - Connecting ClientDescriptorImpl{nodeID=ClientID[12], entityDescriptor=ClientInstanceID(4)}
2021-01-12 15:58:28,721 [WorkerThread(request_processor_stage, 3, 3)] INFO com.tc.objectserver.impl.DistributedObjectServer - completed lifecycle FETCH_ENTITY on EntityID{className='org.ehcache.clustered.client.internal.ClusterTierManagerClientEntity', entityName='limber'}:FetchID=[3]
2021-01-12 16:54:53,703 [L2_L1:TCWorkerComm # 0_R] INFO com.tc.objectserver.handler.ClientChannelLifeCycleHandler - : Received transport disconnect.  Shutting down client ClientID[12]
2021-01-12 16:54:53,705 [WorkerThread(request_processor_stage, 3, 3)] INFO com.tc.objectserver.entity.ManagedEntityImpl - Client:ClientID[12]:ClientInstanceID(0) Invoking lifecycle DISCONNECT_CLIENT on EntityID{className='org.ehcache.clustered.client.internal.ClusterTierManagerClientEntity', entityName='limber'}:FetchID=[3]
2021-01-12 16:54:53,706 [WorkerThread(request_processor_stage, 3, 3)] INFO com.tc.objectserver.entity.ManagedEntityImpl - Client:ClientID[12]:ClientInstanceID(0) Invoking lifecycle DISCONNECT_CLIENT on EntityID{className='org.terracotta.lease.LeaseAcquirer', entityName='SystemLeaseAcquirer'}:FetchID=[1]
2021-01-12 16:54:53,706 [WorkerThread(request_processor_stage, 3, 3)] INFO com.tc.objectserver.entity.ManagedEntityImpl - Client:ClientID[12]:ClientInstanceID(0) Invoking lifecycle DISCONNECT_CLIENT on EntityID{className='org.ehcache.clustered.client.internal.lock.VoltronReadWriteLockClient', entityName='VoltronReadWriteLock-ClusterTierManagerClientEntityFactory-AccessLock-limber'}:FetchID=[10]
2021-01-12 16:54:53,707 [WorkerThread(request_processor_stage, 3, 3)] INFO com.tc.objectserver.entity.ManagedEntityImpl - Client:ClientID[12]:ClientInstanceID(4) Invoking lifecycle RELEASE_ENTITY on EntityID{className='org.ehcache.clustered.client.internal.ClusterTierManagerClientEntity', entityName='limber'}:FetchID=[3]
2021-01-12 16:54:53,707 [WorkerThread(request_processor_stage, 3, 3)] INFO org.ehcache.clustered.server.ClusterTierManagerActiveEntity - Disconnecting ClientDescriptorImpl{nodeID=ClientID[12], entityDescriptor=ClientInstanceID(4)}
2021-01-12 16:54:53,707 [WorkerThread(request_processor_stage, 3, 3)] INFO com.tc.objectserver.impl.DistributedObjectServer - completed lifecycle RELEASE_ENTITY on EntityID{className='org.ehcache.clustered.client.internal.ClusterTierManagerClientEntity', entityName='limber'}:FetchID=[3]
2021-01-12 16:54:53,708 [WorkerThread(request_processor_stage, 3, 3)] INFO com.tc.objectserver.entity.ManagedEntityImpl - Client:ClientID[12]:ClientInstanceID(1) Invoking lifecycle RELEASE_ENTITY on EntityID{className='org.terracotta.lease.LeaseAcquirer', entityName='SystemLeaseAcquirer'}:FetchID=[1]
2021-01-12 16:54:53,708 [WorkerThread(request_processor_stage, 3, 3)] INFO com.tc.objectserver.impl.DistributedObjectServer - completed lifecycle RELEASE_ENTITY on EntityID{className='org.terracotta.lease.LeaseAcquirer', entityName='SystemLeaseAcquirer'}:FetchID=[1]
2021-01-12 16:54:53,708 [WorkerThread(request_processor_stage, 3, 3)] INFO com.tc.objectserver.entity.ManagedEntityImpl - Client:ClientID[12]:ClientInstanceID(3) Invoking lifecycle RELEASE_ENTITY on EntityID{className='org.ehcache.clustered.client.internal.lock.VoltronReadWriteLockClient', entityName='VoltronReadWriteLock-ClusterTierManagerClientEntityFactory-AccessLock-limber'}:FetchID=[10]
2021-01-12 16:54:53,709 [WorkerThread(request_processor_stage, 3, 3)] INFO com.tc.objectserver.impl.DistributedObjectServer - completed lifecycle RELEASE_ENTITY on EntityID{className='org.ehcache.clustered.client.internal.lock.VoltronReadWriteLockClient', entityName='VoltronReadWriteLock-ClusterTierManagerClientEntityFactory-AccessLock-limber'}:FetchID=[10]
2021-01-12 17:10:38,967 [WorkerThread(client_handshake_stage, 0)] INFO com.tc.objectserver.handshakemanager.ServerClientHandshakeManager - Handling client handshake for ClientID[13]
2021-01-12 17:10:38,970 [WorkerThread(client_handshake_stage, 0)] INFO com.tc.objectserver.handshakemanager.ServerClientHandshakeManager - confirming client handshake for STARTED 13 ClientID[13]
2021-01-12 17:10:38,970 [WorkerThread(client_handshake_stage, 0)] INFO com.tc.objectserver.handshakemanager.ServerClientHandshakeManager - Sending handshake acknowledgement to ClientID[13]
2021-01-12 17:10:39,025 [WorkerThread(request_processor_stage, 3, 3)] INFO com.tc.objectserver.entity.ManagedEntityImpl - Client:ClientID[13]:ClientInstanceID(1) Invoking lifecycle FETCH_ENTITY on EntityID{className='org.terracotta.lease.LeaseAcquirer', entityName='SystemLeaseAcquirer'}:FetchID=[1]
2021-01-12 17:10:39,026 [WorkerThread(request_processor_stage, 3, 3)] INFO com.tc.objectserver.impl.DistributedObjectServer - completed lifecycle FETCH_ENTITY on EntityID{className='org.terracotta.lease.LeaseAcquirer', entityName='SystemLeaseAcquirer'}:FetchID=[1]
2021-01-12 17:10:39,065 [WorkerThread(request_processor_stage, 3, 3)] INFO com.tc.objectserver.entity.ManagedEntityImpl - Client:ClientID[13]:ClientInstanceID(0) Invoking lifecycle CREATE_ENTITY on EntityID{className='org.ehcache.clustered.client.internal.lock.VoltronReadWriteLockClient', entityName='VoltronReadWriteLock-ClusterTierManagerClientEntityFactory-AccessLock-limber'}:FetchID=[10]
2021-01-12 17:10:39,066 [WorkerThread(request_processor_stage, 3, 3)] INFO com.tc.objectserver.impl.DistributedObjectServer - completed lifecycle CREATE_ENTITY on EntityID{className='org.ehcache.clustered.client.internal.lock.VoltronReadWriteLockClient', entityName='VoltronReadWriteLock-ClusterTierManagerClientEntityFactory-AccessLock-limber'}:FetchID=[10]
2021-01-12 17:10:39,091 [WorkerThread(request_processor_stage, 3, 3)] INFO com.tc.objectserver.entity.ManagedEntityImpl - Client:ClientID[13]:ClientInstanceID(2) Invoking lifecycle FETCH_ENTITY on EntityID{className='org.ehcache.clustered.client.internal.lock.VoltronReadWriteLockClient', entityName='VoltronReadWriteLock-ClusterTierManagerClientEntityFactory-AccessLock-limber'}:FetchID=[10]
2021-01-12 17:10:39,091 [WorkerThread(request_processor_stage, 3, 3)] INFO com.tc.objectserver.impl.DistributedObjectServer - completed lifecycle FETCH_ENTITY on EntityID{className='org.ehcache.clustered.client.internal.lock.VoltronReadWriteLockClient', entityName='VoltronReadWriteLock-ClusterTierManagerClientEntityFactory-AccessLock-limber'}:FetchID=[10]
2021-01-12 17:10:39,100 [WorkerThread(request_processor_stage, 3, 3)] INFO com.tc.objectserver.entity.ManagedEntityImpl - Client:ClientID[13]:ClientInstanceID(0) Invoking lifecycle CREATE_ENTITY on EntityID{className='org.ehcache.clustered.client.internal.ClusterTierManagerClientEntity', entityName='limber'}:FetchID=[3]
2021-01-12 17:10:39,101 [WorkerThread(request_processor_stage, 3, 3)] INFO com.tc.objectserver.impl.DistributedObjectServer - completed lifecycle CREATE_ENTITY on EntityID{className='org.ehcache.clustered.client.internal.ClusterTierManagerClientEntity', entityName='limber'}:FetchID=[3]
2021-01-12 17:10:39,107 [WorkerThread(request_processor_stage, 3, 3)] INFO com.tc.objectserver.entity.ManagedEntityImpl - Client:ClientID[13]:ClientInstanceID(2) Invoking lifecycle RELEASE_ENTITY on EntityID{className='org.ehcache.clustered.client.internal.lock.VoltronReadWriteLockClient', entityName='VoltronReadWriteLock-ClusterTierManagerClientEntityFactory-AccessLock-limber'}:FetchID=[10]
2021-01-12 17:10:39,108 [WorkerThread(request_processor_stage, 3, 3)] INFO com.tc.objectserver.impl.DistributedObjectServer - completed lifecycle RELEASE_ENTITY on EntityID{className='org.ehcache.clustered.client.internal.lock.VoltronReadWriteLockClient', entityName='VoltronReadWriteLock-ClusterTierManagerClientEntityFactory-AccessLock-limber'}:FetchID=[10]
2021-01-12 17:10:39,110 [WorkerThread(request_processor_stage, 3, 3)] INFO com.tc.objectserver.entity.ManagedEntityImpl - Client:ClientID[13]:ClientInstanceID(0) Invoking lifecycle DESTROY_ENTITY on EntityID{className='org.ehcache.clustered.client.internal.lock.VoltronReadWriteLockClient', entityName='VoltronReadWriteLock-ClusterTierManagerClientEntityFactory-AccessLock-limber'}:FetchID=[10]
2021-01-12 17:10:39,110 [WorkerThread(request_processor_stage, 3, 3)] INFO com.tc.objectserver.impl.DistributedObjectServer - completed lifecycle DESTROY_ENTITY on EntityID{className='org.ehcache.clustered.client.internal.lock.VoltronReadWriteLockClient', entityName='VoltronReadWriteLock-ClusterTierManagerClientEntityFactory-AccessLock-limber'}:FetchID=[10]
2021-01-12 17:10:39,112 [WorkerThread(request_processor_stage, 3, 3)] INFO com.tc.objectserver.entity.ManagedEntityImpl - Client:ClientID[13]:ClientInstanceID(0) Invoking lifecycle CREATE_ENTITY on EntityID{className='org.ehcache.clustered.client.internal.lock.VoltronReadWriteLockClient', entityName='VoltronReadWriteLock-ClusterTierManagerClientEntityFactory-AccessLock-limber'}:FetchID=[13]
2021-01-12 17:10:39,113 [WorkerThread(request_processor_stage, 3, 3)] INFO com.tc.objectserver.impl.DistributedObjectServer - completed lifecycle CREATE_ENTITY on EntityID{className='org.ehcache.clustered.client.internal.lock.VoltronReadWriteLockClient', entityName='VoltronReadWriteLock-ClusterTierManagerClientEntityFactory-AccessLock-limber'}:FetchID=[13]
2021-01-12 17:10:39,114 [WorkerThread(request_processor_stage, 3, 3)] INFO com.tc.objectserver.entity.ManagedEntityImpl - Client:ClientID[13]:ClientInstanceID(3) Invoking lifecycle FETCH_ENTITY on EntityID{className='org.ehcache.clustered.client.internal.lock.VoltronReadWriteLockClient', entityName='VoltronReadWriteLock-ClusterTierManagerClientEntityFactory-AccessLock-limber'}:FetchID=[13]
2021-01-12 17:10:39,114 [WorkerThread(request_processor_stage, 3, 3)] INFO com.tc.objectserver.impl.DistributedObjectServer - completed lifecycle FETCH_ENTITY on EntityID{className='org.ehcache.clustered.client.internal.lock.VoltronReadWriteLockClient', entityName='VoltronReadWriteLock-ClusterTierManagerClientEntityFactory-AccessLock-limber'}:FetchID=[13]
2021-01-12 17:10:39,137 [WorkerThread(request_processor_stage, 3, 3)] INFO com.tc.objectserver.entity.ManagedEntityImpl - Client:ClientID[13]:ClientInstanceID(4) Invoking lifecycle FETCH_ENTITY on EntityID{className='org.ehcache.clustered.client.internal.ClusterTierManagerClientEntity', entityName='limber'}:FetchID=[3]
2021-01-12 17:10:39,137 [WorkerThread(request_processor_stage, 3, 3)] INFO org.ehcache.clustered.server.ClusterTierManagerActiveEntity - Connecting ClientDescriptorImpl{nodeID=ClientID[13], entityDescriptor=ClientInstanceID(4)}
2021-01-12 17:10:39,137 [WorkerThread(request_processor_stage, 3, 3)] INFO com.tc.objectserver.impl.DistributedObjectServer - completed lifecycle FETCH_ENTITY on EntityID{className='org.ehcache.clustered.client.internal.ClusterTierManagerClientEntity', entityName='limber'}:FetchID=[3]
2021-01-12 17:10:49,587 [L2_L1:TCWorkerComm # 0_R] INFO com.tc.net.core.TCConnection - error reading from channel java.nio.channels.SocketChannel[connected local=/192.168.1.11:9410 remote=/192.168.1.11:63938]: Connection reset by peer
2021-01-12 17:10:49,589 [L2_L1:TCWorkerComm # 0_R] INFO com.tc.net.core.TCConnectionManager - error event on connection com.tc.net.core.TCConnectionImpl@1648292520: connected: true, closed: false local=192.168.1.11:9410 remote=192.168.1.11:63938 connect=[Tue Jan 12 17:10:38 CET 2021] idle=59ms [3996 read, 6301 write] buffer=com.tc.net.core.ClearTextBufferManager@49e16fd3: Connection reset by peer
2021-01-12 17:10:49,591 [L2_L1:TCWorkerComm # 0_R] INFO com.tc.objectserver.handler.ClientChannelLifeCycleHandler - : Received transport disconnect.  Shutting down client ClientID[13]
2021-01-12 17:10:49,593 [WorkerThread(request_processor_stage, 3, 3)] INFO com.tc.objectserver.entity.ManagedEntityImpl - Client:ClientID[13]:ClientInstanceID(0) Invoking lifecycle DISCONNECT_CLIENT on EntityID{className='org.ehcache.clustered.client.internal.ClusterTierManagerClientEntity', entityName='limber'}:FetchID=[3]
2021-01-12 17:10:49,593 [WorkerThread(request_processor_stage, 3, 3)] INFO com.tc.objectserver.entity.ManagedEntityImpl - Client:ClientID[13]:ClientInstanceID(0) Invoking lifecycle DISCONNECT_CLIENT on EntityID{className='org.terracotta.lease.LeaseAcquirer', entityName='SystemLeaseAcquirer'}:FetchID=[1]
2021-01-12 17:10:49,594 [WorkerThread(request_processor_stage, 3, 3)] INFO com.tc.objectserver.entity.ManagedEntityImpl - Client:ClientID[13]:ClientInstanceID(0) Invoking lifecycle DISCONNECT_CLIENT on EntityID{className='org.ehcache.clustered.client.internal.lock.VoltronReadWriteLockClient', entityName='VoltronReadWriteLock-ClusterTierManagerClientEntityFactory-AccessLock-limber'}:FetchID=[13]
2021-01-12 17:10:49,594 [WorkerThread(request_processor_stage, 3, 3)] INFO com.tc.objectserver.entity.ManagedEntityImpl - Client:ClientID[13]:ClientInstanceID(4) Invoking lifecycle RELEASE_ENTITY on EntityID{className='org.ehcache.clustered.client.internal.ClusterTierManagerClientEntity', entityName='limber'}:FetchID=[3]
2021-01-12 17:10:49,594 [WorkerThread(request_processor_stage, 3, 3)] INFO org.ehcache.clustered.server.ClusterTierManagerActiveEntity - Disconnecting ClientDescriptorImpl{nodeID=ClientID[13], entityDescriptor=ClientInstanceID(4)}
2021-01-12 17:10:49,594 [WorkerThread(request_processor_stage, 3, 3)] INFO com.tc.objectserver.impl.DistributedObjectServer - completed lifecycle RELEASE_ENTITY on EntityID{className='org.ehcache.clustered.client.internal.ClusterTierManagerClientEntity', entityName='limber'}:FetchID=[3]
2021-01-12 17:10:49,594 [WorkerThread(request_processor_stage, 3, 3)] INFO com.tc.objectserver.entity.ManagedEntityImpl - Client:ClientID[13]:ClientInstanceID(1) Invoking lifecycle RELEASE_ENTITY on EntityID{className='org.terracotta.lease.LeaseAcquirer', entityName='SystemLeaseAcquirer'}:FetchID=[1]
2021-01-12 17:10:49,595 [WorkerThread(request_processor_stage, 3, 3)] INFO com.tc.objectserver.impl.DistributedObjectServer - completed lifecycle RELEASE_ENTITY on EntityID{className='org.terracotta.lease.LeaseAcquirer', entityName='SystemLeaseAcquirer'}:FetchID=[1]
2021-01-12 17:10:49,596 [WorkerThread(request_processor_stage, 3, 3)] INFO com.tc.objectserver.entity.ManagedEntityImpl - Client:ClientID[13]:ClientInstanceID(3) Invoking lifecycle RELEASE_ENTITY on EntityID{className='org.ehcache.clustered.client.internal.lock.VoltronReadWriteLockClient', entityName='VoltronReadWriteLock-ClusterTierManagerClientEntityFactory-AccessLock-limber'}:FetchID=[13]
2021-01-12 17:10:49,596 [WorkerThread(request_processor_stage, 3, 3)] INFO com.tc.objectserver.impl.DistributedObjectServer - completed lifecycle RELEASE_ENTITY on EntityID{className='org.ehcache.clustered.client.internal.lock.VoltronReadWriteLockClient', entityName='VoltronReadWriteLock-ClusterTierManagerClientEntityFactory-AccessLock-limber'}:FetchID=[13]
2021-01-12 17:11:36,618 [WorkerThread(client_handshake_stage, 0)] INFO com.tc.objectserver.handshakemanager.ServerClientHandshakeManager - Handling client handshake for ClientID[14]
2021-01-12 17:11:36,619 [WorkerThread(client_handshake_stage, 0)] INFO com.tc.objectserver.handshakemanager.ServerClientHandshakeManager - confirming client handshake for STARTED 14 ClientID[14]
2021-01-12 17:11:36,619 [WorkerThread(client_handshake_stage, 0)] INFO com.tc.objectserver.handshakemanager.ServerClientHandshakeManager - Sending handshake acknowledgement to ClientID[14]
2021-01-12 17:11:36,666 [WorkerThread(request_processor_stage, 3, 3)] INFO com.tc.objectserver.entity.ManagedEntityImpl - Client:ClientID[14]:ClientInstanceID(1) Invoking lifecycle FETCH_ENTITY on EntityID{className='org.terracotta.lease.LeaseAcquirer', entityName='SystemLeaseAcquirer'}:FetchID=[1]
2021-01-12 17:11:36,667 [WorkerThread(request_processor_stage, 3, 3)] INFO com.tc.objectserver.impl.DistributedObjectServer - completed lifecycle FETCH_ENTITY on EntityID{className='org.terracotta.lease.LeaseAcquirer', entityName='SystemLeaseAcquirer'}:FetchID=[1]
2021-01-12 17:11:36,770 [WorkerThread(request_processor_stage, 3, 3)] INFO com.tc.objectserver.entity.ManagedEntityImpl - Client:ClientID[14]:ClientInstanceID(0) Invoking lifecycle CREATE_ENTITY on EntityID{className='org.ehcache.clustered.client.internal.lock.VoltronReadWriteLockClient', entityName='VoltronReadWriteLock-ClusterTierManagerClientEntityFactory-AccessLock-limber'}:FetchID=[13]
2021-01-12 17:11:36,771 [WorkerThread(request_processor_stage, 3, 3)] INFO com.tc.objectserver.impl.DistributedObjectServer - completed lifecycle CREATE_ENTITY on EntityID{className='org.ehcache.clustered.client.internal.lock.VoltronReadWriteLockClient', entityName='VoltronReadWriteLock-ClusterTierManagerClientEntityFactory-AccessLock-limber'}:FetchID=[13]
2021-01-12 17:11:36,781 [WorkerThread(request_processor_stage, 3, 3)] INFO com.tc.objectserver.entity.ManagedEntityImpl - Client:ClientID[14]:ClientInstanceID(2) Invoking lifecycle FETCH_ENTITY on EntityID{className='org.ehcache.clustered.client.internal.lock.VoltronReadWriteLockClient', entityName='VoltronReadWriteLock-ClusterTierManagerClientEntityFactory-AccessLock-limber'}:FetchID=[13]
2021-01-12 17:11:36,781 [WorkerThread(request_processor_stage, 3, 3)] INFO com.tc.objectserver.impl.DistributedObjectServer - completed lifecycle FETCH_ENTITY on EntityID{className='org.ehcache.clustered.client.internal.lock.VoltronReadWriteLockClient', entityName='VoltronReadWriteLock-ClusterTierManagerClientEntityFactory-AccessLock-limber'}:FetchID=[13]
2021-01-12 17:11:36,788 [WorkerThread(request_processor_stage, 3, 3)] INFO com.tc.objectserver.entity.ManagedEntityImpl - Client:ClientID[14]:ClientInstanceID(0) Invoking lifecycle CREATE_ENTITY on EntityID{className='org.ehcache.clustered.client.internal.ClusterTierManagerClientEntity', entityName='limber'}:FetchID=[3]
2021-01-12 17:11:36,789 [WorkerThread(request_processor_stage, 3, 3)] INFO com.tc.objectserver.impl.DistributedObjectServer - completed lifecycle CREATE_ENTITY on EntityID{className='org.ehcache.clustered.client.internal.ClusterTierManagerClientEntity', entityName='limber'}:FetchID=[3]
2021-01-12 17:11:36,794 [WorkerThread(request_processor_stage, 3, 3)] INFO com.tc.objectserver.entity.ManagedEntityImpl - Client:ClientID[14]:ClientInstanceID(2) Invoking lifecycle RELEASE_ENTITY on EntityID{className='org.ehcache.clustered.client.internal.lock.VoltronReadWriteLockClient', entityName='VoltronReadWriteLock-ClusterTierManagerClientEntityFactory-AccessLock-limber'}:FetchID=[13]
2021-01-12 17:11:36,794 [WorkerThread(request_processor_stage, 3, 3)] INFO com.tc.objectserver.impl.DistributedObjectServer - completed lifecycle RELEASE_ENTITY on EntityID{className='org.ehcache.clustered.client.internal.lock.VoltronReadWriteLockClient', entityName='VoltronReadWriteLock-ClusterTierManagerClientEntityFactory-AccessLock-limber'}:FetchID=[13]
2021-01-12 17:11:36,796 [WorkerThread(request_processor_stage, 3, 3)] INFO com.tc.objectserver.entity.ManagedEntityImpl - Client:ClientID[14]:ClientInstanceID(0) Invoking lifecycle DESTROY_ENTITY on EntityID{className='org.ehcache.clustered.client.internal.lock.VoltronReadWriteLockClient', entityName='VoltronReadWriteLock-ClusterTierManagerClientEntityFactory-AccessLock-limber'}:FetchID=[13]
2021-01-12 17:11:36,796 [WorkerThread(request_processor_stage, 3, 3)] INFO com.tc.objectserver.impl.DistributedObjectServer - completed lifecycle DESTROY_ENTITY on EntityID{className='org.ehcache.clustered.client.internal.lock.VoltronReadWriteLockClient', entityName='VoltronReadWriteLock-ClusterTierManagerClientEntityFactory-AccessLock-limber'}:FetchID=[13]
2021-01-12 17:11:36,797 [WorkerThread(request_processor_stage, 3, 3)] INFO com.tc.objectserver.entity.ManagedEntityImpl - Client:ClientID[14]:ClientInstanceID(0) Invoking lifecycle CREATE_ENTITY on EntityID{className='org.ehcache.clustered.client.internal.lock.VoltronReadWriteLockClient', entityName='VoltronReadWriteLock-ClusterTierManagerClientEntityFactory-AccessLock-limber'}:FetchID=[16]
2021-01-12 17:11:36,797 [WorkerThread(request_processor_stage, 3, 3)] INFO com.tc.objectserver.impl.DistributedObjectServer - completed lifecycle CREATE_ENTITY on EntityID{className='org.ehcache.clustered.client.internal.lock.VoltronReadWriteLockClient', entityName='VoltronReadWriteLock-ClusterTierManagerClientEntityFactory-AccessLock-limber'}:FetchID=[16]
2021-01-12 17:11:36,798 [WorkerThread(request_processor_stage, 3, 3)] INFO com.tc.objectserver.entity.ManagedEntityImpl - Client:ClientID[14]:ClientInstanceID(3) Invoking lifecycle FETCH_ENTITY on EntityID{className='org.ehcache.clustered.client.internal.lock.VoltronReadWriteLockClient', entityName='VoltronReadWriteLock-ClusterTierManagerClientEntityFactory-AccessLock-limber'}:FetchID=[16]
2021-01-12 17:11:36,799 [WorkerThread(request_processor_stage, 3, 3)] INFO com.tc.objectserver.impl.DistributedObjectServer - completed lifecycle FETCH_ENTITY on EntityID{className='org.ehcache.clustered.client.internal.lock.VoltronReadWriteLockClient', entityName='VoltronReadWriteLock-ClusterTierManagerClientEntityFactory-AccessLock-limber'}:FetchID=[16]
2021-01-12 17:11:36,824 [WorkerThread(request_processor_stage, 3, 3)] INFO com.tc.objectserver.entity.ManagedEntityImpl - Client:ClientID[14]:ClientInstanceID(4) Invoking lifecycle FETCH_ENTITY on EntityID{className='org.ehcache.clustered.client.internal.ClusterTierManagerClientEntity', entityName='limber'}:FetchID=[3]
2021-01-12 17:11:36,824 [WorkerThread(request_processor_stage, 3, 3)] INFO org.ehcache.clustered.server.ClusterTierManagerActiveEntity - Connecting ClientDescriptorImpl{nodeID=ClientID[14], entityDescriptor=ClientInstanceID(4)}
2021-01-12 17:11:36,825 [WorkerThread(request_processor_stage, 3, 3)] INFO com.tc.objectserver.impl.DistributedObjectServer - completed lifecycle FETCH_ENTITY on EntityID{className='org.ehcache.clustered.client.internal.ClusterTierManagerClientEntity', entityName='limber'}:FetchID=[3]
2021-01-12 17:15:24,569 [LeaseMonitorThread] INFO org.terracotta.lease.service.monitor.LeaseState - Closing connection to client: ClientDescriptorImpl{nodeID=ClientID[14], entityDescriptor=ClientInstanceID(1)} due to lease expiry
2021-01-12 17:15:24,574 [LeaseMonitorThread] INFO com.tc.objectserver.handler.ClientChannelLifeCycleHandler - : Received transport disconnect.  Shutting down client ClientID[14]
2021-01-12 17:15:24,577 [WorkerThread(request_processor_stage, 3, 3)] INFO com.tc.objectserver.entity.ManagedEntityImpl - Client:ClientID[14]:ClientInstanceID(0) Invoking lifecycle DISCONNECT_CLIENT on EntityID{className='org.ehcache.clustered.client.internal.ClusterTierManagerClientEntity', entityName='limber'}:FetchID=[3]
2021-01-12 17:15:24,578 [WorkerThread(request_processor_stage, 3, 3)] INFO com.tc.objectserver.entity.ManagedEntityImpl - Client:ClientID[14]:ClientInstanceID(0) Invoking lifecycle DISCONNECT_CLIENT on EntityID{className='org.ehcache.clustered.client.internal.lock.VoltronReadWriteLockClient', entityName='VoltronReadWriteLock-ClusterTierManagerClientEntityFactory-AccessLock-limber'}:FetchID=[16]
2021-01-12 17:15:24,578 [WorkerThread(request_processor_stage, 3, 3)] INFO com.tc.objectserver.entity.ManagedEntityImpl - Client:ClientID[14]:ClientInstanceID(0) Invoking lifecycle DISCONNECT_CLIENT on EntityID{className='org.terracotta.lease.LeaseAcquirer', entityName='SystemLeaseAcquirer'}:FetchID=[1]
2021-01-12 17:15:24,578 [WorkerThread(request_processor_stage, 3, 3)] INFO com.tc.objectserver.entity.ManagedEntityImpl - Client:ClientID[14]:ClientInstanceID(4) Invoking lifecycle RELEASE_ENTITY on EntityID{className='org.ehcache.clustered.client.internal.ClusterTierManagerClientEntity', entityName='limber'}:FetchID=[3]
2021-01-12 17:15:24,578 [WorkerThread(request_processor_stage, 3, 3)] INFO org.ehcache.clustered.server.ClusterTierManagerActiveEntity - Disconnecting ClientDescriptorImpl{nodeID=ClientID[14], entityDescriptor=ClientInstanceID(4)}
2021-01-12 17:15:24,578 [WorkerThread(request_processor_stage, 3, 3)] INFO com.tc.objectserver.impl.DistributedObjectServer - completed lifecycle RELEASE_ENTITY on EntityID{className='org.ehcache.clustered.client.internal.ClusterTierManagerClientEntity', entityName='limber'}:FetchID=[3]
2021-01-12 17:15:24,578 [WorkerThread(request_processor_stage, 3, 3)] INFO com.tc.objectserver.entity.ManagedEntityImpl - Client:ClientID[14]:ClientInstanceID(3) Invoking lifecycle RELEASE_ENTITY on EntityID{className='org.ehcache.clustered.client.internal.lock.VoltronReadWriteLockClient', entityName='VoltronReadWriteLock-ClusterTierManagerClientEntityFactory-AccessLock-limber'}:FetchID=[16]
2021-01-12 17:15:24,579 [WorkerThread(request_processor_stage, 3, 3)] INFO com.tc.objectserver.impl.DistributedObjectServer - completed lifecycle RELEASE_ENTITY on EntityID{className='org.ehcache.clustered.client.internal.lock.VoltronReadWriteLockClient', entityName='VoltronReadWriteLock-ClusterTierManagerClientEntityFactory-AccessLock-limber'}:FetchID=[16]
2021-01-12 17:15:24,579 [WorkerThread(request_processor_stage, 3, 3)] INFO com.tc.objectserver.entity.ManagedEntityImpl - Client:ClientID[14]:ClientInstanceID(1) Invoking lifecycle RELEASE_ENTITY on EntityID{className='org.terracotta.lease.LeaseAcquirer', entityName='SystemLeaseAcquirer'}:FetchID=[1]
2021-01-12 17:15:24,579 [WorkerThread(request_processor_stage, 3, 3)] INFO com.tc.objectserver.impl.DistributedObjectServer - completed lifecycle RELEASE_ENTITY on EntityID{className='org.terracotta.lease.LeaseAcquirer', entityName='SystemLeaseAcquirer'}:FetchID=[1]
2021-01-12 17:23:53,027 [WorkerThread(client_handshake_stage, 0)] INFO com.tc.objectserver.handshakemanager.ServerClientHandshakeManager - Handling client handshake for ClientID[15]
2021-01-12 17:23:53,029 [WorkerThread(client_handshake_stage, 0)] INFO com.tc.objectserver.handshakemanager.ServerClientHandshakeManager - confirming client handshake for STARTED 15 ClientID[15]
2021-01-12 17:23:53,029 [WorkerThread(client_handshake_stage, 0)] INFO com.tc.objectserver.handshakemanager.ServerClientHandshakeManager - Sending handshake acknowledgement to ClientID[15]
2021-01-12 17:23:53,071 [WorkerThread(request_processor_stage, 3, 3)] INFO com.tc.objectserver.entity.ManagedEntityImpl - Client:ClientID[15]:ClientInstanceID(1) Invoking lifecycle FETCH_ENTITY on EntityID{className='org.terracotta.lease.LeaseAcquirer', entityName='SystemLeaseAcquirer'}:FetchID=[1]
2021-01-12 17:23:53,072 [WorkerThread(request_processor_stage, 3, 3)] INFO com.tc.objectserver.impl.DistributedObjectServer - completed lifecycle FETCH_ENTITY on EntityID{className='org.terracotta.lease.LeaseAcquirer', entityName='SystemLeaseAcquirer'}:FetchID=[1]
2021-01-12 17:23:53,109 [WorkerThread(request_processor_stage, 3, 3)] INFO com.tc.objectserver.entity.ManagedEntityImpl - Client:ClientID[15]:ClientInstanceID(0) Invoking lifecycle CREATE_ENTITY on EntityID{className='org.ehcache.clustered.client.internal.lock.VoltronReadWriteLockClient', entityName='VoltronReadWriteLock-ClusterTierManagerClientEntityFactory-AccessLock-limber'}:FetchID=[16]
2021-01-12 17:23:53,109 [WorkerThread(request_processor_stage, 3, 3)] INFO com.tc.objectserver.impl.DistributedObjectServer - completed lifecycle CREATE_ENTITY on EntityID{className='org.ehcache.clustered.client.internal.lock.VoltronReadWriteLockClient', entityName='VoltronReadWriteLock-ClusterTierManagerClientEntityFactory-AccessLock-limber'}:FetchID=[16]
2021-01-12 17:23:53,122 [WorkerThread(request_processor_stage, 3, 3)] INFO com.tc.objectserver.entity.ManagedEntityImpl - Client:ClientID[15]:ClientInstanceID(2) Invoking lifecycle FETCH_ENTITY on EntityID{className='org.ehcache.clustered.client.internal.lock.VoltronReadWriteLockClient', entityName='VoltronReadWriteLock-ClusterTierManagerClientEntityFactory-AccessLock-limber'}:FetchID=[16]
2021-01-12 17:23:53,122 [WorkerThread(request_processor_stage, 3, 3)] INFO com.tc.objectserver.impl.DistributedObjectServer - completed lifecycle FETCH_ENTITY on EntityID{className='org.ehcache.clustered.client.internal.lock.VoltronReadWriteLockClient', entityName='VoltronReadWriteLock-ClusterTierManagerClientEntityFactory-AccessLock-limber'}:FetchID=[16]
2021-01-12 17:23:53,132 [WorkerThread(request_processor_stage, 3, 3)] INFO com.tc.objectserver.entity.ManagedEntityImpl - Client:ClientID[15]:ClientInstanceID(0) Invoking lifecycle CREATE_ENTITY on EntityID{className='org.ehcache.clustered.client.internal.ClusterTierManagerClientEntity', entityName='limber'}:FetchID=[3]
2021-01-12 17:23:53,132 [WorkerThread(request_processor_stage, 3, 3)] INFO com.tc.objectserver.impl.DistributedObjectServer - completed lifecycle CREATE_ENTITY on EntityID{className='org.ehcache.clustered.client.internal.ClusterTierManagerClientEntity', entityName='limber'}:FetchID=[3]
2021-01-12 17:23:53,139 [WorkerThread(request_processor_stage, 3, 3)] INFO com.tc.objectserver.entity.ManagedEntityImpl - Client:ClientID[15]:ClientInstanceID(2) Invoking lifecycle RELEASE_ENTITY on EntityID{className='org.ehcache.clustered.client.internal.lock.VoltronReadWriteLockClient', entityName='VoltronReadWriteLock-ClusterTierManagerClientEntityFactory-AccessLock-limber'}:FetchID=[16]
2021-01-12 17:23:53,139 [WorkerThread(request_processor_stage, 3, 3)] INFO com.tc.objectserver.impl.DistributedObjectServer - completed lifecycle RELEASE_ENTITY on EntityID{className='org.ehcache.clustered.client.internal.lock.VoltronReadWriteLockClient', entityName='VoltronReadWriteLock-ClusterTierManagerClientEntityFactory-AccessLock-limber'}:FetchID=[16]
2021-01-12 17:23:53,141 [WorkerThread(request_processor_stage, 3, 3)] INFO com.tc.objectserver.entity.ManagedEntityImpl - Client:ClientID[15]:ClientInstanceID(0) Invoking lifecycle DESTROY_ENTITY on EntityID{className='org.ehcache.clustered.client.internal.lock.VoltronReadWriteLockClient', entityName='VoltronReadWriteLock-ClusterTierManagerClientEntityFactory-AccessLock-limber'}:FetchID=[16]
2021-01-12 17:23:53,141 [WorkerThread(request_processor_stage, 3, 3)] INFO com.tc.objectserver.impl.DistributedObjectServer - completed lifecycle DESTROY_ENTITY on EntityID{className='org.ehcache.clustered.client.internal.lock.VoltronReadWriteLockClient', entityName='VoltronReadWriteLock-ClusterTierManagerClientEntityFactory-AccessLock-limber'}:FetchID=[16]
2021-01-12 17:23:53,143 [WorkerThread(request_processor_stage, 3, 3)] INFO com.tc.objectserver.entity.ManagedEntityImpl - Client:ClientID[15]:ClientInstanceID(0) Invoking lifecycle CREATE_ENTITY on EntityID{className='org.ehcache.clustered.client.internal.lock.VoltronReadWriteLockClient', entityName='VoltronReadWriteLock-ClusterTierManagerClientEntityFactory-AccessLock-limber'}:FetchID=[19]
2021-01-12 17:23:53,144 [WorkerThread(request_processor_stage, 3, 3)] INFO com.tc.objectserver.impl.DistributedObjectServer - completed lifecycle CREATE_ENTITY on EntityID{className='org.ehcache.clustered.client.internal.lock.VoltronReadWriteLockClient', entityName='VoltronReadWriteLock-ClusterTierManagerClientEntityFactory-AccessLock-limber'}:FetchID=[19]
2021-01-12 17:23:53,145 [WorkerThread(request_processor_stage, 3, 3)] INFO com.tc.objectserver.entity.ManagedEntityImpl - Client:ClientID[15]:ClientInstanceID(3) Invoking lifecycle FETCH_ENTITY on EntityID{className='org.ehcache.clustered.client.internal.lock.VoltronReadWriteLockClient', entityName='VoltronReadWriteLock-ClusterTierManagerClientEntityFactory-AccessLock-limber'}:FetchID=[19]
2021-01-12 17:23:53,145 [WorkerThread(request_processor_stage, 3, 3)] INFO com.tc.objectserver.impl.DistributedObjectServer - completed lifecycle FETCH_ENTITY on EntityID{className='org.ehcache.clustered.client.internal.lock.VoltronReadWriteLockClient', entityName='VoltronReadWriteLock-ClusterTierManagerClientEntityFactory-AccessLock-limber'}:FetchID=[19]
2021-01-12 17:23:53,169 [WorkerThread(request_processor_stage, 3, 3)] INFO com.tc.objectserver.entity.ManagedEntityImpl - Client:ClientID[15]:ClientInstanceID(4) Invoking lifecycle FETCH_ENTITY on EntityID{className='org.ehcache.clustered.client.internal.ClusterTierManagerClientEntity', entityName='limber'}:FetchID=[3]
2021-01-12 17:23:53,170 [WorkerThread(request_processor_stage, 3, 3)] INFO org.ehcache.clustered.server.ClusterTierManagerActiveEntity - Connecting ClientDescriptorImpl{nodeID=ClientID[15], entityDescriptor=ClientInstanceID(4)}
2021-01-12 17:23:53,170 [WorkerThread(request_processor_stage, 3, 3)] INFO com.tc.objectserver.impl.DistributedObjectServer - completed lifecycle FETCH_ENTITY on EntityID{className='org.ehcache.clustered.client.internal.ClusterTierManagerClientEntity', entityName='limber'}:FetchID=[3]
2021-01-12 17:26:00,679 [LeaseMonitorThread] INFO org.terracotta.lease.service.monitor.LeaseState - Closing connection to client: ClientDescriptorImpl{nodeID=ClientID[15], entityDescriptor=ClientInstanceID(1)} due to lease expiry
2021-01-12 17:26:00,681 [LeaseMonitorThread] INFO com.tc.objectserver.handler.ClientChannelLifeCycleHandler - : Received transport disconnect.  Shutting down client ClientID[15]
2021-01-12 17:26:00,683 [WorkerThread(request_processor_stage, 3, 3)] INFO com.tc.objectserver.entity.ManagedEntityImpl - Client:ClientID[15]:ClientInstanceID(0) Invoking lifecycle DISCONNECT_CLIENT on EntityID{className='org.ehcache.clustered.client.internal.ClusterTierManagerClientEntity', entityName='limber'}:FetchID=[3]
2021-01-12 17:26:00,683 [WorkerThread(request_processor_stage, 3, 3)] INFO com.tc.objectserver.entity.ManagedEntityImpl - Client:ClientID[15]:ClientInstanceID(0) Invoking lifecycle DISCONNECT_CLIENT on EntityID{className='org.ehcache.clustered.client.internal.lock.VoltronReadWriteLockClient', entityName='VoltronReadWriteLock-ClusterTierManagerClientEntityFactory-AccessLock-limber'}:FetchID=[19]
2021-01-12 17:26:00,683 [WorkerThread(request_processor_stage, 3, 3)] INFO com.tc.objectserver.entity.ManagedEntityImpl - Client:ClientID[15]:ClientInstanceID(0) Invoking lifecycle DISCONNECT_CLIENT on EntityID{className='org.terracotta.lease.LeaseAcquirer', entityName='SystemLeaseAcquirer'}:FetchID=[1]
2021-01-12 17:26:00,684 [WorkerThread(request_processor_stage, 3, 3)] INFO com.tc.objectserver.entity.ManagedEntityImpl - Client:ClientID[15]:ClientInstanceID(4) Invoking lifecycle RELEASE_ENTITY on EntityID{className='org.ehcache.clustered.client.internal.ClusterTierManagerClientEntity', entityName='limber'}:FetchID=[3]
2021-01-12 17:26:00,684 [WorkerThread(request_processor_stage, 3, 3)] INFO org.ehcache.clustered.server.ClusterTierManagerActiveEntity - Disconnecting ClientDescriptorImpl{nodeID=ClientID[15], entityDescriptor=ClientInstanceID(4)}
2021-01-12 17:26:00,684 [WorkerThread(request_processor_stage, 3, 3)] INFO com.tc.objectserver.impl.DistributedObjectServer - completed lifecycle RELEASE_ENTITY on EntityID{className='org.ehcache.clustered.client.internal.ClusterTierManagerClientEntity', entityName='limber'}:FetchID=[3]
2021-01-12 17:26:00,684 [WorkerThread(request_processor_stage, 3, 3)] INFO com.tc.objectserver.entity.ManagedEntityImpl - Client:ClientID[15]:ClientInstanceID(3) Invoking lifecycle RELEASE_ENTITY on EntityID{className='org.ehcache.clustered.client.internal.lock.VoltronReadWriteLockClient', entityName='VoltronReadWriteLock-ClusterTierManagerClientEntityFactory-AccessLock-limber'}:FetchID=[19]
2021-01-12 17:26:00,685 [WorkerThread(request_processor_stage, 3, 3)] INFO com.tc.objectserver.impl.DistributedObjectServer - completed lifecycle RELEASE_ENTITY on EntityID{className='org.ehcache.clustered.client.internal.lock.VoltronReadWriteLockClient', entityName='VoltronReadWriteLock-ClusterTierManagerClientEntityFactory-AccessLock-limber'}:FetchID=[19]
2021-01-12 17:26:00,686 [WorkerThread(request_processor_stage, 3, 3)] INFO com.tc.objectserver.entity.ManagedEntityImpl - Client:ClientID[15]:ClientInstanceID(1) Invoking lifecycle RELEASE_ENTITY on EntityID{className='org.terracotta.lease.LeaseAcquirer', entityName='SystemLeaseAcquirer'}:FetchID=[1]
2021-01-12 17:26:00,686 [WorkerThread(request_processor_stage, 3, 3)] INFO com.tc.objectserver.impl.DistributedObjectServer - completed lifecycle RELEASE_ENTITY on EntityID{className='org.terracotta.lease.LeaseAcquirer', entityName='SystemLeaseAcquirer'}:FetchID=[1]
